#
# There is insufficient memory for the Java Runtime Environment to continue.
# Native memory allocation (malloc) failed to allocate 2097152 bytes for AllocateHeap
# Possible reasons:
#   The system is out of physical RAM or swap space
#   The process is running with CompressedOops enabled, and the Java Heap may be blocking the growth of the native heap
# Possible solutions:
#   Reduce memory load on the system
#   Increase physical memory or swap space
#   Check if swap backing store is full
#   Decrease Java heap size (-Xmx/-Xms)
#   Decrease number of Java threads
#   Decrease Java thread stack sizes (-Xss)
#   Set larger code cache with -XX:ReservedCodeCacheSize=
#   JVM is running with Zero Based Compressed Oops mode in which the Java heap is
#     placed in the first 32GB address space. The Java Heap base address is the
#     maximum limit for the native heap growth. Please use -XX:HeapBaseMinAddress
#     to set the Java Heap base and to place the Java Heap above 32GB virtual address.
# This output file may be truncated or incomplete.
#
#  Out of Memory Error (allocation.cpp:44), pid=8412, tid=19756
#
# JRE version: OpenJDK Runtime Environment Temurin-17.0.3+7 (17.0.3+7) (build 17.0.3+7)
# Java VM: OpenJDK 64-Bit Server VM Temurin-17.0.3+7 (17.0.3+7, mixed mode, emulated-client, tiered, compressed oops, compressed class ptrs, g1 gc, windows-amd64)
# No core dump will be written. Minidumps are not enabled by default on client versions of Windows
#

---------------  S U M M A R Y ------------

Command Line: -Dsts.lsp.client=vscode -Dsts.log.file=/dev/null -XX:TieredStopAtLevel=1 -Dspring.config.location=file:c:\Users\Dell Vostro 14 3000\.vscode\extensions\pivotal.vscode-spring-boot-1.38.0\language-server\BOOT-INF\classes\application.properties org.springframework.ide.vscode.boot.app.BootLanguageServerBootApp

Host: 11th Gen Intel(R) Core(TM) i5-1135G7 @ 2.40GHz, 8 cores, 15G,  Windows 10 , 64 bit Build 19041 (10.0.19041.1889)
Time: Fri Aug 19 17:19:00 2022 Maroc (heure d64 bit Build 19041 (10.0.19041.1889) elapsed time: 24965.160758 seconds (0d 6h 56m 5s)

---------------  T H R E A D  ---------------

Current thread (0x0000025739c16420):  VMThread "VM Thread" [stack: 0x000000c1c2e00000,0x000000c1c2f00000] [id=19756]

Stack: [0x000000c1c2e00000,0x000000c1c2f00000]
Native frames: (J=compiled Java code, j=interpreted, Vv=VM code, C=native code)
V  [jvm.dll+0x675efa]
V  [jvm.dll+0x830a24]
V  [jvm.dll+0x8321ce]
V  [jvm.dll+0x832833]
V  [jvm.dll+0x2454b5]
V  [jvm.dll+0xa6393]
V  [jvm.dll+0x2f5651]
V  [jvm.dll+0x2f12d0]
V  [jvm.dll+0x2d99b7]
V  [jvm.dll+0x31cac7]
V  [jvm.dll+0x836cdb]
V  [jvm.dll+0x837a14]
V  [jvm.dll+0x837f2c]
V  [jvm.dll+0x838304]
V  [jvm.dll+0x8383d0]
V  [jvm.dll+0x7e0cfa]
V  [jvm.dll+0x674d85]
C  [ucrtbase.dll+0x21bb2]
C  [KERNEL32.DLL+0x17034]
C  [ntdll.dll+0x52651]

VM_Operation (0x000000c1c53fef80): G1CollectFull, mode: safepoint, requested by thread 0x000002573bdcf030


---------------  P R O C E S S  ---------------

Threads class SMR info:
_java_thread_list=0x000002573dce7df0, length=26, elements={
0x0000025739c2e740, 0x0000025739c2f200, 0x0000025739c6d130, 0x0000025739c6ea00,
0x0000025739c6f2c0, 0x0000025739c71b90, 0x0000025739c72500, 0x0000025739c72e00,
0x0000025739e772c0, 0x0000025739e924c0, 0x000002573bdcf030, 0x000002573bdce1c0,
0x000002573bdcc9b0, 0x000002573bdcd820, 0x000002573bdcce80, 0x000002573c1d1c00,
0x000002573c1cf580, 0x000002573c1d08c0, 0x000002573c1d0d90, 0x000002573c1d5f60,
0x000002573c1d4c20, 0x000002573c1d50f0, 0x000002573c1d55c0, 0x000002573c1d20d0,
0x000002573c1d2f40, 0x000002573c1d4280
}

Java Threads: ( => current thread )
  0x0000025739c2e740 JavaThread "Reference Handler" daemon [_thread_blocked, id=9960, stack(0x000000c1c2f00000,0x000000c1c3000000)]
  0x0000025739c2f200 JavaThread "Finalizer" daemon [_thread_blocked, id=1492, stack(0x000000c1c3000000,0x000000c1c3100000)]
  0x0000025739c6d130 JavaThread "Signal Dispatcher" daemon [_thread_blocked, id=17588, stack(0x000000c1c3100000,0x000000c1c3200000)]
  0x0000025739c6ea00 JavaThread "Attach Listener" daemon [_thread_blocked, id=4128, stack(0x000000c1c3200000,0x000000c1c3300000)]
  0x0000025739c6f2c0 JavaThread "Service Thread" daemon [_thread_blocked, id=10264, stack(0x000000c1c3300000,0x000000c1c3400000)]
  0x0000025739c71b90 JavaThread "Monitor Deflation Thread" daemon [_thread_blocked, id=6668, stack(0x000000c1c3400000,0x000000c1c3500000)]
  0x0000025739c72500 JavaThread "C1 CompilerThread0" daemon [_thread_blocked, id=10080, stack(0x000000c1c3500000,0x000000c1c3600000)]
  0x0000025739c72e00 JavaThread "Sweeper thread" daemon [_thread_blocked, id=31616, stack(0x000000c1c3600000,0x000000c1c3700000)]
  0x0000025739e772c0 JavaThread "Notification Thread" daemon [_thread_blocked, id=13048, stack(0x000000c1c3800000,0x000000c1c3900000)]
  0x0000025739e924c0 JavaThread "Common-Cleaner" daemon [_thread_blocked, id=27736, stack(0x000000c1c3a00000,0x000000c1c3b00000)]
  0x000002573bdcf030 JavaThread "pool-7-thread-1" [_thread_blocked, id=32140, stack(0x000000c1c5300000,0x000000c1c5400000)]
  0x000002573bdce1c0 JavaThread "LanguageServerApp-lifecycle" [_thread_blocked, id=11408, stack(0x000000c1c5400000,0x000000c1c5500000)]
  0x000002573bdcc9b0 JavaThread "DestroyJavaVM" [_thread_blocked, id=8684, stack(0x000000c1c2800000,0x000000c1c2900000)]
  0x000002573bdcd820 JavaThread "pool-8-thread-1" [_thread_in_native, id=19368, stack(0x000000c1c5600000,0x000000c1c5700000)]
  0x000002573bdcce80 JavaThread "Simple-Language-Server main thread" daemon [_thread_blocked, id=23884, stack(0x000000c1c5700000,0x000000c1c5800000)]
  0x000002573c1d1c00 JavaThread "parallel-1" daemon [_thread_blocked, id=24332, stack(0x000000c1c5800000,0x000000c1c5900000)]
  0x000002573c1cf580 JavaThread "pool-3-thread-1" [_thread_blocked, id=17080, stack(0x000000c1c5c00000,0x000000c1c5d00000)]
  0x000002573c1d08c0 JavaThread "pool-5-thread-1" [_thread_blocked, id=8, stack(0x000000c1c2600000,0x000000c1c2700000)]
  0x000002573c1d0d90 JavaThread "parallel-2" daemon [_thread_blocked, id=9540, stack(0x000000c1c3c00000,0x000000c1c3d00000)]
  0x000002573c1d5f60 JavaThread "Reconciler-1" daemon [_thread_blocked, id=33656, stack(0x000000c1c4600000,0x000000c1c4700000)]
  0x000002573c1d4c20 JavaThread "parallel-3" daemon [_thread_blocked, id=3740, stack(0x000000c1c4700000,0x000000c1c4800000)]
  0x000002573c1d50f0 JavaThread "parallel-4" daemon [_thread_blocked, id=19160, stack(0x000000c1c4800000,0x000000c1c4900000)]
  0x000002573c1d55c0 JavaThread "parallel-5" daemon [_thread_blocked, id=34996, stack(0x000000c1c4900000,0x000000c1c4a00000)]
  0x000002573c1d20d0 JavaThread "parallel-6" daemon [_thread_blocked, id=10328, stack(0x000000c1c4a00000,0x000000c1c4b00000)]
  0x000002573c1d2f40 JavaThread "parallel-7" daemon [_thread_blocked, id=11284, stack(0x000000c1c3700000,0x000000c1c3800000)]
  0x000002573c1d4280 JavaThread "parallel-8" daemon [_thread_blocked, id=21736, stack(0x000000c1c4c00000,0x000000c1c4d00000)]

Other Threads:
=>0x0000025739c16420 VMThread "VM Thread" [stack: 0x000000c1c2e00000,0x000000c1c2f00000] [id=19756]
  0x0000025739e77790 WatcherThread [stack: 0x000000c1c3900000,0x000000c1c3a00000] [id=25372]
  0x00000257273e6e60 GCTaskThread "GC Thread#0" [stack: 0x000000c1c2900000,0x000000c1c2a00000] [id=26372]
  0x000002573a7dfe40 GCTaskThread "GC Thread#1" [stack: 0x000000c1c3d00000,0x000000c1c3e00000] [id=10256]
  0x000002573a77bcb0 GCTaskThread "GC Thread#2" [stack: 0x000000c1c3e00000,0x000000c1c3f00000] [id=35472]
  0x000002573a7e39c0 GCTaskThread "GC Thread#3" [stack: 0x000000c1c3f00000,0x000000c1c4000000] [id=25152]
  0x000002573a7e3c70 GCTaskThread "GC Thread#4" [stack: 0x000000c1c4000000,0x000000c1c4100000] [id=15848]
  0x000002573a7caf60 GCTaskThread "GC Thread#5" [stack: 0x000000c1c4100000,0x000000c1c4200000] [id=10768]
  0x000002573a5a3100 GCTaskThread "GC Thread#6" [stack: 0x000000c1c4300000,0x000000c1c4400000] [id=7188]
  0x0000025739ce7f50 GCTaskThread "GC Thread#7" [stack: 0x000000c1c4400000,0x000000c1c4500000] [id=17956]
  0x00000257273f8970 ConcurrentGCThread "G1 Main Marker" [stack: 0x000000c1c2a00000,0x000000c1c2b00000] [id=9020]
  0x00000257273f9380 ConcurrentGCThread "G1 Conc#0" [stack: 0x000000c1c2b00000,0x000000c1c2c00000] [id=21360]
  0x000002573a38bf40 ConcurrentGCThread "G1 Conc#1" [stack: 0x000000c1c4500000,0x000000c1c4600000] [id=6960]
  0x00000257390234e0 ConcurrentGCThread "G1 Refine#0" [stack: 0x000000c1c2c00000,0x000000c1c2d00000] [id=28196]
  0x000002573bdd51e0 ConcurrentGCThread "G1 Refine#1" [stack: 0x000000c1c5500000,0x000000c1c5600000] [id=16476]
  0x000002573c151230 ConcurrentGCThread "G1 Refine#2" [stack: 0x000000c1c5a00000,0x000000c1c5b00000] [id=8552]
  0x000002573bba0460 ConcurrentGCThread "G1 Refine#3" [stack: 0x000000c1c5e00000,0x000000c1c5f00000] [id=13236]
  0x000002573b69fc90 ConcurrentGCThread "G1 Refine#4" [stack: 0x000000c1c4200000,0x000000c1c4300000] [id=18964]
  0x0000025739023f00 ConcurrentGCThread "G1 Service" [stack: 0x000000c1c2d00000,0x000000c1c2e00000] [id=9620]

Threads with active compile tasks:

VM state: at safepoint (normal execution)

VM Mutex/Monitor currently owned by a thread:  ([mutex/lock_event])
[0x0000025725208ef0] Threads_lock - owner thread: 0x0000025739c16420
[0x0000025727377da0] Heap_lock - owner thread: 0x000002573bdcf030

Heap address: 0x0000000704400000, size: 4028 MB, Compressed Oops mode: Zero based, Oop shift amount: 3

CDS archive(s) not mapped
Compressed class space mapped at: 0x0000000800000000-0x0000000840000000, reserved size: 1073741824
Narrow klass base: 0x0000000800000000, Narrow klass shift: 0, Narrow klass range: 0x40000000

GC Precious Log:
 CPUs: 8 total, 8 available
 Memory: 16110M
 Large Page Support: Disabled
 NUMA Support: Disabled
 Compressed Oops: Enabled (Zero based)
 Heap Region Size: 2M
 Heap Min Capacity: 8M
 Heap Initial Capacity: 252M
 Heap Max Capacity: 4028M
 Pre-touch: Disabled
 Parallel Workers: 8
 Concurrent Workers: 2
 Concurrent Refinement Workers: 8
 Periodic GC: Disabled

Heap:
 garbage-first heap   total 131072K, used 36050K [0x0000000704400000, 0x0000000800000000)
  region size 2048K, 1 young (2048K), 0 survivors (0K)
 Metaspace       used 51788K, committed 52288K, reserved 1097728K
  class space    used 6840K, committed 7104K, reserved 1048576K

Heap Regions: E=young(eden), S=young(survivor), O=old, HS=humongous(starts), HC=humongous(continues), CS=collection set, F=free, OA=open archive, CA=closed archive, TAMS=top-at-mark-start (previous, next)
|   0|0x0000000704400000, 0x00000007045fffe8, 0x0000000704600000| 99%| O|  |TAMS 0x00000007045fffe8, 0x0000000704400000| Untracked 
|   1|0x0000000704600000, 0x00000007047fed80, 0x0000000704800000| 99%| O|  |TAMS 0x00000007047fed80, 0x0000000704600000| Untracked 
|   2|0x0000000704800000, 0x0000000704a00000, 0x0000000704a00000|100%| O|  |TAMS 0x0000000704a00000, 0x0000000704800000| Untracked 
|   3|0x0000000704a00000, 0x0000000704bffff8, 0x0000000704c00000| 99%| O|  |TAMS 0x0000000704bffff8, 0x0000000704a00000| Untracked 
|   4|0x0000000704c00000, 0x0000000704dfffe0, 0x0000000704e00000| 99%| O|  |TAMS 0x0000000704dfffe0, 0x0000000704c00000| Untracked 
|   5|0x0000000704e00000, 0x0000000705000000, 0x0000000705000000|100%| O|  |TAMS 0x0000000705000000, 0x0000000704e00000| Untracked 
|   6|0x0000000705000000, 0x00000007051ffff8, 0x0000000705200000| 99%| O|  |TAMS 0x00000007051ffff8, 0x0000000705000000| Untracked 
|   7|0x0000000705200000, 0x00000007053e8060, 0x0000000705400000| 95%| O|  |TAMS 0x00000007053e8060, 0x0000000705200000| Untracked 
|   8|0x0000000705400000, 0x00000007055e90a0, 0x0000000705600000| 95%| O|  |TAMS 0x00000007055e90a0, 0x0000000705400000| Untracked 
|   9|0x0000000705600000, 0x00000007057fffe0, 0x0000000705800000| 99%| O|  |TAMS 0x00000007057fffe0, 0x0000000705600000| Untracked 
|  10|0x0000000705800000, 0x00000007059ffff8, 0x0000000705a00000| 99%| O|  |TAMS 0x00000007059ffff8, 0x0000000705800000| Untracked 
|  11|0x0000000705a00000, 0x0000000705b738d8, 0x0000000705c00000| 72%| O|  |TAMS 0x0000000705a00000, 0x0000000705a00000| Untracked 
|  12|0x0000000705c00000, 0x0000000705dbdc38, 0x0000000705e00000| 87%| O|  |TAMS 0x0000000705c00000, 0x0000000705c00000| Untracked 
|  13|0x0000000705e00000, 0x0000000706000000, 0x0000000706000000|100%| O|  |TAMS 0x0000000706000000, 0x0000000705e00000| Untracked 
|  14|0x0000000706000000, 0x00000007061fff88, 0x0000000706200000| 99%| O|  |TAMS 0x00000007061fff88, 0x0000000706000000| Untracked 
|  15|0x0000000706200000, 0x0000000706233680, 0x0000000706400000| 10%| O|  |TAMS 0x0000000706200000, 0x0000000706200000| Untracked 
|  16|0x0000000706400000, 0x0000000706400000, 0x0000000706600000|  0%| F|  |TAMS 0x0000000706400000, 0x0000000706400000| Untracked 
|  17|0x0000000706600000, 0x0000000706600000, 0x0000000706800000|  0%| F|  |TAMS 0x0000000706600000, 0x0000000706600000| Untracked 
|  18|0x0000000706800000, 0x0000000706800000, 0x0000000706a00000|  0%| F|  |TAMS 0x0000000706800000, 0x0000000706800000| Untracked 
|  19|0x0000000706a00000, 0x0000000706a00000, 0x0000000706c00000|  0%| F|  |TAMS 0x0000000706a00000, 0x0000000706a00000| Untracked 
|  20|0x0000000706c00000, 0x0000000706c00000, 0x0000000706e00000|  0%| F|  |TAMS 0x0000000706c00000, 0x0000000706c00000| Untracked 
|  21|0x0000000706e00000, 0x0000000706e00000, 0x0000000707000000|  0%| F|  |TAMS 0x0000000706e00000, 0x0000000706e00000| Untracked 
|  22|0x0000000707000000, 0x0000000707000000, 0x0000000707200000|  0%| F|  |TAMS 0x0000000707000000, 0x0000000707000000| Untracked 
|  23|0x0000000707200000, 0x0000000707200000, 0x0000000707400000|  0%| F|  |TAMS 0x0000000707200000, 0x0000000707200000| Untracked 
|  24|0x0000000707400000, 0x0000000707400000, 0x0000000707600000|  0%| F|  |TAMS 0x0000000707400000, 0x0000000707400000| Untracked 
|  25|0x0000000707600000, 0x0000000707600000, 0x0000000707800000|  0%| F|  |TAMS 0x0000000707600000, 0x0000000707600000| Untracked 
|  26|0x0000000707800000, 0x0000000707800000, 0x0000000707a00000|  0%| F|  |TAMS 0x0000000707800000, 0x0000000707800000| Untracked 
|  27|0x0000000707a00000, 0x0000000707a00000, 0x0000000707c00000|  0%| F|  |TAMS 0x0000000707a00000, 0x0000000707a00000| Untracked 
|  28|0x0000000707c00000, 0x0000000707c00000, 0x0000000707e00000|  0%| F|  |TAMS 0x0000000707c00000, 0x0000000707c00000| Untracked 
|  29|0x0000000707e00000, 0x0000000707e00000, 0x0000000708000000|  0%| F|  |TAMS 0x0000000707e00000, 0x0000000707e00000| Untracked 
|  30|0x0000000708000000, 0x0000000708000000, 0x0000000708200000|  0%| F|  |TAMS 0x0000000708000000, 0x0000000708000000| Untracked 
|  31|0x0000000708200000, 0x0000000708200000, 0x0000000708400000|  0%| F|  |TAMS 0x0000000708200000, 0x0000000708200000| Untracked 
|  32|0x0000000708400000, 0x0000000708400000, 0x0000000708600000|  0%| F|  |TAMS 0x0000000708400000, 0x0000000708400000| Untracked 
|  33|0x0000000708600000, 0x0000000708600000, 0x0000000708800000|  0%| F|  |TAMS 0x0000000708600000, 0x0000000708600000| Untracked 
|  34|0x0000000708800000, 0x0000000708800000, 0x0000000708a00000|  0%| F|  |TAMS 0x0000000708800000, 0x0000000708800000| Untracked 
|  35|0x0000000708a00000, 0x0000000708a00000, 0x0000000708c00000|  0%| F|  |TAMS 0x0000000708a00000, 0x0000000708a00000| Untracked 
|  36|0x0000000708c00000, 0x0000000708c00000, 0x0000000708e00000|  0%| F|  |TAMS 0x0000000708c00000, 0x0000000708c00000| Untracked 
|  37|0x0000000708e00000, 0x0000000708e00000, 0x0000000709000000|  0%| F|  |TAMS 0x0000000708e00000, 0x0000000708e00000| Untracked 
|  38|0x0000000709000000, 0x0000000709000000, 0x0000000709200000|  0%| F|  |TAMS 0x0000000709000000, 0x0000000709000000| Untracked 
|  39|0x0000000709200000, 0x0000000709200000, 0x0000000709400000|  0%| F|  |TAMS 0x0000000709200000, 0x0000000709200000| Untracked 
|  40|0x0000000709400000, 0x0000000709400000, 0x0000000709600000|  0%| F|  |TAMS 0x0000000709400000, 0x0000000709400000| Untracked 
|  41|0x0000000709600000, 0x0000000709600000, 0x0000000709800000|  0%| F|  |TAMS 0x0000000709600000, 0x0000000709600000| Untracked 
|  42|0x0000000709800000, 0x0000000709800000, 0x0000000709a00000|  0%| F|  |TAMS 0x0000000709800000, 0x0000000709800000| Untracked 
|  43|0x0000000709a00000, 0x0000000709a00000, 0x0000000709c00000|  0%| F|  |TAMS 0x0000000709a00000, 0x0000000709a00000| Untracked 
|  44|0x0000000709c00000, 0x0000000709c00000, 0x0000000709e00000|  0%| F|  |TAMS 0x0000000709c00000, 0x0000000709c00000| Untracked 
|  45|0x0000000709e00000, 0x0000000709e00000, 0x000000070a000000|  0%| F|  |TAMS 0x0000000709e00000, 0x0000000709e00000| Untracked 
|  46|0x000000070a000000, 0x000000070a000000, 0x000000070a200000|  0%| F|  |TAMS 0x000000070a000000, 0x000000070a000000| Untracked 
|  47|0x000000070a200000, 0x000000070a200000, 0x000000070a400000|  0%| F|  |TAMS 0x000000070a200000, 0x000000070a200000| Untracked 
|  48|0x000000070a400000, 0x000000070a600000, 0x000000070a600000|100%|HS|  |TAMS 0x000000070a600000, 0x000000070a400000| Untracked 
|  49|0x000000070a600000, 0x000000070a600000, 0x000000070a800000|  0%| F|  |TAMS 0x000000070a600000, 0x000000070a600000| Untracked 
|  50|0x000000070a800000, 0x000000070a800000, 0x000000070aa00000|  0%| F|  |TAMS 0x000000070a800000, 0x000000070a800000| Untracked 
|  51|0x000000070aa00000, 0x000000070aa00000, 0x000000070ac00000|  0%| F|  |TAMS 0x000000070aa00000, 0x000000070aa00000| Untracked 
|  52|0x000000070ac00000, 0x000000070ac00000, 0x000000070ae00000|  0%| F|  |TAMS 0x000000070ac00000, 0x000000070ac00000| Untracked 
|  53|0x000000070ae00000, 0x000000070ae00000, 0x000000070b000000|  0%| F|  |TAMS 0x000000070ae00000, 0x000000070ae00000| Untracked 
|  54|0x000000070b000000, 0x000000070b000000, 0x000000070b200000|  0%| F|  |TAMS 0x000000070b000000, 0x000000070b000000| Untracked 
|  55|0x000000070b200000, 0x000000070b400000, 0x000000070b400000|100%| O|  |TAMS 0x000000070b400000, 0x000000070b200000| Untracked 
|  56|0x000000070b400000, 0x000000070b400000, 0x000000070b600000|  0%| F|  |TAMS 0x000000070b400000, 0x000000070b400000| Untracked 
|  57|0x000000070b600000, 0x000000070b800000, 0x000000070b800000|100%| O|  |TAMS 0x000000070b800000, 0x000000070b600000| Untracked 
|  58|0x000000070b800000, 0x000000070b800000, 0x000000070ba00000|  0%| F|  |TAMS 0x000000070b800000, 0x000000070b800000| Untracked 
|  59|0x000000070ba00000, 0x000000070ba00000, 0x000000070bc00000|  0%| F|  |TAMS 0x000000070ba00000, 0x000000070ba00000| Untracked 
|  60|0x000000070bc00000, 0x000000070bc00000, 0x000000070be00000|  0%| F|  |TAMS 0x000000070bc00000, 0x000000070bc00000| Untracked 
|  61|0x000000070be00000, 0x000000070be00000, 0x000000070c000000|  0%| F|  |TAMS 0x000000070be00000, 0x000000070be00000| Untracked 
|  62|0x000000070c000000, 0x000000070c000000, 0x000000070c200000|  0%| F|  |TAMS 0x000000070c000000, 0x000000070c000000| Untracked 
|  63|0x000000070c200000, 0x000000070c205080, 0x000000070c400000|  0%| E|  |TAMS 0x000000070c200000, 0x000000070c200000| Complete 

Card table byte_map: [0x000002572d8f0000,0x000002572e0d0000] _byte_map_base: 0x000002572a0ce000

Marking Bits (Prev, Next): (CMBitMap*) 0x00000257273e84c0, (CMBitMap*) 0x00000257273e8480
 Prev Bits: [0x00000257327a0000, 0x0000025736690000)
 Next Bits: [0x000002572e8b0000, 0x00000257327a0000)

Polling page: 0x0000025726b50000

Metaspace:

Usage:
  Non-class:     43.89 MB used.
      Class:      6.68 MB used.
       Both:     50.57 MB used.

Virtual space:
  Non-class space:       48.00 MB reserved,      44.12 MB ( 92%) committed,  6 nodes.
      Class space:        1.00 GB reserved,       6.94 MB ( <1%) committed,  1 nodes.
             Both:        1.05 GB reserved,      51.06 MB (  5%) committed. 

Chunk freelists:
   Non-Class:  3.42 MB
       Class:  1.16 MB
        Both:  4.57 MB

MaxMetaspaceSize: unlimited
CompressedClassSpaceSize: 1.00 GB
Initial GC threshold: 21.00 MB
Current GC threshold: 85.12 MB
CDS: off
MetaspaceReclaimPolicy: balanced
 - commit_granule_bytes: 65536.
 - commit_granule_words: 8192.
 - virtual_space_node_default_size: 1048576.
 - enlarge_chunks_in_place: 1.
 - new_chunks_are_fully_committed: 0.
 - uncommit_free_chunks: 1.
 - use_allocation_guard: 0.
 - handle_deallocations: 1.


Internal statistics:

num_allocs_failed_limit: 9.
num_arena_births: 494.
num_arena_deaths: 120.
num_vsnodes_births: 7.
num_vsnodes_deaths: 0.
num_space_committed: 817.
num_space_uncommitted: 0.
num_chunks_returned_to_freelist: 140.
num_chunks_taken_from_freelist: 2132.
num_chunk_merges: 54.
num_chunk_splits: 1510.
num_chunks_enlarged: 1187.
num_purges: 4.
num_inconsistent_stats: 0.

CodeCache: size=49152Kb used=14915Kb max_used=15654Kb free=34236Kb
 bounds [0x000002572a000000, 0x000002572afd0000, 0x000002572d000000]
 total_blobs=8413 nmethods=7813 adapters=525
 compilation: enabled
              stopped_count=0, restarted_count=0
 full_count=0

Compilation events (20 events):
Event: 24156.417 Thread 0x0000025739c72500 7804       1       java.util.concurrent.SynchronousQueue$TransferStack$SNode::isCancelled (14 bytes)
Event: 24156.420 Thread 0x0000025739c72500 nmethod 7804 0x000002572a2e0910 code [0x000002572a2e0aa0, 0x000002572a2e0b78]
Event: 24227.729 Thread 0x0000025739c72500 7805       1       java.lang.invoke.LambdaForm$MH/0x00000008001d1800::linkToTargetMethod (11 bytes)
Event: 24227.729 Thread 0x0000025739c72500 nmethod 7805 0x000002572a2e0510 code [0x000002572a2e06c0, 0x000002572a2e07f8]
Event: 24227.729 Thread 0x0000025739c72500 7806       1       java.lang.invoke.LambdaForm$DMH/0x00000008001d1000::newInvokeSpecial (28 bytes)
Event: 24227.731 Thread 0x0000025739c72500 nmethod 7806 0x000002572a2e0010 code [0x000002572a2e01c0, 0x000002572a2e0388]
Event: 24268.347 Thread 0x0000025739c72500 7807       1       java.util.concurrent.locks.AbstractQueuedSynchronizer::casTail (13 bytes)
Event: 24268.347 Thread 0x0000025739c72500 nmethod 7807 0x000002572a2dfc90 code [0x000002572a2dfe20, 0x000002572a2dff58]
Event: 24268.449 Thread 0x0000025739c72500 7808       1       java.util.concurrent.atomic.AtomicReferenceFieldUpdater$AtomicReferenceFieldUpdaterImpl::compareAndSet (24 bytes)
Event: 24268.450 Thread 0x0000025739c72500 nmethod 7808 0x000002572a2df710 code [0x000002572a2df8c0, 0x000002572a2dfb58]
Event: 24268.450 Thread 0x0000025739c72500 7809       1       reactor.core.publisher.FluxOnAssembly$OnAssemblySubscriber::<init> (20 bytes)
Event: 24268.452 Thread 0x0000025739c72500 nmethod 7809 0x000002572a2df310 code [0x000002572a2df4a0, 0x000002572a2df698]
Event: 24268.453 Thread 0x0000025739c72500 7810       1       reactor.core.publisher.FluxOnAssembly$OnAssemblySubscriber::onSubscribe (35 bytes)
Event: 24268.455 Thread 0x0000025739c72500 nmethod 7810 0x000002572a2dec10 code [0x000002572a2dede0, 0x000002572a2df188]
Event: 24268.455 Thread 0x0000025739c72500 7811       1       reactor.core.publisher.FluxOnAssembly$OnAssemblySubscriber::request (11 bytes)
Event: 24268.455 Thread 0x0000025739c72500 nmethod 7811 0x000002572a2de910 code [0x000002572a2deaa0, 0x000002572a2deb88]
Event: 24297.528 Thread 0x0000025739c72500 7812       1       org.eclipse.lsp4j.TextDocumentItem::getVersion (5 bytes)
Event: 24297.528 Thread 0x0000025739c72500 nmethod 7812 0x000002572a2de610 code [0x000002572a2de7a0, 0x000002572a2de878]
Event: 24489.055 Thread 0x0000025739c72500 7813       1       java.util.concurrent.ThreadPoolExecutor::getThreadFactory (5 bytes)
Event: 24489.058 Thread 0x0000025739c72500 nmethod 7813 0x000002572a2de310 code [0x000002572a2de4a0, 0x000002572a2de578]

GC Heap History (20 events):
Event: 24862.608 GC heap before
{Heap before GC invocations=1517 (full 1484):
 garbage-first heap   total 131072K, used 36050K [0x0000000704400000, 0x0000000800000000)
  region size 2048K, 1 young (2048K), 0 survivors (0K)
 Metaspace       used 51788K, committed 52288K, reserved 1097728K
  class space    used 6840K, committed 7104K, reserved 1048576K
}
Event: 24862.635 GC heap after
{Heap after GC invocations=1518 (full 1485):
 garbage-first heap   total 131072K, used 36050K [0x0000000704400000, 0x0000000800000000)
  region size 2048K, 0 young (0K), 0 survivors (0K)
 Metaspace       used 51788K, committed 52288K, reserved 1097728K
  class space    used 6840K, committed 7104K, reserved 1048576K
}
Event: 24872.837 GC heap before
{Heap before GC invocations=1518 (full 1485):
 garbage-first heap   total 131072K, used 36050K [0x0000000704400000, 0x0000000800000000)
  region size 2048K, 1 young (2048K), 0 survivors (0K)
 Metaspace       used 51788K, committed 52288K, reserved 1097728K
  class space    used 6840K, committed 7104K, reserved 1048576K
}
Event: 24872.863 GC heap after
{Heap after GC invocations=1519 (full 1486):
 garbage-first heap   total 131072K, used 36050K [0x0000000704400000, 0x0000000800000000)
  region size 2048K, 0 young (0K), 0 survivors (0K)
 Metaspace       used 51788K, committed 52288K, reserved 1097728K
  class space    used 6840K, committed 7104K, reserved 1048576K
}
Event: 24883.082 GC heap before
{Heap before GC invocations=1519 (full 1486):
 garbage-first heap   total 131072K, used 36050K [0x0000000704400000, 0x0000000800000000)
  region size 2048K, 1 young (2048K), 0 survivors (0K)
 Metaspace       used 51788K, committed 52288K, reserved 1097728K
  class space    used 6840K, committed 7104K, reserved 1048576K
}
Event: 24883.112 GC heap after
{Heap after GC invocations=1520 (full 1487):
 garbage-first heap   total 131072K, used 36050K [0x0000000704400000, 0x0000000800000000)
  region size 2048K, 0 young (0K), 0 survivors (0K)
 Metaspace       used 51788K, committed 52288K, reserved 1097728K
  class space    used 6840K, committed 7104K, reserved 1048576K
}
Event: 24893.391 GC heap before
{Heap before GC invocations=1520 (full 1487):
 garbage-first heap   total 131072K, used 36050K [0x0000000704400000, 0x0000000800000000)
  region size 2048K, 1 young (2048K), 0 survivors (0K)
 Metaspace       used 51788K, committed 52288K, reserved 1097728K
  class space    used 6840K, committed 7104K, reserved 1048576K
}
Event: 24893.423 GC heap after
{Heap after GC invocations=1521 (full 1488):
 garbage-first heap   total 131072K, used 36050K [0x0000000704400000, 0x0000000800000000)
  region size 2048K, 0 young (0K), 0 survivors (0K)
 Metaspace       used 51788K, committed 52288K, reserved 1097728K
  class space    used 6840K, committed 7104K, reserved 1048576K
}
Event: 24903.595 GC heap before
{Heap before GC invocations=1521 (full 1488):
 garbage-first heap   total 131072K, used 36050K [0x0000000704400000, 0x0000000800000000)
  region size 2048K, 1 young (2048K), 0 survivors (0K)
 Metaspace       used 51788K, committed 52288K, reserved 1097728K
  class space    used 6840K, committed 7104K, reserved 1048576K
}
Event: 24903.621 GC heap after
{Heap after GC invocations=1522 (full 1489):
 garbage-first heap   total 131072K, used 36050K [0x0000000704400000, 0x0000000800000000)
  region size 2048K, 0 young (0K), 0 survivors (0K)
 Metaspace       used 51788K, committed 52288K, reserved 1097728K
  class space    used 6840K, committed 7104K, reserved 1048576K
}
Event: 24913.844 GC heap before
{Heap before GC invocations=1522 (full 1489):
 garbage-first heap   total 131072K, used 36050K [0x0000000704400000, 0x0000000800000000)
  region size 2048K, 1 young (2048K), 0 survivors (0K)
 Metaspace       used 51788K, committed 52288K, reserved 1097728K
  class space    used 6840K, committed 7104K, reserved 1048576K
}
Event: 24913.877 GC heap after
{Heap after GC invocations=1523 (full 1490):
 garbage-first heap   total 131072K, used 36050K [0x0000000704400000, 0x0000000800000000)
  region size 2048K, 0 young (0K), 0 survivors (0K)
 Metaspace       used 51788K, committed 52288K, reserved 1097728K
  class space    used 6840K, committed 7104K, reserved 1048576K
}
Event: 24924.285 GC heap before
{Heap before GC invocations=1523 (full 1490):
 garbage-first heap   total 131072K, used 36050K [0x0000000704400000, 0x0000000800000000)
  region size 2048K, 1 young (2048K), 0 survivors (0K)
 Metaspace       used 51788K, committed 52288K, reserved 1097728K
  class space    used 6840K, committed 7104K, reserved 1048576K
}
Event: 24924.320 GC heap after
{Heap after GC invocations=1524 (full 1491):
 garbage-first heap   total 131072K, used 36050K [0x0000000704400000, 0x0000000800000000)
  region size 2048K, 0 young (0K), 0 survivors (0K)
 Metaspace       used 51788K, committed 52288K, reserved 1097728K
  class space    used 6840K, committed 7104K, reserved 1048576K
}
Event: 24934.524 GC heap before
{Heap before GC invocations=1524 (full 1491):
 garbage-first heap   total 131072K, used 36050K [0x0000000704400000, 0x0000000800000000)
  region size 2048K, 1 young (2048K), 0 survivors (0K)
 Metaspace       used 51788K, committed 52288K, reserved 1097728K
  class space    used 6840K, committed 7104K, reserved 1048576K
}
Event: 24934.553 GC heap after
{Heap after GC invocations=1525 (full 1492):
 garbage-first heap   total 131072K, used 36050K [0x0000000704400000, 0x0000000800000000)
  region size 2048K, 0 young (0K), 0 survivors (0K)
 Metaspace       used 51788K, committed 52288K, reserved 1097728K
  class space    used 6840K, committed 7104K, reserved 1048576K
}
Event: 24944.785 GC heap before
{Heap before GC invocations=1525 (full 1492):
 garbage-first heap   total 131072K, used 36050K [0x0000000704400000, 0x0000000800000000)
  region size 2048K, 1 young (2048K), 0 survivors (0K)
 Metaspace       used 51788K, committed 52288K, reserved 1097728K
  class space    used 6840K, committed 7104K, reserved 1048576K
}
Event: 24944.817 GC heap after
{Heap after GC invocations=1526 (full 1493):
 garbage-first heap   total 131072K, used 36050K [0x0000000704400000, 0x0000000800000000)
  region size 2048K, 0 young (0K), 0 survivors (0K)
 Metaspace       used 51788K, committed 52288K, reserved 1097728K
  class space    used 6840K, committed 7104K, reserved 1048576K
}
Event: 24955.037 GC heap before
{Heap before GC invocations=1526 (full 1493):
 garbage-first heap   total 131072K, used 36050K [0x0000000704400000, 0x0000000800000000)
  region size 2048K, 1 young (2048K), 0 survivors (0K)
 Metaspace       used 51788K, committed 52288K, reserved 1097728K
  class space    used 6840K, committed 7104K, reserved 1048576K
}
Event: 24955.069 GC heap after
{Heap after GC invocations=1527 (full 1494):
 garbage-first heap   total 131072K, used 36050K [0x0000000704400000, 0x0000000800000000)
  region size 2048K, 0 young (0K), 0 survivors (0K)
 Metaspace       used 51788K, committed 52288K, reserved 1097728K
  class space    used 6840K, committed 7104K, reserved 1048576K
}

Deoptimization events (20 events):
Event: 25.665 Thread 0x000002573c1cf580 DEOPT PACKING pc=0x000002572aa7ac74 sp=0x000000c1c5cfd560
Event: 25.665 Thread 0x000002573c1cf580 DEOPT UNPACKING pc=0x000002572a056763 sp=0x000000c1c5cfca58 mode 3
Event: 25.977 Thread 0x000002573c1cf580 DEOPT PACKING pc=0x000002572aa91c20 sp=0x000000c1c5cfd800
Event: 25.977 Thread 0x000002573c1cf580 DEOPT UNPACKING pc=0x000002572a056763 sp=0x000000c1c5cfccb8 mode 3
Event: 25.997 Thread 0x000002573c1cf580 DEOPT PACKING pc=0x000002572aab335b sp=0x000000c1c5cfe220
Event: 25.997 Thread 0x000002573c1cf580 DEOPT UNPACKING pc=0x000002572a056763 sp=0x000000c1c5cfd6b8 mode 3
Event: 26.133 Thread 0x000002573c1cf580 DEOPT PACKING pc=0x000002572aadf586 sp=0x000000c1c5cfe4e0
Event: 26.133 Thread 0x000002573c1cf580 DEOPT UNPACKING pc=0x000002572a056763 sp=0x000000c1c5cfd9d0 mode 3
Event: 29.883 Thread 0x000002573bc3e1b0 DEOPT PACKING pc=0x000002572a530c62 sp=0x000000c1c3cfd4a0
Event: 29.883 Thread 0x000002573bc3e1b0 DEOPT UNPACKING pc=0x000002572a056763 sp=0x000000c1c3cfc9a8 mode 3
Event: 30.602 Thread 0x000002573bc3e1b0 DEOPT PACKING pc=0x000002572ae6bebc sp=0x000000c1c3cfdd10
Event: 30.602 Thread 0x000002573bc3e1b0 DEOPT UNPACKING pc=0x000002572a056763 sp=0x000000c1c3cfd208 mode 0
Event: 30.602 Thread 0x000002573bc3e1b0 DEOPT PACKING pc=0x000002572ae84bb4 sp=0x000000c1c3cfdde0
Event: 30.602 Thread 0x000002573bc3e1b0 DEOPT UNPACKING pc=0x000002572a056763 sp=0x000000c1c3cfd2b8 mode 0
Event: 30.602 Thread 0x000002573bc3e1b0 DEOPT PACKING pc=0x000002572ae271fc sp=0x000000c1c3cfde90
Event: 30.602 Thread 0x000002573bc3e1b0 DEOPT UNPACKING pc=0x000002572a056763 sp=0x000000c1c3cfd410 mode 0
Event: 30.602 Thread 0x000002573bc3e1b0 DEOPT PACKING pc=0x000002572ae5961c sp=0x000000c1c3cfe190
Event: 30.602 Thread 0x000002573bc3e1b0 DEOPT UNPACKING pc=0x000002572a056763 sp=0x000000c1c3cfd620 mode 0
Event: 293.236 Thread 0x000002573bdcd820 DEOPT PACKING pc=0x000002572a689754 sp=0x000000c1c56ff250
Event: 293.236 Thread 0x000002573bdcd820 DEOPT UNPACKING pc=0x000002572a056763 sp=0x000000c1c56fe6d8 mode 0

Classes unloaded (20 events):
Event: 221.573 Thread 0x0000025739c16420 Unloading class 0x0000000800344c00 'java/lang/invoke/LambdaForm$MH+0x0000000800344c00'
Event: 221.573 Thread 0x0000025739c16420 Unloading class 0x0000000800344800 'java/lang/invoke/LambdaForm$MH+0x0000000800344800'
Event: 221.573 Thread 0x0000025739c16420 Unloading class 0x0000000800344400 'java/lang/invoke/LambdaForm$MH+0x0000000800344400'
Event: 221.573 Thread 0x0000025739c16420 Unloading class 0x0000000800344000 'java/lang/invoke/LambdaForm$MH+0x0000000800344000'
Event: 221.573 Thread 0x0000025739c16420 Unloading class 0x000000080033cc00 'java/lang/invoke/LambdaForm$DMH+0x000000080033cc00'
Event: 221.573 Thread 0x0000025739c16420 Unloading class 0x000000080033c400 'java/lang/invoke/LambdaForm$DMH+0x000000080033c400'
Event: 221.573 Thread 0x0000025739c16420 Unloading class 0x00000008001de800 'java/lang/invoke/LambdaForm$MH+0x00000008001de800'
Event: 221.573 Thread 0x0000025739c16420 Unloading class 0x00000008001de400 'java/lang/invoke/LambdaForm$MH+0x00000008001de400'
Event: 221.573 Thread 0x0000025739c16420 Unloading class 0x00000008001de000 'java/lang/invoke/LambdaForm$MH+0x00000008001de000'
Event: 221.573 Thread 0x0000025739c16420 Unloading class 0x00000008001ddc00 'java/lang/invoke/LambdaForm$MH+0x00000008001ddc00'
Event: 221.573 Thread 0x0000025739c16420 Unloading class 0x00000008001dd800 'java/lang/invoke/LambdaForm$MH+0x00000008001dd800'
Event: 221.573 Thread 0x0000025739c16420 Unloading class 0x00000008001dd000 'java/lang/invoke/LambdaForm$MH+0x00000008001dd000'
Event: 221.573 Thread 0x0000025739c16420 Unloading class 0x00000008000ca800 'java/lang/invoke/LambdaForm$MH+0x00000008000ca800'
Event: 221.573 Thread 0x0000025739c16420 Unloading class 0x00000008000ca000 'java/lang/invoke/LambdaForm$MH+0x00000008000ca000'
Event: 221.573 Thread 0x0000025739c16420 Unloading class 0x00000008000c9c00 'java/lang/invoke/LambdaForm$MH+0x00000008000c9c00'
Event: 221.573 Thread 0x0000025739c16420 Unloading class 0x00000008000c9800 'java/lang/invoke/LambdaForm$MH+0x00000008000c9800'
Event: 221.573 Thread 0x0000025739c16420 Unloading class 0x00000008000c9000 'java/lang/invoke/LambdaForm$MH+0x00000008000c9000'
Event: 221.573 Thread 0x0000025739c16420 Unloading class 0x00000008000c8c00 'java/lang/invoke/LambdaForm$MH+0x00000008000c8c00'
Event: 221.573 Thread 0x0000025739c16420 Unloading class 0x00000008000c8800 'java/lang/invoke/LambdaForm$MH+0x00000008000c8800'
Event: 221.573 Thread 0x0000025739c16420 Unloading class 0x00000008000c8000 'java/lang/invoke/LambdaForm$MH+0x00000008000c8000'

Classes redefined (0 events):
No events

Internal exceptions (20 events):
Event: 5529.927 Thread 0x000002573bdcd820 Exception <a 'java/lang/reflect/InvocationTargetException'{0x000000070c1d2640}> (0x000000070c1d2640) 
thrown [e:\jenkins\tmp\workspace\build\src\src\hotspot\share\runtime\reflection.cpp, line 1121]
Event: 5529.934 Thread 0x000002573bdcd820 Exception <a 'java/lang/reflect/InvocationTargetException'{0x000000070c1ef440}> (0x000000070c1ef440) 
thrown [e:\jenkins\tmp\workspace\build\src\src\hotspot\share\runtime\reflection.cpp, line 1121]
Event: 7583.364 Thread 0x000002573bdcd820 Exception <a 'java/lang/reflect/InvocationTargetException'{0x000000070a0fb188}> (0x000000070a0fb188) 
thrown [e:\jenkins\tmp\workspace\build\src\src\hotspot\share\runtime\reflection.cpp, line 1121]
Event: 7651.660 Thread 0x000002573bdcd820 Exception <a 'java/lang/reflect/InvocationTargetException'{0x00000007096af318}> (0x00000007096af318) 
thrown [e:\jenkins\tmp\workspace\build\src\src\hotspot\share\runtime\reflection.cpp, line 1121]
Event: 7651.662 Thread 0x000002573bdcd820 Exception <a 'java/lang/reflect/InvocationTargetException'{0x00000007096c8ab0}> (0x00000007096c8ab0) 
thrown [e:\jenkins\tmp\workspace\build\src\src\hotspot\share\runtime\reflection.cpp, line 1121]
Event: 7824.726 Thread 0x000002573bdcd820 Exception <a 'java/lang/reflect/InvocationTargetException'{0x000000070c12f1b8}> (0x000000070c12f1b8) 
thrown [e:\jenkins\tmp\workspace\build\src\src\hotspot\share\runtime\reflection.cpp, line 1121]
Event: 7978.348 Thread 0x000002573bdcd820 Exception <a 'java/lang/reflect/InvocationTargetException'{0x000000070a1110a8}> (0x000000070a1110a8) 
thrown [e:\jenkins\tmp\workspace\build\src\src\hotspot\share\runtime\reflection.cpp, line 1121]
Event: 8231.301 Thread 0x000002573bdcd820 Exception <a 'java/lang/reflect/InvocationTargetException'{0x000000070c1f26f0}> (0x000000070c1f26f0) 
thrown [e:\jenkins\tmp\workspace\build\src\src\hotspot\share\runtime\reflection.cpp, line 1121]
Event: 8233.505 Thread 0x000002573bdcd820 Exception <a 'java/lang/reflect/InvocationTargetException'{0x000000070be10d48}> (0x000000070be10d48) 
thrown [e:\jenkins\tmp\workspace\build\src\src\hotspot\share\runtime\reflection.cpp, line 1121]
Event: 8384.634 Thread 0x000002573bdcd820 Exception <a 'java/lang/reflect/InvocationTargetException'{0x000000070b93eb48}> (0x000000070b93eb48) 
thrown [e:\jenkins\tmp\workspace\build\src\src\hotspot\share\runtime\reflection.cpp, line 1121]
Event: 8384.635 Thread 0x000002573bdcd820 Exception <a 'java/lang/reflect/InvocationTargetException'{0x000000070b953c38}> (0x000000070b953c38) 
thrown [e:\jenkins\tmp\workspace\build\src\src\hotspot\share\runtime\reflection.cpp, line 1121]
Event: 8415.717 Thread 0x000002573bdcd820 Exception <a 'java/lang/reflect/InvocationTargetException'{0x000000070b1fc750}> (0x000000070b1fc750) 
thrown [e:\jenkins\tmp\workspace\build\src\src\hotspot\share\runtime\reflection.cpp, line 1121]
Event: 8415.717 Thread 0x000002573bdcd820 Exception <a 'java/lang/reflect/InvocationTargetException'{0x000000070ae0f410}> (0x000000070ae0f410) 
thrown [e:\jenkins\tmp\workspace\build\src\src\hotspot\share\runtime\reflection.cpp, line 1121]
Event: 8421.237 Thread 0x000002573bdcd820 Exception <a 'java/lang/reflect/InvocationTargetException'{0x000000070ae54710}> (0x000000070ae54710) 
thrown [e:\jenkins\tmp\workspace\build\src\src\hotspot\share\runtime\reflection.cpp, line 1121]
Event: 8421.237 Thread 0x000002573bdcd820 Exception <a 'java/lang/reflect/InvocationTargetException'{0x000000070ae66538}> (0x000000070ae66538) 
thrown [e:\jenkins\tmp\workspace\build\src\src\hotspot\share\runtime\reflection.cpp, line 1121]
Event: 8473.789 Thread 0x000002573bdcd820 Exception <a 'java/lang/reflect/InvocationTargetException'{0x000000070a780458}> (0x000000070a780458) 
thrown [e:\jenkins\tmp\workspace\build\src\src\hotspot\share\runtime\reflection.cpp, line 1121]
Event: 10836.197 Thread 0x000002573bdcd820 Exception <a 'java/lang/reflect/InvocationTargetException'{0x000000070c22f918}> (0x000000070c22f918) 
thrown [e:\jenkins\tmp\workspace\build\src\src\hotspot\share\runtime\reflection.cpp, line 1121]
Event: 10886.824 Thread 0x000002573bdcd820 Exception <a 'java/lang/reflect/InvocationTargetException'{0x000000070c0b74e8}> (0x000000070c0b74e8) 
thrown [e:\jenkins\tmp\workspace\build\src\src\hotspot\share\runtime\reflection.cpp, line 1121]
Event: 10898.610 Thread 0x000002573bdcd820 Exception <a 'java/lang/reflect/InvocationTargetException'{0x000000070c0f4340}> (0x000000070c0f4340) 
thrown [e:\jenkins\tmp\workspace\build\src\src\hotspot\share\runtime\reflection.cpp, line 1121]
Event: 10961.782 Thread 0x000002573bdcd820 Exception <a 'java/lang/reflect/InvocationTargetException'{0x000000070bfe2750}> (0x000000070bfe2750) 
thrown [e:\jenkins\tmp\workspace\build\src\src\hotspot\share\runtime\reflection.cpp, line 1121]

VM Operations (20 events):
Event: 24862.636 Executing VM operation: G1CollectFull done
Event: 24872.837 Executing VM operation: G1CollectFull
Event: 24872.863 Executing VM operation: G1CollectFull done
Event: 24883.082 Executing VM operation: G1CollectFull
Event: 24883.112 Executing VM operation: G1CollectFull done
Event: 24893.391 Executing VM operation: G1CollectFull
Event: 24893.423 Executing VM operation: G1CollectFull done
Event: 24903.595 Executing VM operation: G1CollectFull
Event: 24903.621 Executing VM operation: G1CollectFull done
Event: 24913.844 Executing VM operation: G1CollectFull
Event: 24913.877 Executing VM operation: G1CollectFull done
Event: 24924.285 Executing VM operation: G1CollectFull
Event: 24924.320 Executing VM operation: G1CollectFull done
Event: 24934.523 Executing VM operation: G1CollectFull
Event: 24934.553 Executing VM operation: G1CollectFull done
Event: 24944.785 Executing VM operation: G1CollectFull
Event: 24944.817 Executing VM operation: G1CollectFull done
Event: 24955.036 Executing VM operation: G1CollectFull
Event: 24955.069 Executing VM operation: G1CollectFull done
Event: 24965.151 Executing VM operation: G1CollectFull

Events (20 events):
Event: 23530.103 Thread 0x000002573c1d5a90 Thread added: 0x000002573c1d5a90
Event: 23590.114 Thread 0x000002573c1d25a0 Thread exited: 0x000002573c1d25a0
Event: 23590.114 Thread 0x000002573c1d38e0 Thread exited: 0x000002573c1d38e0
Event: 23594.802 Thread 0x000002573c1d5a90 Thread exited: 0x000002573c1d5a90
Event: 23707.075 Thread 0x000002573c1d5a90 Thread added: 0x000002573c1d5a90
Event: 23712.157 Thread 0x000002573c1cf0b0 Thread added: 0x000002573c1cf0b0
Event: 23718.046 Thread 0x000002573c1cfa50 Thread added: 0x000002573c1cfa50
Event: 24089.833 Thread 0x000002573c1d5a90 Thread exited: 0x000002573c1d5a90
Event: 24096.413 Thread 0x000002573c1d5a90 Thread added: 0x000002573c1d5a90
Event: 24156.417 Thread 0x000002573c1cfa50 Thread exited: 0x000002573c1cfa50
Event: 24226.235 Thread 0x000002573c1d25a0 Thread added: 0x000002573c1d25a0
Event: 24296.064 Thread 0x000002573c1d5a90 Thread exited: 0x000002573c1d5a90
Event: 24297.528 Thread 0x000002573c1d5a90 Thread added: 0x000002573c1d5a90
Event: 24297.528 Thread 0x000002573c1d38e0 Thread added: 0x000002573c1d38e0
Event: 24357.542 Thread 0x000002573c1d25a0 Thread exited: 0x000002573c1d25a0
Event: 24484.978 Thread 0x000002573c1d38e0 Thread exited: 0x000002573c1d38e0
Event: 24489.055 Thread 0x000002573c1d03f0 Thread added: 0x000002573c1d03f0
Event: 24635.685 Thread 0x000002573c1d5a90 Thread exited: 0x000002573c1d5a90
Event: 24639.006 Thread 0x000002573c1cf0b0 Thread exited: 0x000002573c1cf0b0
Event: 24658.006 Thread 0x000002573c1d03f0 Thread exited: 0x000002573c1d03f0


Dynamic libraries:
0x00007ff65efd0000 - 0x00007ff65efde000 	c:\Users\Dell Vostro 14 3000\.vscode\extensions\redhat.java-1.9.0-win32-x64\jre\17.0.3-win32-x86_64\bin\java.exe
0x00007ffb4dbd0000 - 0x00007ffb4ddc8000 	C:\Windows\SYSTEM32\ntdll.dll
0x00007ffb4d210000 - 0x00007ffb4d2cd000 	C:\Windows\System32\KERNEL32.DLL
0x00007ffb4b590000 - 0x00007ffb4b85e000 	C:\Windows\System32\KERNELBASE.dll
0x00007ffb4b360000 - 0x00007ffb4b460000 	C:\Windows\System32\ucrtbase.dll
0x00007ffb1aad0000 - 0x00007ffb1aae8000 	c:\Users\Dell Vostro 14 3000\.vscode\extensions\redhat.java-1.9.0-win32-x64\jre\17.0.3-win32-x86_64\bin\jli.dll
0x00007ffb4d8b0000 - 0x00007ffb4da50000 	C:\Windows\System32\USER32.dll
0x00007ffb4bbb0000 - 0x00007ffb4bbd2000 	C:\Windows\System32\win32u.dll
0x00007ffb4c910000 - 0x00007ffb4c93a000 	C:\Windows\System32\GDI32.dll
0x00007ffb4b890000 - 0x00007ffb4b99b000 	C:\Windows\System32\gdi32full.dll
0x00007ffb4b460000 - 0x00007ffb4b4fd000 	C:\Windows\System32\msvcp_win.dll
0x00007ffb03950000 - 0x00007ffb03969000 	c:\Users\Dell Vostro 14 3000\.vscode\extensions\redhat.java-1.9.0-win32-x64\jre\17.0.3-win32-x86_64\bin\VCRUNTIME140.dll
0x00007ffb21350000 - 0x00007ffb215ea000 	C:\Windows\WinSxS\amd64_microsoft.windows.common-controls_6595b64144ccf1df_6.0.19041.1110_none_60b5254171f9507e\COMCTL32.dll
0x00007ffb4bd50000 - 0x00007ffb4bdee000 	C:\Windows\System32\msvcrt.dll
0x00007ffb4c300000 - 0x00007ffb4c330000 	C:\Windows\System32\IMM32.DLL
0x00007ffb37f20000 - 0x00007ffb37f2c000 	c:\Users\Dell Vostro 14 3000\.vscode\extensions\redhat.java-1.9.0-win32-x64\jre\17.0.3-win32-x86_64\bin\vcruntime140_1.dll
0x00007ffacf6e0000 - 0x00007ffacf771000 	c:\Users\Dell Vostro 14 3000\.vscode\extensions\redhat.java-1.9.0-win32-x64\jre\17.0.3-win32-x86_64\bin\msvcp140.dll
0x00007ffac14f0000 - 0x00007ffac2138000 	c:\Users\Dell Vostro 14 3000\.vscode\extensions\redhat.java-1.9.0-win32-x64\jre\17.0.3-win32-x86_64\bin\server\jvm.dll
0x00007ffb4d770000 - 0x00007ffb4d81e000 	C:\Windows\System32\ADVAPI32.dll
0x00007ffb4d2d0000 - 0x00007ffb4d36c000 	C:\Windows\System32\sechost.dll
0x00007ffb4d5e0000 - 0x00007ffb4d705000 	C:\Windows\System32\RPCRT4.dll
0x00007ffb4d820000 - 0x00007ffb4d828000 	C:\Windows\System32\PSAPI.DLL
0x00007ffb2c970000 - 0x00007ffb2c979000 	C:\Windows\SYSTEM32\WSOCK32.dll
0x00007ffb4db20000 - 0x00007ffb4db8b000 	C:\Windows\System32\WS2_32.dll
0x00007ffb337c0000 - 0x00007ffb337e7000 	C:\Windows\SYSTEM32\WINMM.dll
0x00007ffb466e0000 - 0x00007ffb466ea000 	C:\Windows\SYSTEM32\VERSION.dll
0x00007ffb49b40000 - 0x00007ffb49b52000 	C:\Windows\SYSTEM32\kernel.appcore.dll
0x00007ffb36bb0000 - 0x00007ffb36bba000 	c:\Users\Dell Vostro 14 3000\.vscode\extensions\redhat.java-1.9.0-win32-x64\jre\17.0.3-win32-x86_64\bin\jimage.dll
0x00007ffb49090000 - 0x00007ffb49274000 	C:\Windows\SYSTEM32\DBGHELP.DLL
0x00007ffb426b0000 - 0x00007ffb426dc000 	C:\Windows\SYSTEM32\dbgcore.DLL
0x00007ffb4b500000 - 0x00007ffb4b582000 	C:\Windows\System32\bcryptPrimitives.dll
0x00007ffb00080000 - 0x00007ffb000a5000 	c:\Users\Dell Vostro 14 3000\.vscode\extensions\redhat.java-1.9.0-win32-x64\jre\17.0.3-win32-x86_64\bin\java.dll
0x00007ffaec730000 - 0x00007ffaec748000 	c:\Users\Dell Vostro 14 3000\.vscode\extensions\redhat.java-1.9.0-win32-x64\jre\17.0.3-win32-x86_64\bin\zip.dll
0x00007ffb4cac0000 - 0x00007ffb4d204000 	C:\Windows\System32\SHELL32.dll
0x00007ffb49280000 - 0x00007ffb49a14000 	C:\Windows\SYSTEM32\windows.storage.dll
0x00007ffb4bfa0000 - 0x00007ffb4c2f4000 	C:\Windows\System32\combase.dll
0x00007ffb4ac00000 - 0x00007ffb4ac30000 	C:\Windows\SYSTEM32\Wldp.dll
0x00007ffb4bca0000 - 0x00007ffb4bd4d000 	C:\Windows\System32\SHCORE.dll
0x00007ffb4ca60000 - 0x00007ffb4cab5000 	C:\Windows\System32\shlwapi.dll
0x00007ffb4b230000 - 0x00007ffb4b24f000 	C:\Windows\SYSTEM32\profapi.dll
0x00007ffaec570000 - 0x00007ffaec589000 	C:\Users\Dell Vostro 14 3000\.vscode\extensions\redhat.java-1.9.0-win32-x64\jre\17.0.3-win32-x86_64\bin\net.dll
0x00007ffb46b80000 - 0x00007ffb46c8a000 	C:\Windows\SYSTEM32\WINHTTP.dll
0x00007ffb4a9e0000 - 0x00007ffb4aa4a000 	C:\Windows\system32\mswsock.dll
0x00007ffaec550000 - 0x00007ffaec565000 	C:\Users\Dell Vostro 14 3000\.vscode\extensions\redhat.java-1.9.0-win32-x64\jre\17.0.3-win32-x86_64\bin\nio.dll
0x00007ffb35cf0000 - 0x00007ffb35d00000 	c:\Users\Dell Vostro 14 3000\.vscode\extensions\redhat.java-1.9.0-win32-x64\jre\17.0.3-win32-x86_64\bin\verify.dll
0x00007ffb37e00000 - 0x00007ffb37e09000 	C:\Users\Dell Vostro 14 3000\.vscode\extensions\redhat.java-1.9.0-win32-x64\jre\17.0.3-win32-x86_64\bin\management.dll
0x00007ffb37df0000 - 0x00007ffb37dfb000 	C:\Users\Dell Vostro 14 3000\.vscode\extensions\redhat.java-1.9.0-win32-x64\jre\17.0.3-win32-x86_64\bin\management_ext.dll
0x00007ffb28860000 - 0x00007ffb28877000 	C:\Windows\system32\napinsp.dll
0x00007ffb28840000 - 0x00007ffb2885b000 	C:\Windows\system32\pnrpnsp.dll
0x00007ffb28820000 - 0x00007ffb28835000 	C:\Windows\system32\wshbth.dll
0x00007ffb46c90000 - 0x00007ffb46cad000 	C:\Windows\system32\NLAapi.dll
0x00007ffb4a690000 - 0x00007ffb4a6cb000 	C:\Windows\SYSTEM32\IPHLPAPI.DLL
0x00007ffb4a6d0000 - 0x00007ffb4a79a000 	C:\Windows\SYSTEM32\DNSAPI.dll
0x00007ffb4d4a0000 - 0x00007ffb4d4a8000 	C:\Windows\System32\NSI.dll
0x00007ffb28800000 - 0x00007ffb28812000 	C:\Windows\System32\winrnr.dll
0x00007ffb45170000 - 0x00007ffb4517a000 	C:\Windows\System32\rasadhlp.dll
0x00007ffb44160000 - 0x00007ffb441e0000 	C:\Windows\System32\fwpuclnt.dll
0x00007ffb4b860000 - 0x00007ffb4b887000 	C:\Windows\System32\bcrypt.dll
0x00007ffb4acb0000 - 0x00007ffb4acc8000 	C:\Windows\SYSTEM32\CRYPTSP.dll
0x00007ffb4a320000 - 0x00007ffb4a354000 	C:\Windows\system32\rsaenh.dll
0x00007ffb4b1b0000 - 0x00007ffb4b1de000 	C:\Windows\SYSTEM32\USERENV.dll
0x00007ffb4ab70000 - 0x00007ffb4ab7c000 	C:\Windows\SYSTEM32\CRYPTBASE.dll
0x00007ffb45ae0000 - 0x00007ffb45af7000 	C:\Windows\SYSTEM32\dhcpcsvc6.DLL
0x00007ffb45ac0000 - 0x00007ffb45add000 	C:\Windows\SYSTEM32\dhcpcsvc.DLL

dbghelp: loaded successfully - version: 4.0.5 - missing functions: none
symbol engine: initialized successfully - sym options: 0x614 - pdb path: .;c:\Users\Dell Vostro 14 3000\.vscode\extensions\redhat.java-1.9.0-win32-x64\jre\17.0.3-win32-x86_64\bin;C:\Windows\SYSTEM32;C:\Windows\WinSxS\amd64_microsoft.windows.common-controls_6595b64144ccf1df_6.0.19041.1110_none_60b5254171f9507e;c:\Users\Dell Vostro 14 3000\.vscode\extensions\redhat.java-1.9.0-win32-x64\jre\17.0.3-win32-x86_64\bin\server

VM Arguments:
jvm_args: -Dsts.lsp.client=vscode -Dsts.log.file=/dev/null -XX:TieredStopAtLevel=1 -Dspring.config.location=file:c:\Users\Dell Vostro 14 3000\.vscode\extensions\pivotal.vscode-spring-boot-1.38.0\language-server\BOOT-INF\classes\application.properties 
java_command: org.springframework.ide.vscode.boot.app.BootLanguageServerBootApp
java_class_path (initial): c:\Users\Dell Vostro 14 3000\.vscode\extensions\pivotal.vscode-spring-boot-1.38.0\language-server\BOOT-INF\classes;c:\Users\Dell Vostro 14 3000\.vscode\extensions\pivotal.vscode-spring-boot-1.38.0\language-server\BOOT-INF\lib\annotations-23.0.0.jar;c:\Users\Dell Vostro 14 3000\.vscode\extensions\pivotal.vscode-spring-boot-1.38.0\language-server\BOOT-INF\lib\antlr-runtime-3.5.2.jar;c:\Users\Dell Vostro 14 3000\.vscode\extensions\pivotal.vscode-spring-boot-1.38.0\language-server\BOOT-INF\lib\antlr4-4.9.3.jar;c:\Users\Dell Vostro 14 3000\.vscode\extensions\pivotal.vscode-spring-boot-1.38.0\language-server\BOOT-INF\lib\antlr4-runtime-4.9.3.jar;c:\Users\Dell Vostro 14 3000\.vscode\extensions\pivotal.vscode-spring-boot-1.38.0\language-server\BOOT-INF\lib\asm-9.3.jar;c:\Users\Dell Vostro 14 3000\.vscode\extensions\pivotal.vscode-spring-boot-1.38.0\language-server\BOOT-INF\lib\asm-analysis-9.3.jar;c:\Users\Dell Vostro 14 3000\.vscode\extensions\pivotal.vscode-spring-boot-1.38.0\language-server\BOOT-INF\lib\asm-tree-9.3.jar;c:\Users\Dell Vostro 14 3000\.vscode\extensions\pivotal.vscode-spring-boot-1.38.0\language-server\BOOT-INF\lib\asm-util-9.3.jar;c:\Users\Dell Vostro 14 3000\.vscode\extensions\pivotal.vscode-spring-boot-1.38.0\language-server\BOOT-INF\lib\byte-buddy-1.10.18.jar;c:\Users\Dell Vostro 14 3000\.vscode\extensions\pivotal.vscode-spring-boot-1.38.0\language-server\BOOT-INF\lib\caffeine-2.8.6.jar;c:\Users\Dell Vostro 14 3000\.vscode\extensions\pivotal.vscode-spring-boot-1.38.0\language-server\BOOT-INF\lib\checker-qual-3.12.0.jar;c:\Users\Dell Vostro 14 3000\.vscode\extensions\pivotal.vscode-spring-boot-1.38.0\language-server\BOOT-INF\lib\classgraph-4.8.149.jar;c:\Users\Dell Vostro 14 3000\.vscode\extensions\pivotal.vscode-spring-boot-1.38.0\language-server\BOOT-INF\lib\commons-codec-1.14.jar;c:\Users\Dell Vostro 14 3000\.vscode\extensions\pivotal.vscode-spring-boot-1.38.0\language-server\BOOT-INF\lib\commons-compress-1.21.jar;c:\Users
Launcher Type: SUN_STANDARD

[Global flags]
     intx CICompilerCount                          = 4                                         {product} {ergonomic}
     uint ConcGCThreads                            = 2                                         {product} {ergonomic}
     uint G1ConcRefinementThreads                  = 8                                         {product} {ergonomic}
   size_t G1HeapRegionSize                         = 2097152                                   {product} {ergonomic}
    uintx GCDrainStackTargetSize                   = 64                                        {product} {ergonomic}
   size_t InitialHeapSize                          = 264241152                                 {product} {ergonomic}
   size_t MarkStackSize                            = 4194304                                   {product} {ergonomic}
   size_t MaxHeapSize                              = 4223664128                                {product} {ergonomic}
   size_t MaxNewSize                               = 2533359616                                {product} {ergonomic}
   size_t MinHeapDeltaBytes                        = 2097152                                   {product} {ergonomic}
   size_t MinHeapSize                              = 8388608                                   {product} {ergonomic}
    uintx NonProfiledCodeHeapSize                  = 0                                      {pd product} {ergonomic}
     bool ProfileInterpreter                       = false                                  {pd product} {command line}
    uintx ProfiledCodeHeapSize                     = 0                                      {pd product} {ergonomic}
   size_t SoftMaxHeapSize                          = 4223664128                             {manageable} {ergonomic}
     intx TieredStopAtLevel                        = 1                                         {product} {command line}
     bool UseCompressedClassPointers               = true                           {product lp64_product} {ergonomic}
     bool UseCompressedOops                        = true                           {product lp64_product} {ergonomic}
     bool UseG1GC                                  = true                                      {product} {ergonomic}
     bool UseLargePagesIndividualAllocation        = false                                  {pd product} {ergonomic}

Logging:
Log output configuration:
 #0: stdout all=warning uptime,level,tags
 #1: stderr all=off uptime,level,tags

Environment Variables:
JAVA_HOME=C:\Program Files (x86)\Java\jdk1.8.0_301
PATH=C:\Oracl19c\WINDOWS.X64_193000_db_home\bin;C:\oracle19c\WINDOWS.X64_193000_db_home\bin;C:\orrc\WINDOWS.X64_193000_db_home\bin;C:\OC\Oracle\bin;C:\Dell\Oracle\Oraclee\bin;C:\Program Files (x86)\Common Files\Oracle\Java\javapath;C:\Program Files\Microsoft MPI\Bin\;C:\Windows\system32;C:\Windows;C:\Windows\System32\Wbem;C:\Windows\System32\WindowsPowerShell\v1.0\;C:\Windows\System32\OpenSSH\;C:\Program Files (x86)\Microsoft SQL Server\150\Tools\Binn\;C:\Program Files\Microsoft SQL Server\150\Tools\Binn\;C:\Program Files (x86)\Microsoft SQL Server\150\DTS\Binn\;C:\Program Files\Microsoft SQL Server\150\DTS\Binn\;C:\Program Files\Microsoft SQL Server\Client SDK\ODBC\170\Tools\Binn\;C:\Program Files\Azure Data Studio\bin;C:\Program Files\Git\cmd;C:\Program Files (x86)\Java\jdk1.8.0_301\bin;C:\Program Files (x86)\apache-maven-3.8.4\bin;C:\Program Files\dotnet\;C:\Program Files\nodejs\;C:\xampp\xxamp\php;;C:\Program Files\Docker\Docker\resources\bin;C:\ProgramData\DockerDesktop\version-bin;C:\Program Files\MySQL\MySQL Shell 8.0\bin\;C:\Users\Dell Vostro 14 3000\AppData\Local\Microsoft\WindowsApps;C:\Program Files\Azure Data Studio\bin;C:\Users\Dell Vostro 14 3000\AppData\Local\Programs\Microsoft VS Code\bin;C:\src\flutter\flutter\bin;C:\Program Files\MongoDB\Server\5.0\bin;C:\Program Files\MongoDB\Server\5.0\bin;C:\win_flex_bison-latest;C:\Users\Dell Vostro 14 3000\anaconda3\condabin;C:\Users\Dell Vostro 14 3000\AppData\Roaming\npm;C:\Program Files\PostgreSQL\14\bin;C:\Program Files\PostgreSQL\11\lib;C:\Program Files\PostgreSQL\11\bin;C:\Program Files\MongoDB\Server\5.0\bin;
USERNAME=Dell Vostro 14 3000
OS=Windows_NT
PROCESSOR_IDENTIFIER=Intel64 Family 6 Model 140 Stepping 1, GenuineIntel



---------------  S Y S T E M  ---------------

OS:
 Windows 10 , 64 bit Build 19041 (10.0.19041.1889)
OS uptime: 8 days 2:41 hours
Hyper-V role detected

CPU: total 8 (initial active 8) (4 cores per cpu, 2 threads per core) family 6 model 140 stepping 1 microcode 0xa4, cx8, cmov, fxsr, ht, mmx, 3dnowpref, sse, sse2, sse3, ssse3, sse4.1, sse4.2, popcnt, lzcnt, tsc, tscinvbit, avx, avx2, aes, erms, clmul, bmi1, bmi2, adx, avx512f, avx512dq, avx512cd, avx512bw, avx512vl, sha, fma, vzeroupper, avx512_vpopcntdq, avx512_vpclmulqdq, avx512_vaes, avx512_vnni, clflush, clflushopt, clwb, avx512_vbmi2, avx512_vbmi, hv

Memory: 4k page, system-wide physical 16110M (388M free)
TotalPageFile size 41519M (AvailPageFile size 92M)
current process WorkingSet (physical memory assigned to process): 158M, peak: 750M
current process commit charge ("private bytes"): 292M, peak: 772M

vm_info: OpenJDK 64-Bit Server VM (17.0.3+7) for windows-amd64 JRE (17.0.3+7), built on Apr 19 2022 16:55:35 by "" with MS VC++ 16.7 (VS2019)

END.
