#
# There is insufficient memory for the Java Runtime Environment to continue.
# Native memory allocation (malloc) failed to allocate 460816 bytes for Chunk::new
# Possible reasons:
#   The system is out of physical RAM or swap space
#   The process is running with CompressedOops enabled, and the Java Heap may be blocking the growth of the native heap
# Possible solutions:
#   Reduce memory load on the system
#   Increase physical memory or swap space
#   Check if swap backing store is full
#   Decrease Java heap size (-Xmx/-Xms)
#   Decrease number of Java threads
#   Decrease Java thread stack sizes (-Xss)
#   Set larger code cache with -XX:ReservedCodeCacheSize=
#   JVM is running with Zero Based Compressed Oops mode in which the Java heap is
#     placed in the first 32GB address space. The Java Heap base address is the
#     maximum limit for the native heap growth. Please use -XX:HeapBaseMinAddress
#     to set the Java Heap base and to place the Java Heap above 32GB virtual address.
# This output file may be truncated or incomplete.
#
#  Out of Memory Error (arena.cpp:189), pid=11172, tid=18412
#
# JRE version: OpenJDK Runtime Environment Temurin-17.0.3+7 (17.0.3+7) (build 17.0.3+7)
# Java VM: OpenJDK 64-Bit Server VM Temurin-17.0.3+7 (17.0.3+7, mixed mode, tiered, compressed oops, compressed class ptrs, g1 gc, windows-amd64)
# No core dump will be written. Minidumps are not enabled by default on client versions of Windows
#

---------------  S U M M A R Y ------------

Command Line: -XX:+ShowCodeDetailsInExceptionMessages com.finalapp.finalapp.FinalappApplication

Host: 11th Gen Intel(R) Core(TM) i5-1135G7 @ 2.40GHz, 8 cores, 15G,  Windows 10 , 64 bit Build 19041 (10.0.19041.1889)
Time: Sat Aug 20 16:15:38 2022 Maroc (heure d64 bit Build 19041 (10.0.19041.1889) elapsed time: 202.430818 seconds (0d 0h 3m 22s)

---------------  T H R E A D  ---------------

Current thread (0x0000020affcb01d0):  JavaThread "C2 CompilerThread0" daemon [_thread_in_native, id=18412, stack(0x000000acd9400000,0x000000acd9500000)]


Current CompileTask:
C2: 202430 12186       4       org.springframework.web.servlet.handler.AbstractHandlerMapping::getHandler (247 bytes)

Stack: [0x000000acd9400000,0x000000acd9500000]
Native frames: (J=compiled Java code, j=interpreted, Vv=VM code, C=native code)
V  [jvm.dll+0x675efa]
V  [jvm.dll+0x830a24]
V  [jvm.dll+0x8321ce]
V  [jvm.dll+0x832833]
V  [jvm.dll+0x2454b5]
V  [jvm.dll+0xabd7b]
V  [jvm.dll+0xac30c]
V  [jvm.dll+0x2ac5bf]
V  [jvm.dll+0x57cd09]
V  [jvm.dll+0x22056d]
V  [jvm.dll+0x219e62]
V  [jvm.dll+0x21767b]
V  [jvm.dll+0x1a3ccd]
V  [jvm.dll+0x227178]
V  [jvm.dll+0x2252bc]
V  [jvm.dll+0x7e673b]
V  [jvm.dll+0x7e0cfa]
V  [jvm.dll+0x674d85]
C  [ucrtbase.dll+0x21bb2]
C  [KERNEL32.DLL+0x17034]
C  [ntdll.dll+0x52651]


---------------  P R O C E S S  ---------------

Threads class SMR info:
_java_thread_list=0x0000020a99c02960, length=29, elements={
0x0000020affc70380, 0x0000020affc70c40, 0x0000020affca76d0, 0x0000020affca7f90,
0x0000020affcaac60, 0x0000020affcab520, 0x0000020affcb01d0, 0x0000020affcc18e0,
0x0000020affcc25f0, 0x0000020affe1db60, 0x0000020affe2acc0, 0x0000020a96bac040,
0x0000020a9a305080, 0x0000020a989c4d50, 0x0000020a989c6090, 0x0000020a989c3540,
0x0000020a989c5220, 0x0000020a989c43b0, 0x0000020a989c56f0, 0x0000020a989c6560,
0x0000020a989c5bc0, 0x0000020a989c3a10, 0x0000020a989c3ee0, 0x0000020a989c6a30,
0x0000020a989c3070, 0x0000020a9865e8c0, 0x0000020a986618e0, 0x0000020a9865fc00,
0x0000020a9865ed90
}

Java Threads: ( => current thread )
  0x0000020affc70380 JavaThread "Reference Handler" daemon [_thread_blocked, id=1540, stack(0x000000acd8e00000,0x000000acd8f00000)]
  0x0000020affc70c40 JavaThread "Finalizer" daemon [_thread_blocked, id=9608, stack(0x000000acd8f00000,0x000000acd9000000)]
  0x0000020affca76d0 JavaThread "Signal Dispatcher" daemon [_thread_blocked, id=3448, stack(0x000000acd9000000,0x000000acd9100000)]
  0x0000020affca7f90 JavaThread "Attach Listener" daemon [_thread_blocked, id=18220, stack(0x000000acd9100000,0x000000acd9200000)]
  0x0000020affcaac60 JavaThread "Service Thread" daemon [_thread_blocked, id=14776, stack(0x000000acd9200000,0x000000acd9300000)]
  0x0000020affcab520 JavaThread "Monitor Deflation Thread" daemon [_thread_blocked, id=18280, stack(0x000000acd9300000,0x000000acd9400000)]
=>0x0000020affcb01d0 JavaThread "C2 CompilerThread0" daemon [_thread_in_native, id=18412, stack(0x000000acd9400000,0x000000acd9500000)]
  0x0000020affcc18e0 JavaThread "C1 CompilerThread0" daemon [_thread_blocked, id=4408, stack(0x000000acd9500000,0x000000acd9600000)]
  0x0000020affcc25f0 JavaThread "Sweeper thread" daemon [_thread_blocked, id=16304, stack(0x000000acd9600000,0x000000acd9700000)]
  0x0000020affe1db60 JavaThread "Notification Thread" daemon [_thread_blocked, id=8036, stack(0x000000acd9700000,0x000000acd9800000)]
  0x0000020affe2acc0 JavaThread "Common-Cleaner" daemon [_thread_blocked, id=13052, stack(0x000000acd9900000,0x000000acd9a00000)]
  0x0000020a96bac040 JavaThread "mysql-cj-abandoned-connection-cleanup" daemon [_thread_blocked, id=14728, stack(0x000000acda500000,0x000000acda600000)]
  0x0000020a9a305080 JavaThread "HikariPool-1 housekeeper" daemon [_thread_blocked, id=788, stack(0x000000acda700000,0x000000acda800000)]
  0x0000020a989c4d50 JavaThread "Catalina-utility-1" [_thread_blocked, id=3620, stack(0x000000acda900000,0x000000acdaa00000)]
  0x0000020a989c6090 JavaThread "Catalina-utility-2" [_thread_blocked, id=1092, stack(0x000000acdaa00000,0x000000acdab00000)]
  0x0000020a989c3540 JavaThread "container-0" [_thread_blocked, id=1952, stack(0x000000acdab00000,0x000000acdac00000)]
  0x0000020a989c5220 JavaThread "http-nio-8080-exec-1" daemon [_thread_blocked, id=16916, stack(0x000000acdac00000,0x000000acdad00000)]
  0x0000020a989c43b0 JavaThread "http-nio-8080-exec-2" daemon [_thread_blocked, id=14360, stack(0x000000acdad00000,0x000000acdae00000)]
  0x0000020a989c56f0 JavaThread "http-nio-8080-exec-3" daemon [_thread_blocked, id=11244, stack(0x000000acdae00000,0x000000acdaf00000)]
  0x0000020a989c6560 JavaThread "http-nio-8080-exec-4" daemon [_thread_blocked, id=764, stack(0x000000acdaf00000,0x000000acdb000000)]
  0x0000020a989c5bc0 JavaThread "http-nio-8080-exec-5" daemon [_thread_blocked, id=3316, stack(0x000000acdb000000,0x000000acdb100000)]
  0x0000020a989c3a10 JavaThread "http-nio-8080-exec-6" daemon [_thread_blocked, id=7652, stack(0x000000acdb100000,0x000000acdb200000)]
  0x0000020a989c3ee0 JavaThread "http-nio-8080-exec-7" daemon [_thread_blocked, id=18836, stack(0x000000acdb200000,0x000000acdb300000)]
  0x0000020a989c6a30 JavaThread "http-nio-8080-exec-8" daemon [_thread_in_native, id=2192, stack(0x000000acdb300000,0x000000acdb400000)]
  0x0000020a989c3070 JavaThread "http-nio-8080-exec-9" daemon [_thread_in_native, id=9684, stack(0x000000acdb400000,0x000000acdb500000)]
  0x0000020a9865e8c0 JavaThread "http-nio-8080-exec-10" daemon [_thread_blocked, id=11236, stack(0x000000acdb500000,0x000000acdb600000)]
  0x0000020a986618e0 JavaThread "http-nio-8080-Poller" daemon [_thread_in_native, id=18808, stack(0x000000acdb600000,0x000000acdb700000)]
  0x0000020a9865fc00 JavaThread "http-nio-8080-Acceptor" daemon [_thread_in_native, id=17756, stack(0x000000acdb700000,0x000000acdb800000)]
  0x0000020a9865ed90 JavaThread "DestroyJavaVM" [_thread_blocked, id=5124, stack(0x000000acd8700000,0x000000acd8800000)]

Other Threads:
  0x0000020affc56230 VMThread "VM Thread" [stack: 0x000000acd8d00000,0x000000acd8e00000] [id=12172]
  0x0000020affe1e030 WatcherThread [stack: 0x000000acd9800000,0x000000acd9900000] [id=18236]
  0x0000020af43a9fd0 GCTaskThread "GC Thread#0" [stack: 0x000000acd8800000,0x000000acd8900000] [id=16668]
  0x0000020a93b4d290 GCTaskThread "GC Thread#1" [stack: 0x000000acd9b00000,0x000000acd9c00000] [id=3308]
  0x0000020a93ae2870 GCTaskThread "GC Thread#2" [stack: 0x000000acd9c00000,0x000000acd9d00000] [id=3144]
  0x0000020a93b4d540 GCTaskThread "GC Thread#3" [stack: 0x000000acd9d00000,0x000000acd9e00000] [id=16300]
  0x0000020a93b52080 GCTaskThread "GC Thread#4" [stack: 0x000000acd9e00000,0x000000acd9f00000] [id=12668]
  0x0000020a93b52b40 GCTaskThread "GC Thread#5" [stack: 0x000000acd9f00000,0x000000acda000000] [id=14660]
  0x0000020a93b98800 GCTaskThread "GC Thread#6" [stack: 0x000000acda000000,0x000000acda100000] [id=13368]
  0x0000020a93e18050 GCTaskThread "GC Thread#7" [stack: 0x000000acda300000,0x000000acda400000] [id=18564]
  0x0000020af43ba8e0 ConcurrentGCThread "G1 Main Marker" [stack: 0x000000acd8900000,0x000000acd8a00000] [id=5208]
  0x0000020af43bb8a0 ConcurrentGCThread "G1 Conc#0" [stack: 0x000000acd8a00000,0x000000acd8b00000] [id=2580]
  0x0000020a93dedb10 ConcurrentGCThread "G1 Conc#1" [stack: 0x000000acda400000,0x000000acda500000] [id=18420]
  0x0000020aff0a6c20 ConcurrentGCThread "G1 Refine#0" [stack: 0x000000acd8b00000,0x000000acd8c00000] [id=1656]
  0x0000020a93b3fc40 ConcurrentGCThread "G1 Refine#1" [stack: 0x000000acda100000,0x000000acda200000] [id=16284]
  0x0000020aff0a7450 ConcurrentGCThread "G1 Service" [stack: 0x000000acd8c00000,0x000000acd8d00000] [id=3596]

Threads with active compile tasks:
C2 CompilerThread0   202453 12186       4       org.springframework.web.servlet.handler.AbstractHandlerMapping::getHandler (247 bytes)

VM state: not at safepoint (normal execution)

VM Mutex/Monitor currently owned by a thread: None

Heap address: 0x0000000704400000, size: 4028 MB, Compressed Oops mode: Zero based, Oop shift amount: 3

CDS archive(s) not mapped
Compressed class space mapped at: 0x0000000800000000-0x0000000840000000, reserved size: 1073741824
Narrow klass base: 0x0000000800000000, Narrow klass shift: 0, Narrow klass range: 0x40000000

GC Precious Log:
 CPUs: 8 total, 8 available
 Memory: 16110M
 Large Page Support: Disabled
 NUMA Support: Disabled
 Compressed Oops: Enabled (Zero based)
 Heap Region Size: 2M
 Heap Min Capacity: 8M
 Heap Initial Capacity: 252M
 Heap Max Capacity: 4028M
 Pre-touch: Disabled
 Parallel Workers: 8
 Concurrent Workers: 2
 Concurrent Refinement Workers: 8
 Periodic GC: Disabled

Heap:
 garbage-first heap   total 69632K, used 48903K [0x0000000704400000, 0x0000000800000000)
  region size 2048K, 11 young (22528K), 1 survivors (2048K)
 Metaspace       used 77747K, committed 78208K, reserved 1122304K
  class space    used 9772K, committed 9984K, reserved 1048576K

Heap Regions: E=young(eden), S=young(survivor), O=old, HS=humongous(starts), HC=humongous(continues), CS=collection set, F=free, OA=open archive, CA=closed archive, TAMS=top-at-mark-start (previous, next)
|   0|0x0000000704400000, 0x0000000704600000, 0x0000000704600000|100%| O|  |TAMS 0x0000000704600000, 0x0000000704400000| Untracked 
|   1|0x0000000704600000, 0x0000000704800000, 0x0000000704800000|100%| O|  |TAMS 0x0000000704800000, 0x0000000704600000| Untracked 
|   2|0x0000000704800000, 0x0000000704a00000, 0x0000000704a00000|100%| O|  |TAMS 0x0000000704a00000, 0x0000000704800000| Untracked 
|   3|0x0000000704a00000, 0x0000000704c00000, 0x0000000704c00000|100%| O|  |TAMS 0x0000000704c00000, 0x0000000704a00000| Untracked 
|   4|0x0000000704c00000, 0x0000000704e00000, 0x0000000704e00000|100%| O|  |TAMS 0x0000000704e00000, 0x0000000704c00000| Untracked 
|   5|0x0000000704e00000, 0x0000000705000000, 0x0000000705000000|100%| O|  |TAMS 0x0000000705000000, 0x0000000704e00000| Untracked 
|   6|0x0000000705000000, 0x0000000705200000, 0x0000000705200000|100%| O|  |TAMS 0x0000000705200000, 0x0000000705000000| Untracked 
|   7|0x0000000705200000, 0x0000000705305200, 0x0000000705400000| 51%| O|  |TAMS 0x0000000705305200, 0x0000000705200000| Untracked 
|   8|0x0000000705400000, 0x0000000705600000, 0x0000000705600000|100%| O|  |TAMS 0x0000000705600000, 0x0000000705400000| Untracked 
|   9|0x0000000705600000, 0x0000000705800000, 0x0000000705800000|100%| O|  |TAMS 0x0000000705800000, 0x0000000705600000| Untracked 
|  10|0x0000000705800000, 0x0000000705a00000, 0x0000000705a00000|100%| O|  |TAMS 0x0000000705a00000, 0x0000000705800000| Untracked 
|  11|0x0000000705a00000, 0x0000000705c00000, 0x0000000705c00000|100%| O|  |TAMS 0x0000000705c00000, 0x0000000705a00000| Untracked 
|  12|0x0000000705c00000, 0x0000000705e00000, 0x0000000705e00000|100%| O|  |TAMS 0x0000000705e00000, 0x0000000705c00000| Untracked 
|  13|0x0000000705e00000, 0x0000000706000000, 0x0000000706000000|100%| O|  |TAMS 0x0000000706000000, 0x0000000705e00000| Untracked 
|  14|0x0000000706000000, 0x0000000706200000, 0x0000000706200000|100%| O|  |TAMS 0x0000000706200000, 0x0000000706000000| Untracked 
|  15|0x0000000706200000, 0x0000000706261a00, 0x0000000706400000| 19%| O|  |TAMS 0x000000070625e800, 0x0000000706200000| Untracked 
|  16|0x0000000706400000, 0x0000000706400000, 0x0000000706600000|  0%| F|  |TAMS 0x0000000706400000, 0x0000000706400000| Untracked 
|  17|0x0000000706600000, 0x0000000706600000, 0x0000000706800000|  0%| F|  |TAMS 0x0000000706600000, 0x0000000706600000| Untracked 
|  18|0x0000000706800000, 0x0000000706800000, 0x0000000706a00000|  0%| F|  |TAMS 0x0000000706800000, 0x0000000706800000| Untracked 
|  19|0x0000000706a00000, 0x0000000706a00000, 0x0000000706c00000|  0%| F|  |TAMS 0x0000000706a00000, 0x0000000706a00000| Untracked 
|  20|0x0000000706c00000, 0x0000000706c00000, 0x0000000706e00000|  0%| F|  |TAMS 0x0000000706c00000, 0x0000000706c00000| Untracked 
|  21|0x0000000706e00000, 0x0000000706e5b0a0, 0x0000000707000000| 17%| S|CS|TAMS 0x0000000706e00000, 0x0000000706e00000| Complete 
|  22|0x0000000707000000, 0x0000000707000000, 0x0000000707200000|  0%| F|  |TAMS 0x0000000707000000, 0x0000000707000000| Untracked 
|  23|0x0000000707200000, 0x0000000707200000, 0x0000000707400000|  0%| F|  |TAMS 0x0000000707200000, 0x0000000707200000| Untracked 
|  24|0x0000000707400000, 0x00000007075f04b0, 0x0000000707600000| 96%| E|  |TAMS 0x0000000707400000, 0x0000000707400000| Complete 
|  25|0x0000000707600000, 0x0000000707800000, 0x0000000707800000|100%| E|CS|TAMS 0x0000000707600000, 0x0000000707600000| Complete 
|  26|0x0000000707800000, 0x0000000707a00000, 0x0000000707a00000|100%| E|CS|TAMS 0x0000000707800000, 0x0000000707800000| Complete 
|  27|0x0000000707a00000, 0x0000000707c00000, 0x0000000707c00000|100%| E|CS|TAMS 0x0000000707a00000, 0x0000000707a00000| Complete 
|  28|0x0000000707c00000, 0x0000000707e00000, 0x0000000707e00000|100%| E|CS|TAMS 0x0000000707c00000, 0x0000000707c00000| Complete 
|  29|0x0000000707e00000, 0x0000000708000000, 0x0000000708000000|100%| E|CS|TAMS 0x0000000707e00000, 0x0000000707e00000| Complete 
|  30|0x0000000708000000, 0x0000000708200000, 0x0000000708200000|100%| E|CS|TAMS 0x0000000708000000, 0x0000000708000000| Complete 
|  31|0x0000000708200000, 0x0000000708400000, 0x0000000708400000|100%| E|CS|TAMS 0x0000000708200000, 0x0000000708200000| Complete 
| 118|0x0000000713000000, 0x0000000713200000, 0x0000000713200000|100%| E|CS|TAMS 0x0000000713000000, 0x0000000713000000| Complete 
| 125|0x0000000713e00000, 0x0000000714000000, 0x0000000714000000|100%| E|CS|TAMS 0x0000000713e00000, 0x0000000713e00000| Complete 

Card table byte_map: [0x0000020af7ad0000,0x0000020af82b0000] _byte_map_base: 0x0000020af42ae000

Marking Bits (Prev, Next): (CMBitMap*) 0x0000020af43aa430, (CMBitMap*) 0x0000020af43aa3f0
 Prev Bits: [0x0000020a8f000000, 0x0000020a92ef0000)
 Next Bits: [0x0000020af8a90000, 0x0000020afc980000)

Polling page: 0x0000020af3b10000

Metaspace:

Usage:
  Non-class:     66.38 MB used.
      Class:      9.54 MB used.
       Both:     75.93 MB used.

Virtual space:
  Non-class space:       72.00 MB reserved,      66.62 MB ( 93%) committed,  9 nodes.
      Class space:        1.00 GB reserved,       9.75 MB ( <1%) committed,  1 nodes.
             Both:        1.07 GB reserved,      76.38 MB (  7%) committed. 

Chunk freelists:
   Non-Class:  992.00 KB
       Class:  2.09 MB
        Both:  3.06 MB

MaxMetaspaceSize: unlimited
CompressedClassSpaceSize: 1.00 GB
Initial GC threshold: 21.00 MB
Current GC threshold: 127.31 MB
CDS: off
MetaspaceReclaimPolicy: balanced
 - commit_granule_bytes: 65536.
 - commit_granule_words: 8192.
 - virtual_space_node_default_size: 1048576.
 - enlarge_chunks_in_place: 1.
 - new_chunks_are_fully_committed: 0.
 - uncommit_free_chunks: 1.
 - use_allocation_guard: 0.
 - handle_deallocations: 1.


Internal statistics:

num_allocs_failed_limit: 9.
num_arena_births: 504.
num_arena_deaths: 0.
num_vsnodes_births: 10.
num_vsnodes_deaths: 0.
num_space_committed: 1222.
num_space_uncommitted: 0.
num_chunks_returned_to_freelist: 9.
num_chunks_taken_from_freelist: 2974.
num_chunk_merges: 6.
num_chunk_splits: 2146.
num_chunks_enlarged: 1713.
num_purges: 0.
num_inconsistent_stats: 0.

CodeHeap 'non-profiled nmethods': size=120000Kb used=9811Kb max_used=9811Kb free=110188Kb
 bounds [0x0000020a87ad0000, 0x0000020a88470000, 0x0000020a8f000000]
CodeHeap 'profiled nmethods': size=120000Kb used=19975Kb max_used=22762Kb free=100024Kb
 bounds [0x0000020a805a0000, 0x0000020a81be0000, 0x0000020a87ad0000]
CodeHeap 'non-nmethods': size=5760Kb used=1362Kb max_used=1431Kb free=4397Kb
 bounds [0x0000020a80000000, 0x0000020a80270000, 0x0000020a805a0000]
 total_blobs=10736 nmethods=10063 adapters=584
 compilation: enabled
              stopped_count=0, restarted_count=0
 full_count=0

Compilation events (20 events):
Event: 202.277 Thread 0x0000020affcb01d0 nmethod 12175 0x0000020a8845a410 code [0x0000020a8845a680, 0x0000020a8845b9c0]
Event: 202.277 Thread 0x0000020affcb01d0 12176       4       org.apache.catalina.connector.Request::getRemoteAddr (40 bytes)
Event: 202.280 Thread 0x0000020affcc18e0 12178   !   3       java.nio.channels.spi.AbstractSelectableChannel::isRegistered (27 bytes)
Event: 202.281 Thread 0x0000020affcc18e0 nmethod 12178 0x0000020a80e82390 code [0x0000020a80e82520, 0x0000020a80e82778]
Event: 202.282 Thread 0x0000020affcb01d0 nmethod 12176 0x0000020a8845c910 code [0x0000020a8845cac0, 0x0000020a8845d068]
Event: 202.282 Thread 0x0000020affcb01d0 12179       4       org.hibernate.engine.internal.StatefulPersistenceContext::addCollection (84 bytes)
Event: 202.304 Thread 0x0000020affcb01d0 nmethod 12179 0x0000020a8845d390 code [0x0000020a8845d5c0, 0x0000020a8845e5b0]
Event: 202.320 Thread 0x0000020affcb01d0 12180   !   4       org.hibernate.internal.SessionImpl::internalLoad (214 bytes)
Event: 202.342 Thread 0x0000020affcb01d0 nmethod 12180 0x0000020a8845ee90 code [0x0000020a8845f0a0, 0x0000020a884604d0]
Event: 202.342 Thread 0x0000020affcb01d0 12181       4       java.lang.Object::toString (36 bytes)
Event: 202.370 Thread 0x0000020affcb01d0 nmethod 12181 0x0000020a88460f90 code [0x0000020a88461180, 0x0000020a884626e8]
Event: 202.370 Thread 0x0000020affcb01d0 12182   !   4       org.hibernate.loader.plan.exec.internal.AbstractLoadPlanBasedLoader::wrapResultSetIfEnabled (111 bytes)
Event: 202.372 Thread 0x0000020affcb01d0 nmethod 12182 0x0000020a88463410 code [0x0000020a884635a0, 0x0000020a88463718]
Event: 202.376 Thread 0x0000020affcb01d0 12183   !   4       jdk.proxy2.$Proxy112::find (44 bytes)
Event: 202.378 Thread 0x0000020affcb01d0 nmethod 12183 0x0000020a88463890 code [0x0000020a88463a40, 0x0000020a88463c98]
Event: 202.379 Thread 0x0000020affcb01d0 12184       4       org.apache.tomcat.util.buf.MessageBytes::startsWithIgnoreCase (125 bytes)
Event: 202.383 Thread 0x0000020affcb01d0 nmethod 12184 0x0000020a88463e10 code [0x0000020a88463fc0, 0x0000020a88464378]
Event: 202.398 Thread 0x0000020affcb01d0 12185       4       org.hibernate.type.descriptor.java.EnumJavaTypeDescriptor::wrap (47 bytes)
Event: 202.402 Thread 0x0000020affcb01d0 nmethod 12185 0x0000020a88464790 code [0x0000020a88464940, 0x0000020a88464bd8]
Event: 202.402 Thread 0x0000020affcb01d0 12186       4       org.springframework.web.servlet.handler.AbstractHandlerMapping::getHandler (247 bytes)

GC Heap History (20 events):
Event: 104.147 GC heap before
{Heap before GC invocations=36 (full 0):
 garbage-first heap   total 69632K, used 56998K [0x0000000704400000, 0x0000000800000000)
  region size 2048K, 14 young (28672K), 1 survivors (2048K)
 Metaspace       used 77740K, committed 78208K, reserved 1122304K
  class space    used 9769K, committed 9984K, reserved 1048576K
}
Event: 104.150 GC heap after
{Heap after GC invocations=37 (full 0):
 garbage-first heap   total 69632K, used 30394K [0x0000000704400000, 0x0000000800000000)
  region size 2048K, 1 young (2048K), 1 survivors (2048K)
 Metaspace       used 77740K, committed 78208K, reserved 1122304K
  class space    used 9769K, committed 9984K, reserved 1048576K
}
Event: 105.615 GC heap before
{Heap before GC invocations=37 (full 0):
 garbage-first heap   total 69632K, used 57018K [0x0000000704400000, 0x0000000800000000)
  region size 2048K, 14 young (28672K), 1 survivors (2048K)
 Metaspace       used 77740K, committed 78208K, reserved 1122304K
  class space    used 9769K, committed 9984K, reserved 1048576K
}
Event: 105.618 GC heap after
{Heap after GC invocations=38 (full 0):
 garbage-first heap   total 69632K, used 30382K [0x0000000704400000, 0x0000000800000000)
  region size 2048K, 1 young (2048K), 1 survivors (2048K)
 Metaspace       used 77740K, committed 78208K, reserved 1122304K
  class space    used 9769K, committed 9984K, reserved 1048576K
}
Event: 106.801 GC heap before
{Heap before GC invocations=38 (full 0):
 garbage-first heap   total 69632K, used 57006K [0x0000000704400000, 0x0000000800000000)
  region size 2048K, 14 young (28672K), 1 survivors (2048K)
 Metaspace       used 77742K, committed 78208K, reserved 1122304K
  class space    used 9770K, committed 9984K, reserved 1048576K
}
Event: 106.803 GC heap after
{Heap after GC invocations=39 (full 0):
 garbage-first heap   total 69632K, used 30442K [0x0000000704400000, 0x0000000800000000)
  region size 2048K, 1 young (2048K), 1 survivors (2048K)
 Metaspace       used 77742K, committed 78208K, reserved 1122304K
  class space    used 9770K, committed 9984K, reserved 1048576K
}
Event: 107.728 GC heap before
{Heap before GC invocations=39 (full 0):
 garbage-first heap   total 69632K, used 55018K [0x0000000704400000, 0x0000000800000000)
  region size 2048K, 13 young (26624K), 1 survivors (2048K)
 Metaspace       used 77742K, committed 78208K, reserved 1122304K
  class space    used 9770K, committed 9984K, reserved 1048576K
}
Event: 107.730 GC heap after
{Heap after GC invocations=40 (full 0):
 garbage-first heap   total 69632K, used 30433K [0x0000000704400000, 0x0000000800000000)
  region size 2048K, 1 young (2048K), 1 survivors (2048K)
 Metaspace       used 77742K, committed 78208K, reserved 1122304K
  class space    used 9770K, committed 9984K, reserved 1048576K
}
Event: 108.637 GC heap before
{Heap before GC invocations=41 (full 0):
 garbage-first heap   total 69632K, used 55009K [0x0000000704400000, 0x0000000800000000)
  region size 2048K, 13 young (26624K), 1 survivors (2048K)
 Metaspace       used 77742K, committed 78208K, reserved 1122304K
  class space    used 9770K, committed 9984K, reserved 1048576K
}
Event: 108.638 GC heap after
{Heap after GC invocations=42 (full 0):
 garbage-first heap   total 69632K, used 30416K [0x0000000704400000, 0x0000000800000000)
  region size 2048K, 1 young (2048K), 1 survivors (2048K)
 Metaspace       used 77742K, committed 78208K, reserved 1122304K
  class space    used 9770K, committed 9984K, reserved 1048576K
}
Event: 109.531 GC heap before
{Heap before GC invocations=42 (full 0):
 garbage-first heap   total 69632K, used 54992K [0x0000000704400000, 0x0000000800000000)
  region size 2048K, 13 young (26624K), 1 survivors (2048K)
 Metaspace       used 77744K, committed 78208K, reserved 1122304K
  class space    used 9771K, committed 9984K, reserved 1048576K
}
Event: 109.532 GC heap after
{Heap after GC invocations=43 (full 0):
 garbage-first heap   total 69632K, used 30404K [0x0000000704400000, 0x0000000800000000)
  region size 2048K, 1 young (2048K), 1 survivors (2048K)
 Metaspace       used 77744K, committed 78208K, reserved 1122304K
  class space    used 9771K, committed 9984K, reserved 1048576K
}
Event: 110.311 GC heap before
{Heap before GC invocations=44 (full 0):
 garbage-first heap   total 69632K, used 54980K [0x0000000704400000, 0x0000000800000000)
  region size 2048K, 13 young (26624K), 1 survivors (2048K)
 Metaspace       used 77745K, committed 78208K, reserved 1122304K
  class space    used 9772K, committed 9984K, reserved 1048576K
}
Event: 110.312 GC heap after
{Heap after GC invocations=45 (full 0):
 garbage-first heap   total 69632K, used 30446K [0x0000000704400000, 0x0000000800000000)
  region size 2048K, 1 young (2048K), 1 survivors (2048K)
 Metaspace       used 77745K, committed 78208K, reserved 1122304K
  class space    used 9772K, committed 9984K, reserved 1048576K
}
Event: 201.369 GC heap before
{Heap before GC invocations=45 (full 0):
 garbage-first heap   total 69632K, used 55022K [0x0000000704400000, 0x0000000800000000)
  region size 2048K, 13 young (26624K), 1 survivors (2048K)
 Metaspace       used 77747K, committed 78208K, reserved 1122304K
  class space    used 9772K, committed 9984K, reserved 1048576K
}
Event: 201.370 GC heap after
{Heap after GC invocations=46 (full 0):
 garbage-first heap   total 69632K, used 30456K [0x0000000704400000, 0x0000000800000000)
  region size 2048K, 1 young (2048K), 1 survivors (2048K)
 Metaspace       used 77747K, committed 78208K, reserved 1122304K
  class space    used 9772K, committed 9984K, reserved 1048576K
}
Event: 201.746 GC heap before
{Heap before GC invocations=47 (full 0):
 garbage-first heap   total 69632K, used 55032K [0x0000000704400000, 0x0000000800000000)
  region size 2048K, 13 young (26624K), 1 survivors (2048K)
 Metaspace       used 77747K, committed 78208K, reserved 1122304K
  class space    used 9772K, committed 9984K, reserved 1048576K
}
Event: 201.747 GC heap after
{Heap after GC invocations=48 (full 0):
 garbage-first heap   total 69632K, used 30460K [0x0000000704400000, 0x0000000800000000)
  region size 2048K, 1 young (2048K), 1 survivors (2048K)
 Metaspace       used 77747K, committed 78208K, reserved 1122304K
  class space    used 9772K, committed 9984K, reserved 1048576K
}
Event: 202.120 GC heap before
{Heap before GC invocations=48 (full 0):
 garbage-first heap   total 69632K, used 55036K [0x0000000704400000, 0x0000000800000000)
  region size 2048K, 13 young (26624K), 1 survivors (2048K)
 Metaspace       used 77747K, committed 78208K, reserved 1122304K
  class space    used 9772K, committed 9984K, reserved 1048576K
}
Event: 202.121 GC heap after
{Heap after GC invocations=49 (full 0):
 garbage-first heap   total 69632K, used 30471K [0x0000000704400000, 0x0000000800000000)
  region size 2048K, 1 young (2048K), 1 survivors (2048K)
 Metaspace       used 77747K, committed 78208K, reserved 1122304K
  class space    used 9772K, committed 9984K, reserved 1048576K
}

Deoptimization events (20 events):
Event: 103.105 Thread 0x0000020a989c56f0 DEOPT PACKING pc=0x0000020a8135b0bb sp=0x000000acdaefea30
Event: 103.105 Thread 0x0000020a989c56f0 DEOPT UNPACKING pc=0x0000020a80056763 sp=0x000000acdaefdee8 mode 0
Event: 104.045 Thread 0x0000020a986618e0 Uncommon trap: trap_request=0xffffffc6 fr.pc=0x0000020a87dfec9c relative=0x00000000000006bc
Event: 104.045 Thread 0x0000020a986618e0 Uncommon trap: reason=bimorphic_or_optimized_type_check action=maybe_recompile pc=0x0000020a87dfec9c method=java.util.HashMap.removeNode(ILjava/lang/Object;Ljava/lang/Object;ZZ)Ljava/util/HashMap$Node; @ 143 c2
Event: 104.045 Thread 0x0000020a986618e0 DEOPT PACKING pc=0x0000020a87dfec9c sp=0x000000acdb6ff100
Event: 104.045 Thread 0x0000020a986618e0 DEOPT UNPACKING pc=0x0000020a80055c23 sp=0x000000acdb6ff028 mode 2
Event: 107.853 Thread 0x0000020a989c5220 DEOPT PACKING pc=0x0000020a805b4fa5 sp=0x000000acdacfe820
Event: 107.853 Thread 0x0000020a989c56f0 DEOPT PACKING pc=0x0000020a805b4fa5 sp=0x000000acdaefea80
Event: 107.853 Thread 0x0000020a989c5220 DEOPT UNPACKING pc=0x0000020a80056763 sp=0x000000acdacfdc98 mode 0
Event: 107.853 Thread 0x0000020a989c56f0 DEOPT UNPACKING pc=0x0000020a80056763 sp=0x000000acdaefdef8 mode 0
Event: 200.991 Thread 0x0000020a989c43b0 Uncommon trap: trap_request=0xffffff45 fr.pc=0x0000020a88031d28 relative=0x0000000000000a28
Event: 200.991 Thread 0x0000020a989c43b0 Uncommon trap: reason=unstable_if action=reinterpret pc=0x0000020a88031d28 method=io.jsonwebtoken.impl.Base64UrlCodec.decode(Ljava/lang/String;)[B @ 24 c2
Event: 200.991 Thread 0x0000020a989c43b0 DEOPT PACKING pc=0x0000020a88031d28 sp=0x000000acdadfc6f0
Event: 200.991 Thread 0x0000020a989c43b0 DEOPT UNPACKING pc=0x0000020a80055c23 sp=0x000000acdadfc6b8 mode 2
Event: 201.033 Thread 0x0000020a989c5bc0 Uncommon trap: trap_request=0xffffff45 fr.pc=0x0000020a8801f3e8 relative=0x0000000000000428
Event: 201.033 Thread 0x0000020a989c5bc0 Uncommon trap: reason=unstable_if action=reinterpret pc=0x0000020a8801f3e8 method=io.jsonwebtoken.impl.Base64UrlCodec.decode(Ljava/lang/String;)[B @ 24 c2
Event: 201.033 Thread 0x0000020a989c5bc0 DEOPT PACKING pc=0x0000020a8801f3e8 sp=0x000000acdb0fc9c0
Event: 201.033 Thread 0x0000020a989c5bc0 DEOPT UNPACKING pc=0x0000020a80055c23 sp=0x000000acdb0fc978 mode 2
Event: 201.579 Thread 0x0000020a989c3070 DEOPT PACKING pc=0x0000020a80671096 sp=0x000000acdb4fcce0
Event: 201.579 Thread 0x0000020a989c3070 DEOPT UNPACKING pc=0x0000020a80056763 sp=0x000000acdb4fc1d8 mode 0

Classes unloaded (0 events):
No events

Classes redefined (0 events):
No events

Internal exceptions (20 events):
Event: 94.701 Thread 0x0000020a989c3ee0 Exception <a 'java/io/IOException'{0x0000000708279860}> (0x0000000708279860) 
thrown [e:\jenkins\tmp\workspace\build\src\src\hotspot\share\prims\jni.cpp, line 516]
Event: 94.707 Thread 0x0000020a989c6a30 Exception <a 'java/net/SocketException'{0x0000000713115fd0}: Connection reset by peer: shutdown> (0x0000000713115fd0) 
thrown [e:\jenkins\tmp\workspace\build\src\src\hotspot\share\prims\jni.cpp, line 535]
Event: 94.712 Thread 0x0000020a989c43b0 Exception <a 'java/net/SocketException'{0x000000071317e588}: Connection reset by peer: shutdown> (0x000000071317e588) 
thrown [e:\jenkins\tmp\workspace\build\src\src\hotspot\share\prims\jni.cpp, line 535]
Event: 94.730 Thread 0x0000020a989c5220 Exception <a 'java/io/IOException'{0x0000000708016c48}> (0x0000000708016c48) 
thrown [e:\jenkins\tmp\workspace\build\src\src\hotspot\share\prims\jni.cpp, line 516]
Event: 94.742 Thread 0x0000020a989c56f0 Exception <a 'java/io/IOException'{0x00000007080b5c48}> (0x00000007080b5c48) 
thrown [e:\jenkins\tmp\workspace\build\src\src\hotspot\share\prims\jni.cpp, line 516]
Event: 94.790 Thread 0x0000020a989c6a30 Exception <a 'java/io/IOException'{0x0000000707c79908}> (0x0000000707c79908) 
thrown [e:\jenkins\tmp\workspace\build\src\src\hotspot\share\prims\jni.cpp, line 516]
Event: 94.803 Thread 0x0000020a989c3070 Exception <a 'java/io/IOException'{0x0000000707d46728}> (0x0000000707d46728) 
thrown [e:\jenkins\tmp\workspace\build\src\src\hotspot\share\prims\jni.cpp, line 516]
Event: 94.812 Thread 0x0000020a989c5220 Exception <a 'java/io/IOException'{0x0000000707de5a88}> (0x0000000707de5a88) 
thrown [e:\jenkins\tmp\workspace\build\src\src\hotspot\share\prims\jni.cpp, line 516]
Event: 110.045 Thread 0x0000020a989c5bc0 Exception <a 'java/io/IOException'{0x0000000707868718}> (0x0000000707868718) 
thrown [e:\jenkins\tmp\workspace\build\src\src\hotspot\share\prims\jni.cpp, line 516]
Event: 110.251 Thread 0x0000020a989c43b0 Exception <a 'java/io/IOException'{0x000000070740b668}> (0x000000070740b668) 
thrown [e:\jenkins\tmp\workspace\build\src\src\hotspot\share\prims\jni.cpp, line 516]
Event: 110.254 Thread 0x0000020a989c5bc0 Exception <a 'java/io/IOException'{0x0000000707462100}> (0x0000000707462100) 
thrown [e:\jenkins\tmp\workspace\build\src\src\hotspot\share\prims\jni.cpp, line 516]
Event: 110.365 Thread 0x0000020a989c5220 Exception <a 'java/io/IOException'{0x00000007130f0630}> (0x00000007130f0630) 
thrown [e:\jenkins\tmp\workspace\build\src\src\hotspot\share\prims\jni.cpp, line 516]
Event: 110.372 Thread 0x0000020a989c43b0 Exception <a 'java/io/IOException'{0x0000000713174dd0}> (0x0000000713174dd0) 
thrown [e:\jenkins\tmp\workspace\build\src\src\hotspot\share\prims\jni.cpp, line 516]
Event: 110.373 Thread 0x0000020a989c3070 Exception <a 'java/io/IOException'{0x000000071317fed8}> (0x000000071317fed8) 
thrown [e:\jenkins\tmp\workspace\build\src\src\hotspot\share\prims\jni.cpp, line 516]
Event: 110.377 Thread 0x0000020a989c5bc0 Exception <a 'java/io/IOException'{0x00000007131ed660}> (0x00000007131ed660) 
thrown [e:\jenkins\tmp\workspace\build\src\src\hotspot\share\prims\jni.cpp, line 516]
Event: 110.379 Thread 0x0000020a989c3ee0 Exception <a 'java/io/IOException'{0x0000000708213938}> (0x0000000708213938) 
thrown [e:\jenkins\tmp\workspace\build\src\src\hotspot\share\prims\jni.cpp, line 516]
Event: 110.387 Thread 0x0000020a989c3a10 Exception <a 'java/io/IOException'{0x000000070828ff68}> (0x000000070828ff68) 
thrown [e:\jenkins\tmp\workspace\build\src\src\hotspot\share\prims\jni.cpp, line 516]
Event: 110.390 Thread 0x0000020a989c56f0 Exception <a 'java/io/IOException'{0x00000007082a8390}> (0x00000007082a8390) 
thrown [e:\jenkins\tmp\workspace\build\src\src\hotspot\share\prims\jni.cpp, line 516]
Event: 110.393 Thread 0x0000020a989c6a30 Exception <a 'java/io/IOException'{0x0000000708308188}> (0x0000000708308188) 
thrown [e:\jenkins\tmp\workspace\build\src\src\hotspot\share\prims\jni.cpp, line 516]
Event: 110.393 Thread 0x0000020a989c5220 Exception <a 'java/io/IOException'{0x00000007082fd718}> (0x00000007082fd718) 
thrown [e:\jenkins\tmp\workspace\build\src\src\hotspot\share\prims\jni.cpp, line 516]

VM Operations (20 events):
Event: 147.640 Executing VM operation: Cleanup
Event: 147.640 Executing VM operation: Cleanup done
Event: 198.066 Executing VM operation: Cleanup
Event: 198.066 Executing VM operation: Cleanup done
Event: 201.045 Executing VM operation: HandshakeAllThreads
Event: 201.045 Executing VM operation: HandshakeAllThreads done
Event: 201.369 Executing VM operation: G1CollectForAllocation
Event: 201.370 Executing VM operation: G1CollectForAllocation done
Event: 201.397 Executing VM operation: G1Concurrent
Event: 201.400 Executing VM operation: G1Concurrent done
Event: 201.413 Executing VM operation: G1Concurrent
Event: 201.413 Executing VM operation: G1Concurrent done
Event: 201.746 Executing VM operation: G1CollectForAllocation
Event: 201.747 Executing VM operation: G1CollectForAllocation done
Event: 202.120 Executing VM operation: G1CollectForAllocation
Event: 202.121 Executing VM operation: G1CollectForAllocation done
Event: 202.148 Executing VM operation: G1Concurrent
Event: 202.152 Executing VM operation: G1Concurrent done
Event: 202.165 Executing VM operation: G1Concurrent
Event: 202.165 Executing VM operation: G1Concurrent done

Events (20 events):
Event: 93.352 Thread 0x0000020affcc25f0 flushing nmethod 0x0000020a8191dd10
Event: 93.352 Thread 0x0000020affcc25f0 flushing nmethod 0x0000020a819c5910
Event: 93.353 Thread 0x0000020affcc25f0 flushing nmethod 0x0000020a81bbf110
Event: 93.353 Thread 0x0000020affcc25f0 flushing nmethod 0x0000020a81bc1f10
Event: 93.353 Thread 0x0000020affcc25f0 flushing nmethod 0x0000020a81bc4910
Event: 93.832 loading class jdk/internal/misc/ScopedMemoryAccess$Scope$Handle
Event: 93.832 loading class jdk/internal/misc/ScopedMemoryAccess$Scope$Handle done
Event: 104.685 Thread 0x0000020a989cdfb0 Thread added: 0x0000020a989cdfb0
Event: 105.168 Thread 0x0000020a989cdfb0 Thread exited: 0x0000020a989cdfb0
Event: 105.892 Thread 0x0000020a989cdfb0 Thread added: 0x0000020a989cdfb0
Event: 106.256 Thread 0x0000020a989cdfb0 Thread exited: 0x0000020a989cdfb0
Event: 109.845 Thread 0x0000020a99fe2d30 Thread added: 0x0000020a99fe2d30
Event: 115.439 Thread 0x0000020a99fe2d30 Thread exited: 0x0000020a99fe2d30
Event: 201.055 Thread 0x0000020affcc25f0 flushing nmethod 0x0000020a810a0210
Event: 201.055 Thread 0x0000020affcc25f0 flushing nmethod 0x0000020a810b5990
Event: 201.055 Thread 0x0000020affcc25f0 flushing nmethod 0x0000020a8113c610
Event: 201.056 Thread 0x0000020affcc25f0 flushing nmethod 0x0000020a813ff690
Event: 201.056 Thread 0x0000020affcc25f0 flushing nmethod 0x0000020a814ea890
Event: 201.056 Thread 0x0000020affcc25f0 flushing nmethod 0x0000020a81518590
Event: 201.058 Thread 0x0000020affcc25f0 flushing nmethod 0x0000020a81979610


Dynamic libraries:
0x00007ff68dff0000 - 0x00007ff68dffe000 	C:\Users\Dell Vostro 14 3000\.vscode\extensions\redhat.java-1.9.0-win32-x64\jre\17.0.3-win32-x86_64\bin\java.exe
0x00007ffb5ddb0000 - 0x00007ffb5dfa8000 	C:\Windows\SYSTEM32\ntdll.dll
0x00007ffb5be10000 - 0x00007ffb5becd000 	C:\Windows\System32\KERNEL32.DLL
0x00007ffb5b4d0000 - 0x00007ffb5b79e000 	C:\Windows\System32\KERNELBASE.dll
0x00007ffb5b8f0000 - 0x00007ffb5b9f0000 	C:\Windows\System32\ucrtbase.dll
0x00007ffb11a20000 - 0x00007ffb11a39000 	C:\Users\Dell Vostro 14 3000\.vscode\extensions\redhat.java-1.9.0-win32-x64\jre\17.0.3-win32-x86_64\bin\VCRUNTIME140.dll
0x00007ffb11a00000 - 0x00007ffb11a18000 	C:\Users\Dell Vostro 14 3000\.vscode\extensions\redhat.java-1.9.0-win32-x64\jre\17.0.3-win32-x86_64\bin\jli.dll
0x00007ffb5c530000 - 0x00007ffb5c6d0000 	C:\Windows\System32\USER32.dll
0x00007ffb5b7a0000 - 0x00007ffb5b7c2000 	C:\Windows\System32\win32u.dll
0x00007ffb44280000 - 0x00007ffb4451a000 	C:\Windows\WinSxS\amd64_microsoft.windows.common-controls_6595b64144ccf1df_6.0.19041.1110_none_60b5254171f9507e\COMCTL32.dll
0x00007ffb5da70000 - 0x00007ffb5da9a000 	C:\Windows\System32\GDI32.dll
0x00007ffb5d9d0000 - 0x00007ffb5da6e000 	C:\Windows\System32\msvcrt.dll
0x00007ffb5bab0000 - 0x00007ffb5bbbb000 	C:\Windows\System32\gdi32full.dll
0x00007ffb5bbc0000 - 0x00007ffb5bc5d000 	C:\Windows\System32\msvcp_win.dll
0x00007ffb5c860000 - 0x00007ffb5c890000 	C:\Windows\System32\IMM32.DLL
0x00007ffb51230000 - 0x00007ffb5123c000 	C:\Users\Dell Vostro 14 3000\.vscode\extensions\redhat.java-1.9.0-win32-x64\jre\17.0.3-win32-x86_64\bin\vcruntime140_1.dll
0x00007ffb11960000 - 0x00007ffb119f1000 	C:\Users\Dell Vostro 14 3000\.vscode\extensions\redhat.java-1.9.0-win32-x64\jre\17.0.3-win32-x86_64\bin\msvcp140.dll
0x00007ffac5400000 - 0x00007ffac6048000 	C:\Users\Dell Vostro 14 3000\.vscode\extensions\redhat.java-1.9.0-win32-x64\jre\17.0.3-win32-x86_64\bin\server\jvm.dll
0x00007ffb5c7b0000 - 0x00007ffb5c85e000 	C:\Windows\System32\ADVAPI32.dll
0x00007ffb5dcd0000 - 0x00007ffb5dd6c000 	C:\Windows\System32\sechost.dll
0x00007ffb5d270000 - 0x00007ffb5d395000 	C:\Windows\System32\RPCRT4.dll
0x00007ffb5d950000 - 0x00007ffb5d958000 	C:\Windows\System32\PSAPI.DLL
0x00007ffb32a20000 - 0x00007ffb32a29000 	C:\Windows\SYSTEM32\WSOCK32.dll
0x00007ffb3eb40000 - 0x00007ffb3eb67000 	C:\Windows\SYSTEM32\WINMM.dll
0x00007ffb52ed0000 - 0x00007ffb52eda000 	C:\Windows\SYSTEM32\VERSION.dll
0x00007ffb5d960000 - 0x00007ffb5d9cb000 	C:\Windows\System32\WS2_32.dll
0x00007ffb59d20000 - 0x00007ffb59d32000 	C:\Windows\SYSTEM32\kernel.appcore.dll
0x00007ffb4e6d0000 - 0x00007ffb4e6da000 	C:\Users\Dell Vostro 14 3000\.vscode\extensions\redhat.java-1.9.0-win32-x64\jre\17.0.3-win32-x86_64\bin\jimage.dll
0x00007ffb59270000 - 0x00007ffb59454000 	C:\Windows\SYSTEM32\DBGHELP.DLL
0x00007ffb3bb40000 - 0x00007ffb3bb6c000 	C:\Windows\SYSTEM32\dbgcore.DLL
0x00007ffb5ba20000 - 0x00007ffb5baa2000 	C:\Windows\System32\bcryptPrimitives.dll
0x00007ffb11930000 - 0x00007ffb11955000 	C:\Users\Dell Vostro 14 3000\.vscode\extensions\redhat.java-1.9.0-win32-x64\jre\17.0.3-win32-x86_64\bin\java.dll
0x00007ffb11910000 - 0x00007ffb11928000 	C:\Users\Dell Vostro 14 3000\.vscode\extensions\redhat.java-1.9.0-win32-x64\jre\17.0.3-win32-x86_64\bin\zip.dll
0x00007ffb5c970000 - 0x00007ffb5d0b4000 	C:\Windows\System32\SHELL32.dll
0x00007ffb59570000 - 0x00007ffb59d04000 	C:\Windows\SYSTEM32\windows.storage.dll
0x00007ffb5d5f0000 - 0x00007ffb5d944000 	C:\Windows\System32\combase.dll
0x00007ffb5ad80000 - 0x00007ffb5adb0000 	C:\Windows\SYSTEM32\Wldp.dll
0x00007ffb5daa0000 - 0x00007ffb5db4d000 	C:\Windows\System32\SHCORE.dll
0x00007ffb5d3a0000 - 0x00007ffb5d3f5000 	C:\Windows\System32\shlwapi.dll
0x00007ffb5b410000 - 0x00007ffb5b42f000 	C:\Windows\SYSTEM32\profapi.dll
0x00007ffb118f0000 - 0x00007ffb11909000 	C:\Users\Dell Vostro 14 3000\.vscode\extensions\redhat.java-1.9.0-win32-x64\jre\17.0.3-win32-x86_64\bin\net.dll
0x00007ffb56500000 - 0x00007ffb5660a000 	C:\Windows\SYSTEM32\WINHTTP.dll
0x00007ffb5ab60000 - 0x00007ffb5abca000 	C:\Windows\system32\mswsock.dll
0x00007ffb118d0000 - 0x00007ffb118e5000 	C:\Users\Dell Vostro 14 3000\.vscode\extensions\redhat.java-1.9.0-win32-x64\jre\17.0.3-win32-x86_64\bin\nio.dll
0x00007ffb403e0000 - 0x00007ffb403f0000 	C:\Users\Dell Vostro 14 3000\.vscode\extensions\redhat.java-1.9.0-win32-x64\jre\17.0.3-win32-x86_64\bin\verify.dll
0x00007ffb56af0000 - 0x00007ffb56af9000 	C:\Users\Dell Vostro 14 3000\.vscode\extensions\redhat.java-1.9.0-win32-x64\jre\17.0.3-win32-x86_64\bin\management.dll
0x00007ffb3e5a0000 - 0x00007ffb3e5ab000 	C:\Users\Dell Vostro 14 3000\.vscode\extensions\redhat.java-1.9.0-win32-x64\jre\17.0.3-win32-x86_64\bin\management_ext.dll
0x00007ffb2e730000 - 0x00007ffb2e747000 	C:\Windows\system32\napinsp.dll
0x00007ffb42bf0000 - 0x00007ffb42c0b000 	C:\Windows\system32\pnrpnsp.dll
0x00007ffb42bd0000 - 0x00007ffb42be5000 	C:\Windows\system32\wshbth.dll
0x00007ffb56a80000 - 0x00007ffb56a9d000 	C:\Windows\system32\NLAapi.dll
0x00007ffb5a870000 - 0x00007ffb5a8ab000 	C:\Windows\SYSTEM32\IPHLPAPI.DLL
0x00007ffb5a8b0000 - 0x00007ffb5a97a000 	C:\Windows\SYSTEM32\DNSAPI.dll
0x00007ffb5db70000 - 0x00007ffb5db78000 	C:\Windows\System32\NSI.dll
0x00007ffb42bb0000 - 0x00007ffb42bc2000 	C:\Windows\System32\winrnr.dll
0x00007ffb52e50000 - 0x00007ffb52e5a000 	C:\Windows\System32\rasadhlp.dll
0x00007ffb50450000 - 0x00007ffb504d0000 	C:\Windows\System32\fwpuclnt.dll
0x00007ffb5b9f0000 - 0x00007ffb5ba17000 	C:\Windows\System32\bcrypt.dll
0x00007ffb5adc0000 - 0x00007ffb5add8000 	C:\Windows\SYSTEM32\CRYPTSP.dll
0x00007ffb5a500000 - 0x00007ffb5a534000 	C:\Windows\system32\rsaenh.dll
0x00007ffb5b390000 - 0x00007ffb5b3be000 	C:\Windows\SYSTEM32\USERENV.dll
0x00007ffb5acf0000 - 0x00007ffb5acfc000 	C:\Windows\SYSTEM32\CRYPTBASE.dll
0x00007ffb54310000 - 0x00007ffb54327000 	C:\Windows\SYSTEM32\dhcpcsvc6.DLL
0x00007ffb54240000 - 0x00007ffb5425d000 	C:\Windows\SYSTEM32\dhcpcsvc.DLL
0x00007ffb35a90000 - 0x00007ffb35a9e000 	C:\Users\Dell Vostro 14 3000\.vscode\extensions\redhat.java-1.9.0-win32-x64\jre\17.0.3-win32-x86_64\bin\sunmscapi.dll
0x00007ffb5bc60000 - 0x00007ffb5bdb6000 	C:\Windows\System32\CRYPT32.dll
0x00007ffb5afa0000 - 0x00007ffb5afc7000 	C:\Windows\SYSTEM32\ncrypt.dll
0x00007ffb5af60000 - 0x00007ffb5af9b000 	C:\Windows\SYSTEM32\NTASN1.dll
0x00007ffaadcd0000 - 0x00007ffaadcd7000 	C:\Windows\system32\wshunix.dll

dbghelp: loaded successfully - version: 4.0.5 - missing functions: none
symbol engine: initialized successfully - sym options: 0x614 - pdb path: .;C:\Users\Dell Vostro 14 3000\.vscode\extensions\redhat.java-1.9.0-win32-x64\jre\17.0.3-win32-x86_64\bin;C:\Windows\SYSTEM32;C:\Windows\WinSxS\amd64_microsoft.windows.common-controls_6595b64144ccf1df_6.0.19041.1110_none_60b5254171f9507e;C:\Users\Dell Vostro 14 3000\.vscode\extensions\redhat.java-1.9.0-win32-x64\jre\17.0.3-win32-x86_64\bin\server

VM Arguments:
jvm_args: -XX:+ShowCodeDetailsInExceptionMessages 
java_command: com.finalapp.finalapp.FinalappApplication
java_class_path (initial): C:\Users\Dell Vostro 14 3000\OneDrive\Bureau\Mine\purchaseappp\finalapp\target\classes;C:\Users\Dell Vostro 14 3000\.m2\repository\org\springframework\boot\spring-boot-starter-validation\2.7.2\spring-boot-starter-validation-2.7.2.jar;C:\Users\Dell Vostro 14 3000\.m2\repository\org\springframework\boot\spring-boot-starter\2.7.2\spring-boot-starter-2.7.2.jar;C:\Users\Dell Vostro 14 3000\.m2\repository\org\springframework\boot\spring-boot\2.7.2\spring-boot-2.7.2.jar;C:\Users\Dell Vostro 14 3000\.m2\repository\org\springframework\boot\spring-boot-autoconfigure\2.7.2\spring-boot-autoconfigure-2.7.2.jar;C:\Users\Dell Vostro 14 3000\.m2\repository\org\springframework\boot\spring-boot-starter-logging\2.7.2\spring-boot-starter-logging-2.7.2.jar;C:\Users\Dell Vostro 14 3000\.m2\repository\ch\qos\logback\logback-classic\1.2.11\logback-classic-1.2.11.jar;C:\Users\Dell Vostro 14 3000\.m2\repository\ch\qos\logback\logback-core\1.2.11\logback-core-1.2.11.jar;C:\Users\Dell Vostro 14 3000\.m2\repository\org\apache\logging\log4j\log4j-to-slf4j\2.17.2\log4j-to-slf4j-2.17.2.jar;C:\Users\Dell Vostro 14 3000\.m2\repository\org\apache\logging\log4j\log4j-api\2.17.2\log4j-api-2.17.2.jar;C:\Users\Dell Vostro 14 3000\.m2\repository\org\slf4j\jul-to-slf4j\1.7.36\jul-to-slf4j-1.7.36.jar;C:\Users\Dell Vostro 14 3000\.m2\repository\jakarta\annotation\jakarta.annotation-api\1.3.5\jakarta.annotation-api-1.3.5.jar;C:\Users\Dell Vostro 14 3000\.m2\repository\org\yaml\snakeyaml\1.30\snakeyaml-1.30.jar;C:\Users\Dell Vostro 14 3000\.m2\repository\org\apache\tomcat\embed\tomcat-embed-el\9.0.65\tomcat-embed-el-9.0.65.jar;C:\Users\Dell Vostro 14 3000\.m2\repository\org\hibernate\validator\hibernate-validator\6.2.3.Final\hibernate-validator-6.2.3.Final.jar;C:\Users\Dell Vostro 14 3000\.m2\repository\jakarta\validation\jakarta.validation-api\2.0.2\jakarta.validation-api-2.0.2.jar;C:\Users\Dell Vostro 14 3000\.m2\repository\org\jboss\logging\jboss-logging\3.4.3.Final\jboss-loggin
Launcher Type: SUN_STANDARD

[Global flags]
     intx CICompilerCount                          = 4                                         {product} {ergonomic}
     uint ConcGCThreads                            = 2                                         {product} {ergonomic}
     uint G1ConcRefinementThreads                  = 8                                         {product} {ergonomic}
   size_t G1HeapRegionSize                         = 2097152                                   {product} {ergonomic}
    uintx GCDrainStackTargetSize                   = 64                                        {product} {ergonomic}
   size_t InitialHeapSize                          = 264241152                                 {product} {ergonomic}
   size_t MarkStackSize                            = 4194304                                   {product} {ergonomic}
   size_t MaxHeapSize                              = 4223664128                                {product} {ergonomic}
   size_t MaxNewSize                               = 2533359616                                {product} {ergonomic}
   size_t MinHeapDeltaBytes                        = 2097152                                   {product} {ergonomic}
   size_t MinHeapSize                              = 8388608                                   {product} {ergonomic}
    uintx NonNMethodCodeHeapSize                   = 5839372                                {pd product} {ergonomic}
    uintx NonProfiledCodeHeapSize                  = 122909434                              {pd product} {ergonomic}
    uintx ProfiledCodeHeapSize                     = 122909434                              {pd product} {ergonomic}
    uintx ReservedCodeCacheSize                    = 251658240                              {pd product} {ergonomic}
     bool SegmentedCodeCache                       = true                                      {product} {ergonomic}
     bool ShowCodeDetailsInExceptionMessages       = true                                   {manageable} {command line}
   size_t SoftMaxHeapSize                          = 4223664128                             {manageable} {ergonomic}
     bool UseCompressedClassPointers               = true                           {product lp64_product} {ergonomic}
     bool UseCompressedOops                        = true                           {product lp64_product} {ergonomic}
     bool UseG1GC                                  = true                                      {product} {ergonomic}
     bool UseLargePagesIndividualAllocation        = false                                  {pd product} {ergonomic}

Logging:
Log output configuration:
 #0: stdout all=warning uptime,level,tags
 #1: stderr all=off uptime,level,tags

Environment Variables:
JAVA_HOME=C:\Program Files (x86)\Java\jdk1.8.0_301
PATH=C:\Oracl19c\WINDOWS.X64_193000_db_home\bin;C:\oracle19c\WINDOWS.X64_193000_db_home\bin;C:\orrc\WINDOWS.X64_193000_db_home\bin;C:\OC\Oracle\bin;C:\Dell\Oracle\Oraclee\bin;C:\Program Files (x86)\Common Files\Oracle\Java\javapath;C:\Program Files\Microsoft MPI\Bin\;C:\Windows\system32;C:\Windows;C:\Windows\System32\Wbem;C:\Windows\System32\WindowsPowerShell\v1.0\;C:\Windows\System32\OpenSSH\;C:\Program Files (x86)\Microsoft SQL Server\150\Tools\Binn\;C:\Program Files\Microsoft SQL Server\150\Tools\Binn\;C:\Program Files (x86)\Microsoft SQL Server\150\DTS\Binn\;C:\Program Files\Microsoft SQL Server\150\DTS\Binn\;C:\Program Files\Microsoft SQL Server\Client SDK\ODBC\170\Tools\Binn\;C:\Program Files\Azure Data Studio\bin;C:\Program Files\Git\cmd;C:\Program Files (x86)\Java\jdk1.8.0_301\bin;C:\Program Files (x86)\apache-maven-3.8.4\bin;C:\Program Files\dotnet\;C:\Program Files\nodejs\;C:\xampp\xxamp\php;;C:\Program Files\Docker\Docker\resources\bin;C:\ProgramData\DockerDesktop\version-bin;C:\Program Files\MySQL\MySQL Shell 8.0\bin\;C:\Users\Dell Vostro 14 3000\AppData\Local\Microsoft\WindowsApps;C:\Program Files\Azure Data Studio\bin;C:\Users\Dell Vostro 14 3000\AppData\Local\Programs\Microsoft VS Code\bin;C:\src\flutter\flutter\bin;C:\Program Files\MongoDB\Server\5.0\bin;C:\Program Files\MongoDB\Server\5.0\bin;C:\win_flex_bison-latest;C:\Users\Dell Vostro 14 3000\anaconda3\condabin;C:\Users\Dell Vostro 14 3000\AppData\Roaming\npm;C:\Program Files\PostgreSQL\14\bin;C:\Program Files\PostgreSQL\11\lib;C:\Program Files\PostgreSQL\11\bin;C:\Program Files\MongoDB\Server\5.0\bin;
USERNAME=Dell Vostro 14 3000
LANG=fr_FR.UTF-8
OS=Windows_NT
PROCESSOR_IDENTIFIER=Intel64 Family 6 Model 140 Stepping 1, GenuineIntel



---------------  S Y S T E M  ---------------

OS:
 Windows 10 , 64 bit Build 19041 (10.0.19041.1889)
OS uptime: 0 days 0:16 hours
Hyper-V role detected

CPU: total 8 (initial active 8) (4 cores per cpu, 2 threads per core) family 6 model 140 stepping 1 microcode 0xa4, cx8, cmov, fxsr, ht, mmx, 3dnowpref, sse, sse2, sse3, ssse3, sse4.1, sse4.2, popcnt, lzcnt, tsc, tscinvbit, avx, avx2, aes, erms, clmul, bmi1, bmi2, adx, avx512f, avx512dq, avx512cd, avx512bw, avx512vl, sha, fma, vzeroupper, avx512_vpopcntdq, avx512_vpclmulqdq, avx512_vaes, avx512_vnni, clflush, clflushopt, clwb, avx512_vbmi2, avx512_vbmi, hv

Memory: 4k page, system-wide physical 16110M (890M free)
TotalPageFile size 46555M (AvailPageFile size 2M)
current process WorkingSet (physical memory assigned to process): 263M, peak: 297M
current process commit charge ("private bytes"): 295M, peak: 381M

vm_info: OpenJDK 64-Bit Server VM (17.0.3+7) for windows-amd64 JRE (17.0.3+7), built on Apr 19 2022 16:55:35 by "" with MS VC++ 16.7 (VS2019)

END.
