#
# There is insufficient memory for the Java Runtime Environment to continue.
# Native memory allocation (mmap) failed to map 314572800 bytes for G1 virtual space
# Possible reasons:
#   The system is out of physical RAM or swap space
#   The process is running with CompressedOops enabled, and the Java Heap may be blocking the growth of the native heap
# Possible solutions:
#   Reduce memory load on the system
#   Increase physical memory or swap space
#   Check if swap backing store is full
#   Decrease Java heap size (-Xmx/-Xms)
#   Decrease number of Java threads
#   Decrease Java thread stack sizes (-Xss)
#   Set larger code cache with -XX:ReservedCodeCacheSize=
#   JVM is running with Zero Based Compressed Oops mode in which the Java heap is
#     placed in the first 32GB address space. The Java Heap base address is the
#     maximum limit for the native heap growth. Please use -XX:HeapBaseMinAddress
#     to set the Java Heap base and to place the Java Heap above 32GB virtual address.
# This output file may be truncated or incomplete.
#
#  Out of Memory Error (os_windows.cpp:3535), pid=10092, tid=10960
#
# JRE version: OpenJDK Runtime Environment Temurin-17.0.3+7 (17.0.3+7) (build 17.0.3+7)
# Java VM: OpenJDK 64-Bit Server VM Temurin-17.0.3+7 (17.0.3+7, mixed mode, emulated-client, tiered, compressed oops, compressed class ptrs, g1 gc, windows-amd64)
# No core dump will be written. Minidumps are not enabled by default on client versions of Windows
#

---------------  S U M M A R Y ------------

Command Line: -Dsts.lsp.client=vscode -Dsts.log.file=/dev/null -XX:TieredStopAtLevel=1 -Dspring.config.location=file:c:\Users\Dell Vostro 14 3000\.vscode\extensions\pivotal.vscode-spring-boot-1.38.0\language-server\BOOT-INF\classes\application.properties org.springframework.ide.vscode.boot.app.BootLanguageServerBootApp

Host: 11th Gen Intel(R) Core(TM) i5-1135G7 @ 2.40GHz, 8 cores, 15G,  Windows 10 , 64 bit Build 19041 (10.0.19041.1889)
Time: Fri Aug 19 17:19:15 2022 Maroc (heure d64 bit Build 19041 (10.0.19041.1889) elapsed time: 14.319585 seconds (0d 0h 0m 14s)

---------------  T H R E A D  ---------------

Current thread (0x000001bc4ac18710):  VMThread "VM Thread" [stack: 0x0000002fb0b00000,0x0000002fb0c00000] [id=10960]

Stack: [0x0000002fb0b00000,0x0000002fb0c00000]
Native frames: (J=compiled Java code, j=interpreted, Vv=VM code, C=native code)
V  [jvm.dll+0x675efa]
V  [jvm.dll+0x830a24]
V  [jvm.dll+0x8321ce]
V  [jvm.dll+0x832833]
V  [jvm.dll+0x2454b5]
V  [jvm.dll+0x672de9]
V  [jvm.dll+0x667732]
V  [jvm.dll+0x3043ab]
V  [jvm.dll+0x30b8f6]
V  [jvm.dll+0x35b62e]
V  [jvm.dll+0x35b85f]
V  [jvm.dll+0x2db248]
V  [jvm.dll+0x2d94fc]
V  [jvm.dll+0x2d8acc]
V  [jvm.dll+0x31ca2b]
V  [jvm.dll+0x836cdb]
V  [jvm.dll+0x837a14]
V  [jvm.dll+0x837f2c]
V  [jvm.dll+0x838304]
V  [jvm.dll+0x8383d0]
V  [jvm.dll+0x7e0cfa]
V  [jvm.dll+0x674d85]
C  [ucrtbase.dll+0x21bb2]
C  [KERNEL32.DLL+0x17034]
C  [ntdll.dll+0x52651]

VM_Operation (0x0000002fb23fdd10): G1CollectForAllocation, mode: safepoint, requested by thread 0x000001bc4cc17e20


---------------  P R O C E S S  ---------------

Threads class SMR info:
_java_thread_list=0x000001bc4ea86da0, length=34, elements={
0x000001bc4ac31390, 0x000001bc4ac31e50, 0x000001bc4ac70130, 0x000001bc4ac71a00,
0x000001bc4ac722c0, 0x000001bc4ac72b80, 0x000001bc4ac7b450, 0x000001bc4ac9fa70,
0x000001bc4ae93f60, 0x000001bc4aea6010, 0x000001bc4ae47f20, 0x000001bc4ae49b20,
0x000001bc4cbb4d90, 0x000001bc4adb6060, 0x000001bc4cc17e20, 0x000001bc4cc182f0,
0x000001bc4ce0b940, 0x000001bc4ca03040, 0x000001bc4ca03510, 0x000001bc4b5f5130,
0x000001bc4b5f5600, 0x000001bc4cc4f100, 0x000001bc4cc4e290, 0x000001bc4cc4e760,
0x000001bc4cc4ec30, 0x000001bc4cc4d8f0, 0x000001bc4cc4ddc0, 0x000001bc4cc4f5d0,
0x000001bc4cc4ff70, 0x000001bc4cc4faa0, 0x000001bc4cc50440, 0x000001bc4cc4d420,
0x000001bc4cc50910, 0x000001bc4cc50de0
}

Java Threads: ( => current thread )
  0x000001bc4ac31390 JavaThread "Reference Handler" daemon [_thread_blocked, id=11548, stack(0x0000002fb0c00000,0x0000002fb0d00000)]
  0x000001bc4ac31e50 JavaThread "Finalizer" daemon [_thread_blocked, id=19416, stack(0x0000002fb0d00000,0x0000002fb0e00000)]
  0x000001bc4ac70130 JavaThread "Signal Dispatcher" daemon [_thread_blocked, id=8868, stack(0x0000002fb0e00000,0x0000002fb0f00000)]
  0x000001bc4ac71a00 JavaThread "Attach Listener" daemon [_thread_blocked, id=16912, stack(0x0000002fb0f00000,0x0000002fb1000000)]
  0x000001bc4ac722c0 JavaThread "Service Thread" daemon [_thread_blocked, id=5432, stack(0x0000002fb1000000,0x0000002fb1100000)]
  0x000001bc4ac72b80 JavaThread "Monitor Deflation Thread" daemon [_thread_blocked, id=12976, stack(0x0000002fb1100000,0x0000002fb1200000)]
  0x000001bc4ac7b450 JavaThread "C1 CompilerThread0" daemon [_thread_blocked, id=15616, stack(0x0000002fb1200000,0x0000002fb1300000)]
  0x000001bc4ac9fa70 JavaThread "Sweeper thread" daemon [_thread_blocked, id=31776, stack(0x0000002fb1300000,0x0000002fb1400000)]
  0x000001bc4ae93f60 JavaThread "Notification Thread" daemon [_thread_blocked, id=25124, stack(0x0000002fb1500000,0x0000002fb1600000)]
  0x000001bc4aea6010 JavaThread "Common-Cleaner" daemon [_thread_blocked, id=2940, stack(0x0000002fb1700000,0x0000002fb1800000)]
  0x000001bc4ae47f20 JavaThread "C1 CompilerThread1" daemon [_thread_blocked, id=10932, stack(0x0000002fb1400000,0x0000002fb1500000)]
  0x000001bc4ae49b20 JavaThread "C1 CompilerThread2" daemon [_thread_blocked, id=14724, stack(0x0000002fb1800000,0x0000002fb1900000)]
  0x000001bc4cbb4d90 JavaThread "ForkJoinPool.commonPool-worker-1" daemon [_thread_blocked, id=24752, stack(0x0000002fb1e00000,0x0000002fb1f00000)]
  0x000001bc4adb6060 JavaThread "ClassGraph-worker-0" daemon [_thread_blocked, id=34288, stack(0x0000002fb2200000,0x0000002fb2300000)]
  0x000001bc4cc17e20 JavaThread "ClassGraph-worker-1" daemon [_thread_blocked, id=2188, stack(0x0000002fb2300000,0x0000002fb2400000)]
  0x000001bc4cc182f0 JavaThread "ClassGraph-worker-2" daemon [_thread_blocked, id=18792, stack(0x0000002fb2400000,0x0000002fb2500000)]
  0x000001bc4ce0b940 JavaThread "ClassGraph-worker-3" daemon [_thread_blocked, id=28864, stack(0x0000002fb2500000,0x0000002fb2600000)]
  0x000001bc4ca03040 JavaThread "ClassGraph-worker-4" daemon [_thread_blocked, id=18116, stack(0x0000002fb2600000,0x0000002fb2700000)]
  0x000001bc4ca03510 JavaThread "ClassGraph-worker-5" daemon [_thread_blocked, id=17192, stack(0x0000002fb2700000,0x0000002fb2800000)]
  0x000001bc4b5f5130 JavaThread "ClassGraph-worker-6" daemon [_thread_blocked, id=2232, stack(0x0000002fb2800000,0x0000002fb2900000)]
  0x000001bc4b5f5600 JavaThread "ClassGraph-worker-7" daemon [_thread_blocked, id=27660, stack(0x0000002fb2900000,0x0000002fb2a00000)]
  0x000001bc4cc4f100 JavaThread "ClassGraph-worker-8" daemon [_thread_blocked, id=21156, stack(0x0000002fb2a00000,0x0000002fb2b00000)]
  0x000001bc4cc4e290 JavaThread "ClassGraph-worker-9" daemon [_thread_blocked, id=30564, stack(0x0000002fb2b00000,0x0000002fb2c00000)]
  0x000001bc4cc4e760 JavaThread "ClassGraph-worker-10" daemon [_thread_blocked, id=22064, stack(0x0000002fb2c00000,0x0000002fb2d00000)]
  0x000001bc4cc4ec30 JavaThread "ClassGraph-worker-11" daemon [_thread_blocked, id=30396, stack(0x0000002fb2d00000,0x0000002fb2e00000)]
  0x000001bc4cc4d8f0 JavaThread "ClassGraph-worker-12" daemon [_thread_blocked, id=10812, stack(0x0000002fb2e00000,0x0000002fb2f00000)]
  0x000001bc4cc4ddc0 JavaThread "ClassGraph-worker-13" daemon [_thread_blocked, id=32164, stack(0x0000002fb2f00000,0x0000002fb3000000)]
  0x000001bc4cc4f5d0 JavaThread "pool-7-thread-1" [_thread_blocked, id=33960, stack(0x0000002fb3000000,0x0000002fb3100000)]
  0x000001bc4cc4ff70 JavaThread "LanguageServerApp-lifecycle" [_thread_blocked, id=33828, stack(0x0000002fb3100000,0x0000002fb3200000)]
  0x000001bc4cc4faa0 JavaThread "DestroyJavaVM" [_thread_blocked, id=32400, stack(0x0000002fb0500000,0x0000002fb0600000)]
  0x000001bc4cc50440 JavaThread "pool-8-thread-1" [_thread_in_native, id=11032, stack(0x0000002fb3200000,0x0000002fb3300000)]
  0x000001bc4cc4d420 JavaThread "Simple-Language-Server main thread" daemon [_thread_blocked, id=6488, stack(0x0000002fb3600000,0x0000002fb3700000)]
  0x000001bc4cc50910 JavaThread "pool-2-thread-1" [_thread_blocked, id=20612, stack(0x0000002fb3700000,0x0000002fb3800000)]
  0x000001bc4cc50de0 JavaThread "parallel-1" daemon [_thread_blocked, id=21708, stack(0x0000002fb3800000,0x0000002fb3900000)]

Other Threads:
=>0x000001bc4ac18710 VMThread "VM Thread" [stack: 0x0000002fb0b00000,0x0000002fb0c00000] [id=10960]
  0x000001bc384f3590 WatcherThread [stack: 0x0000002fb1600000,0x0000002fb1700000] [id=35680]
  0x000001bc384d65d0 GCTaskThread "GC Thread#0" [stack: 0x0000002fb0600000,0x0000002fb0700000] [id=19992]
  0x000001bc4b7fec30 GCTaskThread "GC Thread#1" [stack: 0x0000002fb1900000,0x0000002fb1a00000] [id=24016]
  0x000001bc4c413ba0 GCTaskThread "GC Thread#2" [stack: 0x0000002fb1a00000,0x0000002fb1b00000] [id=16760]
  0x000001bc4b78ca70 GCTaskThread "GC Thread#3" [stack: 0x0000002fb1b00000,0x0000002fb1c00000] [id=32972]
  0x000001bc4c4048b0 GCTaskThread "GC Thread#4" [stack: 0x0000002fb1c00000,0x0000002fb1d00000] [id=35552]
  0x000001bc4c404b60 GCTaskThread "GC Thread#5" [stack: 0x0000002fb1d00000,0x0000002fb1e00000] [id=26604]
  0x000001bc4c623ce0 GCTaskThread "GC Thread#6" [stack: 0x0000002fb1f00000,0x0000002fb2000000] [id=4788]
  0x000001bc4ac81050 GCTaskThread "GC Thread#7" [stack: 0x0000002fb2000000,0x0000002fb2100000] [id=10412]
  0x000001bc384e80e0 ConcurrentGCThread "G1 Main Marker" [stack: 0x0000002fb0700000,0x0000002fb0800000] [id=32300]
  0x000001bc384e8af0 ConcurrentGCThread "G1 Conc#0" [stack: 0x0000002fb0800000,0x0000002fb0900000] [id=16028]
  0x000001bc4c7d0600 ConcurrentGCThread "G1 Conc#1" [stack: 0x0000002fb2100000,0x0000002fb2200000] [id=30776]
  0x000001bc3853d980 ConcurrentGCThread "G1 Refine#0" [stack: 0x0000002fb0900000,0x0000002fb0a00000] [id=8312]
  0x000001bc4e9ff430 ConcurrentGCThread "G1 Refine#1" [stack: 0x0000002fb3300000,0x0000002fb3400000] [id=23156]
  0x000001bc4e9ff710 ConcurrentGCThread "G1 Refine#2" [stack: 0x0000002fb3400000,0x0000002fb3500000] [id=8732]
  0x000001bc4e9ff9f0 ConcurrentGCThread "G1 Refine#3" [stack: 0x0000002fb3500000,0x0000002fb3600000] [id=24520]
  0x000001bc3853e240 ConcurrentGCThread "G1 Service" [stack: 0x0000002fb0a00000,0x0000002fb0b00000] [id=23748]

Threads with active compile tasks:

VM state: at safepoint (normal execution)

VM Mutex/Monitor currently owned by a thread:  ([mutex/lock_event])
[0x000001bc36298b90] Threads_lock - owner thread: 0x000001bc4ac18710
[0x000001bc38468820] Heap_lock - owner thread: 0x000001bc4cc17e20

Heap address: 0x0000000704400000, size: 4028 MB, Compressed Oops mode: Zero based, Oop shift amount: 3

CDS archive(s) not mapped
Compressed class space mapped at: 0x0000000800000000-0x0000000840000000, reserved size: 1073741824
Narrow klass base: 0x0000000800000000, Narrow klass shift: 0, Narrow klass range: 0x40000000

GC Precious Log:
 CPUs: 8 total, 8 available
 Memory: 16110M
 Large Page Support: Disabled
 NUMA Support: Disabled
 Compressed Oops: Enabled (Zero based)
 Heap Region Size: 2M
 Heap Min Capacity: 8M
 Heap Initial Capacity: 252M
 Heap Max Capacity: 4028M
 Pre-touch: Disabled
 Parallel Workers: 8
 Concurrent Workers: 2
 Concurrent Refinement Workers: 8
 Periodic GC: Disabled

Heap:
 garbage-first heap   total 307200K, used 88858K [0x0000000704400000, 0x0000000800000000)
  region size 2048K, 8 young (16384K), 8 survivors (16384K)
 Metaspace       used 35091K, committed 35392K, reserved 1081344K
  class space    used 4559K, committed 4736K, reserved 1048576K

Heap Regions: E=young(eden), S=young(survivor), O=old, HS=humongous(starts), HC=humongous(continues), CS=collection set, F=free, OA=open archive, CA=closed archive, TAMS=top-at-mark-start (previous, next)
|   0|0x0000000704400000, 0x0000000704600000, 0x0000000704600000|100%| O|  |TAMS 0x0000000704600000, 0x0000000704400000| Untracked 
|   1|0x0000000704600000, 0x0000000704800000, 0x0000000704800000|100%| O|  |TAMS 0x0000000704800000, 0x0000000704600000| Untracked 
|   2|0x0000000704800000, 0x0000000704a00000, 0x0000000704a00000|100%| O|  |TAMS 0x0000000704a00000, 0x0000000704800000| Untracked 
|   3|0x0000000704a00000, 0x0000000704c00000, 0x0000000704c00000|100%| O|  |TAMS 0x0000000704a00000, 0x0000000704a00000| Untracked 
|   4|0x0000000704c00000, 0x0000000704e00000, 0x0000000704e00000|100%| O|  |TAMS 0x0000000704c00000, 0x0000000704c00000| Untracked 
|   5|0x0000000704e00000, 0x0000000705000000, 0x0000000705000000|100%| O|  |TAMS 0x0000000704e00000, 0x0000000704e00000| Untracked 
|   6|0x0000000705000000, 0x0000000705200000, 0x0000000705200000|100%| O|  |TAMS 0x0000000705000000, 0x0000000705000000| Untracked 
|   7|0x0000000705200000, 0x0000000705400000, 0x0000000705400000|100%| O|  |TAMS 0x0000000705200000, 0x0000000705200000| Untracked 
|   8|0x0000000705400000, 0x0000000705600000, 0x0000000705600000|100%| O|  |TAMS 0x0000000705400000, 0x0000000705400000| Untracked 
|   9|0x0000000705600000, 0x0000000705800000, 0x0000000705800000|100%| O|  |TAMS 0x0000000705600000, 0x0000000705600000| Untracked 
|  10|0x0000000705800000, 0x0000000705a00000, 0x0000000705a00000|100%| O|  |TAMS 0x0000000705800000, 0x0000000705800000| Untracked 
|  11|0x0000000705a00000, 0x0000000705c00000, 0x0000000705c00000|100%| O|  |TAMS 0x0000000705a00000, 0x0000000705a00000| Untracked 
|  12|0x0000000705c00000, 0x0000000705e00000, 0x0000000705e00000|100%| O|  |TAMS 0x0000000705c00000, 0x0000000705c00000| Untracked 
|  13|0x0000000705e00000, 0x0000000706000000, 0x0000000706000000|100%| O|  |TAMS 0x0000000705e00000, 0x0000000705e00000| Untracked 
|  14|0x0000000706000000, 0x0000000706200000, 0x0000000706200000|100%| O|  |TAMS 0x0000000706000000, 0x0000000706000000| Untracked 
|  15|0x0000000706200000, 0x0000000706400000, 0x0000000706400000|100%| O|  |TAMS 0x0000000706200000, 0x0000000706200000| Untracked 
|  16|0x0000000706400000, 0x0000000706600000, 0x0000000706600000|100%| O|  |TAMS 0x0000000706400000, 0x0000000706400000| Untracked 
|  17|0x0000000706600000, 0x0000000706800000, 0x0000000706800000|100%| O|  |TAMS 0x0000000706600000, 0x0000000706600000| Untracked 
|  18|0x0000000706800000, 0x0000000706a00000, 0x0000000706a00000|100%| O|  |TAMS 0x0000000706800000, 0x0000000706800000| Untracked 
|  19|0x0000000706a00000, 0x0000000706c00000, 0x0000000706c00000|100%| O|  |TAMS 0x0000000706a00000, 0x0000000706a00000| Untracked 
|  20|0x0000000706c00000, 0x0000000706e00000, 0x0000000706e00000|100%| O|  |TAMS 0x0000000706c00000, 0x0000000706c00000| Untracked 
|  21|0x0000000706e00000, 0x0000000707000000, 0x0000000707000000|100%| O|  |TAMS 0x0000000706e00000, 0x0000000706e00000| Untracked 
|  22|0x0000000707000000, 0x0000000707200000, 0x0000000707200000|100%| O|  |TAMS 0x0000000707000000, 0x0000000707000000| Untracked 
|  23|0x0000000707200000, 0x0000000707400000, 0x0000000707400000|100%| O|  |TAMS 0x0000000707200000, 0x0000000707200000| Untracked 
|  24|0x0000000707400000, 0x0000000707600000, 0x0000000707600000|100%| O|  |TAMS 0x0000000707400000, 0x0000000707400000| Untracked 
|  25|0x0000000707600000, 0x0000000707800000, 0x0000000707800000|100%| O|  |TAMS 0x0000000707600000, 0x0000000707600000| Untracked 
|  26|0x0000000707800000, 0x0000000707a00000, 0x0000000707a00000|100%| O|  |TAMS 0x0000000707800000, 0x0000000707800000| Untracked 
|  27|0x0000000707a00000, 0x0000000707c00000, 0x0000000707c00000|100%| O|  |TAMS 0x0000000707a00000, 0x0000000707a00000| Untracked 
|  28|0x0000000707c00000, 0x0000000707e00000, 0x0000000707e00000|100%| O|  |TAMS 0x0000000707c00000, 0x0000000707c00000| Untracked 
|  29|0x0000000707e00000, 0x0000000708000000, 0x0000000708000000|100%| O|  |TAMS 0x0000000707e00000, 0x0000000707e00000| Untracked 
|  30|0x0000000708000000, 0x0000000708200000, 0x0000000708200000|100%| O|  |TAMS 0x0000000708000000, 0x0000000708000000| Untracked 
|  31|0x0000000708200000, 0x0000000708400000, 0x0000000708400000|100%| O|  |TAMS 0x0000000708200000, 0x0000000708200000| Untracked 
|  32|0x0000000708400000, 0x0000000708600000, 0x0000000708600000|100%| O|  |TAMS 0x0000000708400000, 0x0000000708400000| Untracked 
|  33|0x0000000708600000, 0x0000000708800000, 0x0000000708800000|100%| O|  |TAMS 0x0000000708600000, 0x0000000708600000| Untracked 
|  34|0x0000000708800000, 0x0000000708a00000, 0x0000000708a00000|100%| O|  |TAMS 0x0000000708800000, 0x0000000708800000| Untracked 
|  35|0x0000000708a00000, 0x0000000708c00000, 0x0000000708c00000|100%| O|  |TAMS 0x0000000708a00000, 0x0000000708a00000| Untracked 
|  36|0x0000000708c00000, 0x0000000708c75e00, 0x0000000708e00000| 23%| O|  |TAMS 0x0000000708c00000, 0x0000000708c00000| Untracked 
|  37|0x0000000708e00000, 0x0000000708e00000, 0x0000000709000000|  0%| F|  |TAMS 0x0000000708e00000, 0x0000000708e00000| Untracked 
|  38|0x0000000709000000, 0x0000000709000000, 0x0000000709200000|  0%| F|  |TAMS 0x0000000709000000, 0x0000000709000000| Untracked 
|  39|0x0000000709200000, 0x0000000709200000, 0x0000000709400000|  0%| F|  |TAMS 0x0000000709200000, 0x0000000709200000| Untracked 
|  40|0x0000000709400000, 0x0000000709400000, 0x0000000709600000|  0%| F|  |TAMS 0x0000000709400000, 0x0000000709400000| Untracked 
|  41|0x0000000709600000, 0x0000000709600000, 0x0000000709800000|  0%| F|  |TAMS 0x0000000709600000, 0x0000000709600000| Untracked 
|  42|0x0000000709800000, 0x0000000709800000, 0x0000000709a00000|  0%| F|  |TAMS 0x0000000709800000, 0x0000000709800000| Untracked 
|  43|0x0000000709a00000, 0x0000000709a00000, 0x0000000709c00000|  0%| F|  |TAMS 0x0000000709a00000, 0x0000000709a00000| Untracked 
|  44|0x0000000709c00000, 0x0000000709c00000, 0x0000000709e00000|  0%| F|  |TAMS 0x0000000709c00000, 0x0000000709c00000| Untracked 
|  45|0x0000000709e00000, 0x0000000709e00000, 0x000000070a000000|  0%| F|  |TAMS 0x0000000709e00000, 0x0000000709e00000| Untracked 
|  46|0x000000070a000000, 0x000000070a000000, 0x000000070a200000|  0%| F|  |TAMS 0x000000070a000000, 0x000000070a000000| Untracked 
|  47|0x000000070a200000, 0x000000070a200000, 0x000000070a400000|  0%| F|  |TAMS 0x000000070a200000, 0x000000070a200000| Untracked 
|  48|0x000000070a400000, 0x000000070a400000, 0x000000070a600000|  0%| F|  |TAMS 0x000000070a400000, 0x000000070a400000| Untracked 
|  49|0x000000070a600000, 0x000000070a600000, 0x000000070a800000|  0%| F|  |TAMS 0x000000070a600000, 0x000000070a600000| Untracked 
|  50|0x000000070a800000, 0x000000070a800000, 0x000000070aa00000|  0%| F|  |TAMS 0x000000070a800000, 0x000000070a800000| Untracked 
|  51|0x000000070aa00000, 0x000000070aa00000, 0x000000070ac00000|  0%| F|  |TAMS 0x000000070aa00000, 0x000000070aa00000| Untracked 
|  52|0x000000070ac00000, 0x000000070ac00000, 0x000000070ae00000|  0%| F|  |TAMS 0x000000070ac00000, 0x000000070ac00000| Untracked 
|  53|0x000000070ae00000, 0x000000070ae00000, 0x000000070b000000|  0%| F|  |TAMS 0x000000070ae00000, 0x000000070ae00000| Untracked 
|  54|0x000000070b000000, 0x000000070b000000, 0x000000070b200000|  0%| F|  |TAMS 0x000000070b000000, 0x000000070b000000| Untracked 
|  55|0x000000070b200000, 0x000000070b200000, 0x000000070b400000|  0%| F|  |TAMS 0x000000070b200000, 0x000000070b200000| Untracked 
|  56|0x000000070b400000, 0x000000070b450db8, 0x000000070b600000| 15%| S|CS|TAMS 0x000000070b400000, 0x000000070b400000| Complete 
|  57|0x000000070b600000, 0x000000070b800000, 0x000000070b800000|100%| S|CS|TAMS 0x000000070b600000, 0x000000070b600000| Complete 
|  58|0x000000070b800000, 0x000000070ba00000, 0x000000070ba00000|100%| S|CS|TAMS 0x000000070b800000, 0x000000070b800000| Complete 
|  59|0x000000070ba00000, 0x000000070bc00000, 0x000000070bc00000|100%| S|CS|TAMS 0x000000070ba00000, 0x000000070ba00000| Complete 
|  60|0x000000070bc00000, 0x000000070be00000, 0x000000070be00000|100%| S|CS|TAMS 0x000000070bc00000, 0x000000070bc00000| Complete 
|  61|0x000000070be00000, 0x000000070c000000, 0x000000070c000000|100%| S|CS|TAMS 0x000000070be00000, 0x000000070be00000| Complete 
|  62|0x000000070c000000, 0x000000070c200000, 0x000000070c200000|100%| S|CS|TAMS 0x000000070c000000, 0x000000070c000000| Complete 
|  63|0x000000070c200000, 0x000000070c400000, 0x000000070c400000|100%| S|CS|TAMS 0x000000070c200000, 0x000000070c200000| Complete 
|  64|0x000000070c400000, 0x000000070c400000, 0x000000070c600000|  0%| F|  |TAMS 0x000000070c400000, 0x000000070c400000| Untracked 
|  65|0x000000070c600000, 0x000000070c600000, 0x000000070c800000|  0%| F|  |TAMS 0x000000070c600000, 0x000000070c600000| Untracked 
|  66|0x000000070c800000, 0x000000070c800000, 0x000000070ca00000|  0%| F|  |TAMS 0x000000070c800000, 0x000000070c800000| Untracked 
|  67|0x000000070ca00000, 0x000000070ca00000, 0x000000070cc00000|  0%| F|  |TAMS 0x000000070ca00000, 0x000000070ca00000| Untracked 
|  68|0x000000070cc00000, 0x000000070cc00000, 0x000000070ce00000|  0%| F|  |TAMS 0x000000070cc00000, 0x000000070cc00000| Untracked 
|  69|0x000000070ce00000, 0x000000070ce00000, 0x000000070d000000|  0%| F|  |TAMS 0x000000070ce00000, 0x000000070ce00000| Untracked 
|  70|0x000000070d000000, 0x000000070d000000, 0x000000070d200000|  0%| F|  |TAMS 0x000000070d000000, 0x000000070d000000| Untracked 
|  71|0x000000070d200000, 0x000000070d200000, 0x000000070d400000|  0%| F|  |TAMS 0x000000070d200000, 0x000000070d200000| Untracked 
|  72|0x000000070d400000, 0x000000070d400000, 0x000000070d600000|  0%| F|  |TAMS 0x000000070d400000, 0x000000070d400000| Untracked 
|  73|0x000000070d600000, 0x000000070d600000, 0x000000070d800000|  0%| F|  |TAMS 0x000000070d600000, 0x000000070d600000| Untracked 
|  74|0x000000070d800000, 0x000000070d800000, 0x000000070da00000|  0%| F|  |TAMS 0x000000070d800000, 0x000000070d800000| Untracked 
|  75|0x000000070da00000, 0x000000070da00000, 0x000000070dc00000|  0%| F|  |TAMS 0x000000070da00000, 0x000000070da00000| Untracked 
|  76|0x000000070dc00000, 0x000000070dc00000, 0x000000070de00000|  0%| F|  |TAMS 0x000000070dc00000, 0x000000070dc00000| Untracked 
|  77|0x000000070de00000, 0x000000070de00000, 0x000000070e000000|  0%| F|  |TAMS 0x000000070de00000, 0x000000070de00000| Untracked 
|  78|0x000000070e000000, 0x000000070e000000, 0x000000070e200000|  0%| F|  |TAMS 0x000000070e000000, 0x000000070e000000| Untracked 
|  79|0x000000070e200000, 0x000000070e200000, 0x000000070e400000|  0%| F|  |TAMS 0x000000070e200000, 0x000000070e200000| Untracked 
|  80|0x000000070e400000, 0x000000070e400000, 0x000000070e600000|  0%| F|  |TAMS 0x000000070e400000, 0x000000070e400000| Untracked 
|  81|0x000000070e600000, 0x000000070e600000, 0x000000070e800000|  0%| F|  |TAMS 0x000000070e600000, 0x000000070e600000| Untracked 
|  82|0x000000070e800000, 0x000000070e800000, 0x000000070ea00000|  0%| F|  |TAMS 0x000000070e800000, 0x000000070e800000| Untracked 
|  83|0x000000070ea00000, 0x000000070ea00000, 0x000000070ec00000|  0%| F|  |TAMS 0x000000070ea00000, 0x000000070ea00000| Untracked 
|  84|0x000000070ec00000, 0x000000070ec00000, 0x000000070ee00000|  0%| F|  |TAMS 0x000000070ec00000, 0x000000070ec00000| Untracked 
|  85|0x000000070ee00000, 0x000000070ee00000, 0x000000070f000000|  0%| F|  |TAMS 0x000000070ee00000, 0x000000070ee00000| Untracked 
|  86|0x000000070f000000, 0x000000070f000000, 0x000000070f200000|  0%| F|  |TAMS 0x000000070f000000, 0x000000070f000000| Untracked 
|  87|0x000000070f200000, 0x000000070f200000, 0x000000070f400000|  0%| F|  |TAMS 0x000000070f200000, 0x000000070f200000| Untracked 
|  88|0x000000070f400000, 0x000000070f400000, 0x000000070f600000|  0%| F|  |TAMS 0x000000070f400000, 0x000000070f400000| Untracked 
|  89|0x000000070f600000, 0x000000070f600000, 0x000000070f800000|  0%| F|  |TAMS 0x000000070f600000, 0x000000070f600000| Untracked 
|  90|0x000000070f800000, 0x000000070f800000, 0x000000070fa00000|  0%| F|  |TAMS 0x000000070f800000, 0x000000070f800000| Untracked 
|  91|0x000000070fa00000, 0x000000070fa00000, 0x000000070fc00000|  0%| F|  |TAMS 0x000000070fa00000, 0x000000070fa00000| Untracked 
|  92|0x000000070fc00000, 0x000000070fc00000, 0x000000070fe00000|  0%| F|  |TAMS 0x000000070fc00000, 0x000000070fc00000| Untracked 
|  93|0x000000070fe00000, 0x000000070fe00000, 0x0000000710000000|  0%| F|  |TAMS 0x000000070fe00000, 0x000000070fe00000| Untracked 
|  94|0x0000000710000000, 0x0000000710000000, 0x0000000710200000|  0%| F|  |TAMS 0x0000000710000000, 0x0000000710000000| Untracked 
|  95|0x0000000710200000, 0x0000000710200000, 0x0000000710400000|  0%| F|  |TAMS 0x0000000710200000, 0x0000000710200000| Untracked 
|  96|0x0000000710400000, 0x0000000710400000, 0x0000000710600000|  0%| F|  |TAMS 0x0000000710400000, 0x0000000710400000| Untracked 
|  97|0x0000000710600000, 0x0000000710600000, 0x0000000710800000|  0%| F|  |TAMS 0x0000000710600000, 0x0000000710600000| Untracked 
|  98|0x0000000710800000, 0x0000000710800000, 0x0000000710a00000|  0%| F|  |TAMS 0x0000000710800000, 0x0000000710800000| Untracked 
|  99|0x0000000710a00000, 0x0000000710a00000, 0x0000000710c00000|  0%| F|  |TAMS 0x0000000710a00000, 0x0000000710a00000| Untracked 
| 100|0x0000000710c00000, 0x0000000710c00000, 0x0000000710e00000|  0%| F|  |TAMS 0x0000000710c00000, 0x0000000710c00000| Untracked 
| 101|0x0000000710e00000, 0x0000000710e00000, 0x0000000711000000|  0%| F|  |TAMS 0x0000000710e00000, 0x0000000710e00000| Untracked 
| 102|0x0000000711000000, 0x0000000711000000, 0x0000000711200000|  0%| F|  |TAMS 0x0000000711000000, 0x0000000711000000| Untracked 
| 103|0x0000000711200000, 0x0000000711200000, 0x0000000711400000|  0%| F|  |TAMS 0x0000000711200000, 0x0000000711200000| Untracked 
| 104|0x0000000711400000, 0x0000000711400000, 0x0000000711600000|  0%| F|  |TAMS 0x0000000711400000, 0x0000000711400000| Untracked 
| 105|0x0000000711600000, 0x0000000711600000, 0x0000000711800000|  0%| F|  |TAMS 0x0000000711600000, 0x0000000711600000| Untracked 
| 106|0x0000000711800000, 0x0000000711800000, 0x0000000711a00000|  0%| F|  |TAMS 0x0000000711800000, 0x0000000711800000| Untracked 
| 107|0x0000000711a00000, 0x0000000711a00000, 0x0000000711c00000|  0%| F|  |TAMS 0x0000000711a00000, 0x0000000711a00000| Untracked 
| 108|0x0000000711c00000, 0x0000000711c00000, 0x0000000711e00000|  0%| F|  |TAMS 0x0000000711c00000, 0x0000000711c00000| Untracked 
| 109|0x0000000711e00000, 0x0000000711e00000, 0x0000000712000000|  0%| F|  |TAMS 0x0000000711e00000, 0x0000000711e00000| Untracked 
| 110|0x0000000712000000, 0x0000000712000000, 0x0000000712200000|  0%| F|  |TAMS 0x0000000712000000, 0x0000000712000000| Untracked 
| 111|0x0000000712200000, 0x0000000712200000, 0x0000000712400000|  0%| F|  |TAMS 0x0000000712200000, 0x0000000712200000| Untracked 
| 112|0x0000000712400000, 0x0000000712400000, 0x0000000712600000|  0%| F|  |TAMS 0x0000000712400000, 0x0000000712400000| Untracked 
| 113|0x0000000712600000, 0x0000000712600000, 0x0000000712800000|  0%| F|  |TAMS 0x0000000712600000, 0x0000000712600000| Untracked 
| 114|0x0000000712800000, 0x0000000712800000, 0x0000000712a00000|  0%| F|  |TAMS 0x0000000712800000, 0x0000000712800000| Untracked 
| 115|0x0000000712a00000, 0x0000000712a00000, 0x0000000712c00000|  0%| F|  |TAMS 0x0000000712a00000, 0x0000000712a00000| Untracked 
| 116|0x0000000712c00000, 0x0000000712c00000, 0x0000000712e00000|  0%| F|  |TAMS 0x0000000712c00000, 0x0000000712c00000| Untracked 
| 117|0x0000000712e00000, 0x0000000712e00000, 0x0000000713000000|  0%| F|  |TAMS 0x0000000712e00000, 0x0000000712e00000| Untracked 
| 118|0x0000000713000000, 0x0000000713000000, 0x0000000713200000|  0%| F|  |TAMS 0x0000000713000000, 0x0000000713000000| Untracked 
| 119|0x0000000713200000, 0x0000000713200000, 0x0000000713400000|  0%| F|  |TAMS 0x0000000713200000, 0x0000000713200000| Untracked 
| 120|0x0000000713400000, 0x0000000713400000, 0x0000000713600000|  0%| F|  |TAMS 0x0000000713400000, 0x0000000713400000| Untracked 
| 121|0x0000000713600000, 0x0000000713600000, 0x0000000713800000|  0%| F|  |TAMS 0x0000000713600000, 0x0000000713600000| Untracked 
| 122|0x0000000713800000, 0x0000000713800000, 0x0000000713a00000|  0%| F|  |TAMS 0x0000000713800000, 0x0000000713800000| Untracked 
| 123|0x0000000713a00000, 0x0000000713a00000, 0x0000000713c00000|  0%| F|  |TAMS 0x0000000713a00000, 0x0000000713a00000| Untracked 
| 124|0x0000000713c00000, 0x0000000713c00000, 0x0000000713e00000|  0%| F|  |TAMS 0x0000000713c00000, 0x0000000713c00000| Untracked 
| 125|0x0000000713e00000, 0x0000000713e00000, 0x0000000714000000|  0%| F|  |TAMS 0x0000000713e00000, 0x0000000713e00000| Untracked 
| 126|0x0000000714000000, 0x0000000714000000, 0x0000000714200000|  0%| F|  |TAMS 0x0000000714000000, 0x0000000714000000| Untracked 
| 127|0x0000000714200000, 0x0000000714200000, 0x0000000714400000|  0%| F|  |TAMS 0x0000000714200000, 0x0000000714200000| Untracked 
| 128|0x0000000714400000, 0x0000000714400000, 0x0000000714600000|  0%| F|  |TAMS 0x0000000714400000, 0x0000000714400000| Untracked 
| 129|0x0000000714600000, 0x0000000714600000, 0x0000000714800000|  0%| F|  |TAMS 0x0000000714600000, 0x0000000714600000| Untracked 
| 130|0x0000000714800000, 0x0000000714800000, 0x0000000714a00000|  0%| F|  |TAMS 0x0000000714800000, 0x0000000714800000| Untracked 
| 131|0x0000000714a00000, 0x0000000714a00000, 0x0000000714c00000|  0%| F|  |TAMS 0x0000000714a00000, 0x0000000714a00000| Untracked 
| 132|0x0000000714c00000, 0x0000000714c00000, 0x0000000714e00000|  0%| F|  |TAMS 0x0000000714c00000, 0x0000000714c00000| Untracked 
| 133|0x0000000714e00000, 0x0000000714e00000, 0x0000000715000000|  0%| F|  |TAMS 0x0000000714e00000, 0x0000000714e00000| Untracked 
| 134|0x0000000715000000, 0x0000000715000000, 0x0000000715200000|  0%| F|  |TAMS 0x0000000715000000, 0x0000000715000000| Untracked 
| 135|0x0000000715200000, 0x0000000715200000, 0x0000000715400000|  0%| F|  |TAMS 0x0000000715200000, 0x0000000715200000| Untracked 
| 136|0x0000000715400000, 0x0000000715400000, 0x0000000715600000|  0%| F|  |TAMS 0x0000000715400000, 0x0000000715400000| Untracked 
| 137|0x0000000715600000, 0x0000000715600000, 0x0000000715800000|  0%| F|  |TAMS 0x0000000715600000, 0x0000000715600000| Untracked 
| 138|0x0000000715800000, 0x0000000715800000, 0x0000000715a00000|  0%| F|  |TAMS 0x0000000715800000, 0x0000000715800000| Untracked 
| 139|0x0000000715a00000, 0x0000000715a00000, 0x0000000715c00000|  0%| F|  |TAMS 0x0000000715a00000, 0x0000000715a00000| Untracked 
| 140|0x0000000715c00000, 0x0000000715c00000, 0x0000000715e00000|  0%| F|  |TAMS 0x0000000715c00000, 0x0000000715c00000| Untracked 
| 141|0x0000000715e00000, 0x0000000715e00000, 0x0000000716000000|  0%| F|  |TAMS 0x0000000715e00000, 0x0000000715e00000| Untracked 
| 142|0x0000000716000000, 0x0000000716000000, 0x0000000716200000|  0%| F|  |TAMS 0x0000000716000000, 0x0000000716000000| Untracked 
| 143|0x0000000716200000, 0x0000000716200000, 0x0000000716400000|  0%| F|  |TAMS 0x0000000716200000, 0x0000000716200000| Untracked 
| 144|0x0000000716400000, 0x0000000716400000, 0x0000000716600000|  0%| F|  |TAMS 0x0000000716400000, 0x0000000716400000| Untracked 
| 145|0x0000000716600000, 0x0000000716600000, 0x0000000716800000|  0%| F|  |TAMS 0x0000000716600000, 0x0000000716600000| Untracked 
| 146|0x0000000716800000, 0x0000000716800000, 0x0000000716a00000|  0%| F|  |TAMS 0x0000000716800000, 0x0000000716800000| Untracked 
| 147|0x0000000716a00000, 0x0000000716a00000, 0x0000000716c00000|  0%| F|  |TAMS 0x0000000716a00000, 0x0000000716a00000| Untracked 
| 148|0x0000000716c00000, 0x0000000716c00000, 0x0000000716e00000|  0%| F|  |TAMS 0x0000000716c00000, 0x0000000716c00000| Untracked 
| 149|0x0000000716e00000, 0x0000000716e00000, 0x0000000717000000|  0%| F|  |TAMS 0x0000000716e00000, 0x0000000716e00000| Untracked 

Card table byte_map: [0x000001bc3e9e0000,0x000001bc3f1c0000] _byte_map_base: 0x000001bc3b1be000

Marking Bits (Prev, Next): (CMBitMap*) 0x000001bc384d7c30, (CMBitMap*) 0x000001bc384d7bf0
 Prev Bits: [0x000001bc43890000, 0x000001bc47780000)
 Next Bits: [0x000001bc3f9a0000, 0x000001bc43890000)

Polling page: 0x000001bc36600000

Metaspace:

Usage:
  Non-class:     29.82 MB used.
      Class:      4.45 MB used.
       Both:     34.27 MB used.

Virtual space:
  Non-class space:       32.00 MB reserved,      29.94 MB ( 94%) committed,  4 nodes.
      Class space:        1.00 GB reserved,       4.62 MB ( <1%) committed,  1 nodes.
             Both:        1.03 GB reserved,      34.56 MB (  3%) committed. 

Chunk freelists:
   Non-Class:  2.00 MB
       Class:  3.42 MB
        Both:  5.42 MB

MaxMetaspaceSize: unlimited
CompressedClassSpaceSize: 1.00 GB
Initial GC threshold: 21.00 MB
Current GC threshold: 35.31 MB
CDS: off
MetaspaceReclaimPolicy: balanced
 - commit_granule_bytes: 65536.
 - commit_granule_words: 8192.
 - virtual_space_node_default_size: 1048576.
 - enlarge_chunks_in_place: 1.
 - new_chunks_are_fully_committed: 0.
 - uncommit_free_chunks: 1.
 - use_allocation_guard: 0.
 - handle_deallocations: 1.


Internal statistics:

num_allocs_failed_limit: 5.
num_arena_births: 302.
num_arena_deaths: 0.
num_vsnodes_births: 5.
num_vsnodes_deaths: 0.
num_space_committed: 553.
num_space_uncommitted: 0.
num_chunks_returned_to_freelist: 5.
num_chunks_taken_from_freelist: 1287.
num_chunk_merges: 5.
num_chunk_splits: 892.
num_chunks_enlarged: 700.
num_purges: 0.
num_inconsistent_stats: 0.

CodeCache: size=49152Kb used=8706Kb max_used=8706Kb free=40445Kb
 bounds [0x000001bc3b0f0000, 0x000001bc3b980000, 0x000001bc3e0f0000]
 total_blobs=4278 nmethods=3753 adapters=449
 compilation: enabled
              stopped_count=0, restarted_count=0
 full_count=0

Compilation events (20 events):
Event: 14.034 Thread 0x000001bc4ae47f20 nmethod 3727 0x000001bc3b968b10 code [0x000001bc3b968ca0, 0x000001bc3b968d88]
Event: 14.035 Thread 0x000001bc4ac7b450 nmethod 3719 0x000001bc3b968e10 code [0x000001bc3b969660, 0x000001bc3b96c528]
Event: 14.081 Thread 0x000001bc4ae47f20 3745       1       java.util.concurrent.ConcurrentHashMap::resizeStamp (9 bytes)
Event: 14.081 Thread 0x000001bc4ac7b450 3746       1       java.util.concurrent.ConcurrentHashMap::helpTransfer (123 bytes)
Event: 14.081 Thread 0x000001bc4ae47f20 nmethod 3745 0x000001bc3b96e490 code [0x000001bc3b96e620, 0x000001bc3b96e6e8]
Event: 14.082 Thread 0x000001bc4ac7b450 nmethod 3746 0x000001bc3b96e790 code [0x000001bc3b96e940, 0x000001bc3b96ebf8]
Event: 14.272 Thread 0x000001bc4ae47f20 3747       1       java.util.concurrent.locks.ReentrantLock$NonfairSync::tryAcquire (27 bytes)
Event: 14.272 Thread 0x000001bc4ae47f20 nmethod 3747 0x000001bc3b96ed90 code [0x000001bc3b96ef20, 0x000001bc3b96f0b8]
Event: 14.274 Thread 0x000001bc4ae47f20 3748       1       io.github.classgraph.ModuleRef::getReference (5 bytes)
Event: 14.274 Thread 0x000001bc4ae47f20 nmethod 3748 0x000001bc3b96f110 code [0x000001bc3b96f2a0, 0x000001bc3b96f378]
Event: 14.300 Thread 0x000001bc4ae47f20 3749   !   1       jdk.internal.module.SystemModuleFinders$SystemModuleReader::checkPermissionToConnect (38 bytes)
Event: 14.300 Thread 0x000001bc4ae49b20 3751       1       jdk.internal.module.SystemModuleFinders$2::get (5 bytes)
Event: 14.300 Thread 0x000001bc4ac7b450 3750   !   1       jdk.internal.module.ModuleReferenceImpl::open (19 bytes)
Event: 14.300 Thread 0x000001bc4ae49b20 nmethod 3751 0x000001bc3b96f410 code [0x000001bc3b96f5a0, 0x000001bc3b96f748]
Event: 14.300 Thread 0x000001bc4ae47f20 nmethod 3749 0x000001bc3b96f810 code [0x000001bc3b96f9e0, 0x000001bc3b96fc08]
Event: 14.300 Thread 0x000001bc4ae49b20 3752       1       jdk.internal.module.SystemModuleFinders$2::get (16 bytes)
Event: 14.301 Thread 0x000001bc4ac7b450 nmethod 3750 0x000001bc3b96fe10 code [0x000001bc3b96ffc0, 0x000001bc3b970158]
Event: 14.301 Thread 0x000001bc4ae47f20 3753       1       jdk.internal.module.SystemModuleFinders$SystemModuleReader::<init> (14 bytes)
Event: 14.301 Thread 0x000001bc4ae49b20 nmethod 3752 0x000001bc3b970290 code [0x000001bc3b970420, 0x000001bc3b9705c8]
Event: 14.301 Thread 0x000001bc4ae47f20 nmethod 3753 0x000001bc3b970690 code [0x000001bc3b970820, 0x000001bc3b970968]

GC Heap History (20 events):
Event: 13.015 GC heap after
{Heap after GC invocations=9 (full 0):
 garbage-first heap   total 49152K, used 19018K [0x0000000704400000, 0x0000000800000000)
  region size 2048K, 2 young (4096K), 2 survivors (4096K)
 Metaspace       used 32008K, committed 32256K, reserved 1081344K
  class space    used 4038K, committed 4160K, reserved 1048576K
}
Event: 13.062 GC heap before
{Heap before GC invocations=9 (full 0):
 garbage-first heap   total 49152K, used 31306K [0x0000000704400000, 0x0000000800000000)
  region size 2048K, 9 young (18432K), 2 survivors (4096K)
 Metaspace       used 32164K, committed 32448K, reserved 1081344K
  class space    used 4064K, committed 4160K, reserved 1048576K
}
Event: 13.073 GC heap after
{Heap after GC invocations=10 (full 0):
 garbage-first heap   total 49152K, used 21855K [0x0000000704400000, 0x0000000800000000)
  region size 2048K, 2 young (4096K), 2 survivors (4096K)
 Metaspace       used 32164K, committed 32448K, reserved 1081344K
  class space    used 4064K, committed 4160K, reserved 1048576K
}
Event: 13.107 GC heap before
{Heap before GC invocations=10 (full 0):
 garbage-first heap   total 49152K, used 30047K [0x0000000704400000, 0x0000000800000000)
  region size 2048K, 7 young (14336K), 2 survivors (4096K)
 Metaspace       used 32220K, committed 32448K, reserved 1081344K
  class space    used 4075K, committed 4160K, reserved 1048576K
}
Event: 13.111 GC heap after
{Heap after GC invocations=11 (full 0):
 garbage-first heap   total 153600K, used 24067K [0x0000000704400000, 0x0000000800000000)
  region size 2048K, 1 young (2048K), 1 survivors (2048K)
 Metaspace       used 32220K, committed 32448K, reserved 1081344K
  class space    used 4075K, committed 4160K, reserved 1048576K
}
Event: 13.359 GC heap before
{Heap before GC invocations=11 (full 0):
 garbage-first heap   total 153600K, used 103939K [0x0000000704400000, 0x0000000800000000)
  region size 2048K, 40 young (81920K), 1 survivors (2048K)
 Metaspace       used 33432K, committed 33728K, reserved 1081344K
  class space    used 4253K, committed 4416K, reserved 1048576K
}
Event: 13.373 GC heap after
{Heap after GC invocations=12 (full 0):
 garbage-first heap   total 153600K, used 40339K [0x0000000704400000, 0x0000000800000000)
  region size 2048K, 5 young (10240K), 5 survivors (10240K)
 Metaspace       used 33432K, committed 33728K, reserved 1081344K
  class space    used 4253K, committed 4416K, reserved 1048576K
}
Event: 13.978 GC heap before
{Heap before GC invocations=12 (full 0):
 garbage-first heap   total 153600K, used 93587K [0x0000000704400000, 0x0000000800000000)
  region size 2048K, 32 young (65536K), 5 survivors (10240K)
 Metaspace       used 34978K, committed 35264K, reserved 1081344K
  class space    used 4543K, committed 4672K, reserved 1048576K
}
Event: 13.998 GC heap after
{Heap after GC invocations=13 (full 0):
 garbage-first heap   total 153600K, used 56925K [0x0000000704400000, 0x0000000800000000)
  region size 2048K, 4 young (8192K), 4 survivors (8192K)
 Metaspace       used 34978K, committed 35264K, reserved 1081344K
  class space    used 4543K, committed 4672K, reserved 1048576K
}
Event: 14.020 GC heap before
{Heap before GC invocations=13 (full 0):
 garbage-first heap   total 153600K, used 97885K [0x0000000704400000, 0x0000000800000000)
  region size 2048K, 25 young (51200K), 4 survivors (8192K)
 Metaspace       used 35011K, committed 35264K, reserved 1081344K
  class space    used 4552K, committed 4672K, reserved 1048576K
}
Event: 14.028 GC heap after
{Heap after GC invocations=14 (full 0):
 garbage-first heap   total 153600K, used 61063K [0x0000000704400000, 0x0000000800000000)
  region size 2048K, 2 young (4096K), 2 survivors (4096K)
 Metaspace       used 35011K, committed 35264K, reserved 1081344K
  class space    used 4552K, committed 4672K, reserved 1048576K
}
Event: 14.042 GC heap before
{Heap before GC invocations=14 (full 0):
 garbage-first heap   total 153600K, used 104071K [0x0000000704400000, 0x0000000800000000)
  region size 2048K, 24 young (49152K), 2 survivors (4096K)
 Metaspace       used 35091K, committed 35392K, reserved 1081344K
  class space    used 4558K, committed 4736K, reserved 1048576K
}
Event: 14.045 GC heap after
{Heap after GC invocations=15 (full 0):
 garbage-first heap   total 307200K, used 61941K [0x0000000704400000, 0x0000000800000000)
  region size 2048K, 2 young (4096K), 2 survivors (4096K)
 Metaspace       used 35091K, committed 35392K, reserved 1081344K
  class space    used 4558K, committed 4736K, reserved 1048576K
}
Event: 14.117 GC heap before
{Heap before GC invocations=15 (full 0):
 garbage-first heap   total 307200K, used 211445K [0x0000000704400000, 0x0000000800000000)
  region size 2048K, 76 young (155648K), 2 survivors (4096K)
 Metaspace       used 35091K, committed 35392K, reserved 1081344K
  class space    used 4558K, committed 4736K, reserved 1048576K
}
Event: 14.122 GC heap after
{Heap after GC invocations=16 (full 0):
 garbage-first heap   total 307200K, used 67752K [0x0000000704400000, 0x0000000800000000)
  region size 2048K, 5 young (10240K), 5 survivors (10240K)
 Metaspace       used 35091K, committed 35392K, reserved 1081344K
  class space    used 4558K, committed 4736K, reserved 1048576K
}
Event: 14.171 GC heap before
{Heap before GC invocations=16 (full 0):
 garbage-first heap   total 307200K, used 229544K [0x0000000704400000, 0x0000000800000000)
  region size 2048K, 85 young (174080K), 5 survivors (10240K)
 Metaspace       used 35091K, committed 35392K, reserved 1081344K
  class space    used 4558K, committed 4736K, reserved 1048576K
}
Event: 14.178 GC heap after
{Heap after GC invocations=17 (full 0):
 garbage-first heap   total 307200K, used 74676K [0x0000000704400000, 0x0000000800000000)
  region size 2048K, 9 young (18432K), 9 survivors (18432K)
 Metaspace       used 35091K, committed 35392K, reserved 1081344K
  class space    used 4558K, committed 4736K, reserved 1048576K
}
Event: 14.233 GC heap before
{Heap before GC invocations=17 (full 0):
 garbage-first heap   total 307200K, used 234420K [0x0000000704400000, 0x0000000800000000)
  region size 2048K, 88 young (180224K), 9 survivors (18432K)
 Metaspace       used 35091K, committed 35392K, reserved 1081344K
  class space    used 4559K, committed 4736K, reserved 1048576K
}
Event: 14.244 GC heap after
{Heap after GC invocations=18 (full 0):
 garbage-first heap   total 307200K, used 81009K [0x0000000704400000, 0x0000000800000000)
  region size 2048K, 7 young (14336K), 7 survivors (14336K)
 Metaspace       used 35091K, committed 35392K, reserved 1081344K
  class space    used 4559K, committed 4736K, reserved 1048576K
}
Event: 14.306 GC heap before
{Heap before GC invocations=18 (full 0):
 garbage-first heap   total 307200K, used 242801K [0x0000000704400000, 0x0000000800000000)
  region size 2048K, 87 young (178176K), 7 survivors (14336K)
 Metaspace       used 35091K, committed 35392K, reserved 1081344K
  class space    used 4559K, committed 4736K, reserved 1048576K
}

Deoptimization events (18 events):
Event: 7.674 Thread 0x000001bc38469190 DEOPT PACKING pc=0x000001bc3b2325e5 sp=0x0000002fb05fb670
Event: 7.674 Thread 0x000001bc38469190 DEOPT UNPACKING pc=0x000001bc3b146763 sp=0x0000002fb05fabd8 mode 3
Event: 8.238 Thread 0x000001bc38469190 DEOPT PACKING pc=0x000001bc3b496201 sp=0x0000002fb05fddd0
Event: 8.238 Thread 0x000001bc38469190 DEOPT UNPACKING pc=0x000001bc3b146763 sp=0x0000002fb05fd240 mode 3
Event: 9.108 Thread 0x000001bc38469190 DEOPT PACKING pc=0x000001bc3b5b25f9 sp=0x0000002fb05fd580
Event: 9.108 Thread 0x000001bc38469190 DEOPT UNPACKING pc=0x000001bc3b146763 sp=0x0000002fb05fca60 mode 3
Event: 10.116 Thread 0x000001bc38469190 DEOPT PACKING pc=0x000001bc3b67b601 sp=0x0000002fb05fd030
Event: 10.116 Thread 0x000001bc38469190 DEOPT UNPACKING pc=0x000001bc3b146763 sp=0x0000002fb05fc4a0 mode 3
Event: 12.792 Thread 0x000001bc38469190 DEOPT PACKING pc=0x000001bc3b720579 sp=0x0000002fb05fcaf0
Event: 12.792 Thread 0x000001bc38469190 DEOPT UNPACKING pc=0x000001bc3b146763 sp=0x0000002fb05fbfd0 mode 3
Event: 12.812 Thread 0x000001bc4cbb4d90 DEOPT PACKING pc=0x000001bc3b761013 sp=0x0000002fb1efe4f0
Event: 12.812 Thread 0x000001bc4cbb4d90 DEOPT UNPACKING pc=0x000001bc3b146763 sp=0x0000002fb1efda38 mode 3
Event: 13.117 Thread 0x000001bc4ca03040 DEOPT PACKING pc=0x000001bc3b5b0c09 sp=0x0000002fb26fee70
Event: 13.117 Thread 0x000001bc4ca03040 DEOPT UNPACKING pc=0x000001bc3b146763 sp=0x0000002fb26fe300 mode 3
Event: 13.523 Thread 0x000001bc4cc4d420 DEOPT PACKING pc=0x000001bc3b90156d sp=0x0000002fb36fdbc0
Event: 13.523 Thread 0x000001bc4cc4d420 DEOPT UNPACKING pc=0x000001bc3b146763 sp=0x0000002fb36fd0e8 mode 3
Event: 13.710 Thread 0x000001bc4cc4ec30 DEOPT PACKING pc=0x000001bc3b5a901f sp=0x0000002fb2dff140
Event: 13.710 Thread 0x000001bc4cc4ec30 DEOPT UNPACKING pc=0x000001bc3b146763 sp=0x0000002fb2dfe598 mode 3

Classes unloaded (0 events):
No events

Classes redefined (0 events):
No events

Internal exceptions (20 events):
Event: 12.954 Thread 0x000001bc4cc17e20 Exception <a 'sun/nio/fs/WindowsException'{0x000000071224f688}> (0x000000071224f688) 
thrown [e:\jenkins\tmp\workspace\build\src\src\hotspot\share\prims\jni.cpp, line 516]
Event: 13.120 Thread 0x000001bc38469190 Exception <a 'java/lang/NoSuchMethodError'{0x0000000713eda520}: 'java.lang.Object java.lang.invoke.DirectMethodHandle$Holder.newInvokeSpecial(java.lang.Object, java.lang.Object, int, java.lang.Object, java.lang.Object)'> (0x0000000713eda520) 
thrown [e:\jenkins\tmp\workspace\build\src\src\hotspot\share\interpreter\linkResolver.cpp, line 766]
Event: 13.518 Thread 0x000001bc4cc4d420 Exception <a 'java/lang/NoSuchMethodError'{0x000000070c828938}: 'java.lang.Object java.lang.invoke.DirectMethodHandle$Holder.invokeStatic(java.lang.Object, int, java.lang.Object)'> (0x000000070c828938) 
thrown [e:\jenkins\tmp\workspace\build\src\src\hotspot\share\interpreter\linkResolver.cpp, line 766]
Event: 13.519 Thread 0x000001bc4cc50440 Exception <a 'java/lang/NoSuchMethodError'{0x000000070c858278}: 'java.lang.Object java.lang.invoke.DirectMethodHandle$Holder.invokeStatic(java.lang.Object, java.lang.Object, java.lang.Object, int, java.lang.Object, java.lang.Object)'> (0x000000070c858278) 
thrown [e:\jenkins\tmp\workspace\build\src\src\hotspot\share\interpreter\linkResolver.cpp, line 766]
Event: 13.544 Thread 0x000001bc4cc50440 Exception <a 'java/lang/reflect/InvocationTargetException'{0x000000070c608fb8}> (0x000000070c608fb8) 
thrown [e:\jenkins\tmp\workspace\build\src\src\hotspot\share\runtime\reflection.cpp, line 1121]
Event: 13.550 Thread 0x000001bc4cc50440 Exception <a 'java/lang/reflect/InvocationTargetException'{0x000000070c689338}> (0x000000070c689338) 
thrown [e:\jenkins\tmp\workspace\build\src\src\hotspot\share\runtime\reflection.cpp, line 1121]
Event: 13.552 Thread 0x000001bc4cc50440 Exception <a 'java/lang/reflect/InvocationTargetException'{0x000000070c6b8a10}> (0x000000070c6b8a10) 
thrown [e:\jenkins\tmp\workspace\build\src\src\hotspot\share\runtime\reflection.cpp, line 1121]
Event: 13.554 Thread 0x000001bc4cc50440 Exception <a 'java/lang/reflect/InvocationTargetException'{0x000000070c6e7a10}> (0x000000070c6e7a10) 
thrown [e:\jenkins\tmp\workspace\build\src\src\hotspot\share\runtime\reflection.cpp, line 1121]
Event: 13.556 Thread 0x000001bc4cc50440 Exception <a 'java/lang/reflect/InvocationTargetException'{0x000000070c719b68}> (0x000000070c719b68) 
thrown [e:\jenkins\tmp\workspace\build\src\src\hotspot\share\runtime\reflection.cpp, line 1121]
Event: 13.557 Thread 0x000001bc4cc50440 Exception <a 'java/lang/reflect/InvocationTargetException'{0x000000070c746c90}> (0x000000070c746c90) 
thrown [e:\jenkins\tmp\workspace\build\src\src\hotspot\share\runtime\reflection.cpp, line 1121]
Event: 13.559 Thread 0x000001bc4cc50440 Exception <a 'java/lang/reflect/InvocationTargetException'{0x000000070c796298}> (0x000000070c796298) 
thrown [e:\jenkins\tmp\workspace\build\src\src\hotspot\share\runtime\reflection.cpp, line 1121]
Event: 13.561 Thread 0x000001bc4cc50440 Exception <a 'java/lang/reflect/InvocationTargetException'{0x000000070c7db5b8}> (0x000000070c7db5b8) 
thrown [e:\jenkins\tmp\workspace\build\src\src\hotspot\share\runtime\reflection.cpp, line 1121]
Event: 13.562 Thread 0x000001bc4cc50440 Exception <a 'java/lang/reflect/InvocationTargetException'{0x000000070c410b18}> (0x000000070c410b18) 
thrown [e:\jenkins\tmp\workspace\build\src\src\hotspot\share\runtime\reflection.cpp, line 1121]
Event: 13.564 Thread 0x000001bc4cc50440 Exception <a 'java/lang/reflect/InvocationTargetException'{0x000000070c448888}> (0x000000070c448888) 
thrown [e:\jenkins\tmp\workspace\build\src\src\hotspot\share\runtime\reflection.cpp, line 1121]
Event: 13.565 Thread 0x000001bc4cc50440 Exception <a 'java/lang/reflect/InvocationTargetException'{0x000000070c4645b0}> (0x000000070c4645b0) 
thrown [e:\jenkins\tmp\workspace\build\src\src\hotspot\share\runtime\reflection.cpp, line 1121]
Event: 13.567 Thread 0x000001bc4cc50440 Exception <a 'java/lang/reflect/InvocationTargetException'{0x000000070c47a860}> (0x000000070c47a860) 
thrown [e:\jenkins\tmp\workspace\build\src\src\hotspot\share\runtime\reflection.cpp, line 1121]
Event: 13.568 Thread 0x000001bc4cc50440 Exception <a 'java/lang/reflect/InvocationTargetException'{0x000000070c4b8d40}> (0x000000070c4b8d40) 
thrown [e:\jenkins\tmp\workspace\build\src\src\hotspot\share\runtime\reflection.cpp, line 1121]
Event: 13.651 Thread 0x000001bc4cc4d420 Exception <a 'java/lang/NoSuchMethodError'{0x000000070c0c7b58}: 'int java.lang.invoke.DirectMethodHandle$Holder.invokeStatic(java.lang.Object)'> (0x000000070c0c7b58) 
thrown [e:\jenkins\tmp\workspace\build\src\src\hotspot\share\interpreter\linkResolver.cpp, line 766]
Event: 13.651 Thread 0x000001bc4cc4d420 Exception <a 'java/lang/NoSuchMethodError'{0x000000070c0cb2b0}: 'int java.lang.invoke.DirectMethodHandle$Holder.invokeStaticInit(java.lang.Object)'> (0x000000070c0cb2b0) 
thrown [e:\jenkins\tmp\workspace\build\src\src\hotspot\share\interpreter\linkResolver.cpp, line 766]
Event: 13.670 Thread 0x000001bc4cc50440 Exception <a 'java/lang/NoSuchMethodError'{0x000000070c1c6088}: 'int java.lang.invoke.DirectMethodHandle$Holder.invokeVirtual(java.lang.Object, java.lang.Object)'> (0x000000070c1c6088) 
thrown [e:\jenkins\tmp\workspace\build\src\src\hotspot\share\interpreter\linkResolver.cpp, line 766]

VM Operations (20 events):
Event: 14.019 Executing VM operation: HandshakeAllThreads done
Event: 14.020 Executing VM operation: G1CollectForAllocation
Event: 14.020 Executing VM operation: G1CollectForAllocation done
Event: 14.020 Executing VM operation: G1CollectForAllocation
Event: 14.029 Executing VM operation: G1CollectForAllocation done
Event: 14.042 Executing VM operation: G1CollectForAllocation
Event: 14.046 Executing VM operation: G1CollectForAllocation done
Event: 14.116 Executing VM operation: G1CollectForAllocation
Event: 14.117 Executing VM operation: G1CollectForAllocation done
Event: 14.117 Executing VM operation: G1CollectForAllocation
Event: 14.122 Executing VM operation: G1CollectForAllocation done
Event: 14.171 Executing VM operation: G1CollectForAllocation
Event: 14.171 Executing VM operation: G1CollectForAllocation done
Event: 14.171 Executing VM operation: G1CollectForAllocation
Event: 14.178 Executing VM operation: G1CollectForAllocation done
Event: 14.233 Executing VM operation: G1CollectForAllocation
Event: 14.244 Executing VM operation: G1CollectForAllocation done
Event: 14.306 Executing VM operation: G1CollectForAllocation
Event: 14.306 Executing VM operation: G1CollectForAllocation done
Event: 14.306 Executing VM operation: G1CollectForAllocation

Events (20 events):
Event: 13.545 loading class java/util/logging/LogRecord done
Event: 13.545 loading class java/util/concurrent/atomic/AtomicLongFieldUpdater$CASUpdater$1 done
Event: 13.546 loading class java/io/PrintWriter
Event: 13.547 loading class java/io/PrintWriter done
Event: 13.583 loading class java/util/concurrent/CompletableFuture$UniApply
Event: 13.583 loading class java/util/concurrent/CompletableFuture$UniApply done
Event: 13.584 Thread 0x000001bc4cc50910 Thread added: 0x000001bc4cc50910
Event: 13.584 loading class java/util/concurrent/CompletableFuture$UniExceptionally
Event: 13.584 loading class java/util/concurrent/CompletableFuture$UniExceptionally done
Event: 13.659 Thread 0x000001bc4cc50de0 Thread added: 0x000001bc4cc50de0
Event: 13.664 loading class java/util/concurrent/CompletionException
Event: 13.664 loading class java/util/concurrent/CompletionException done
Event: 13.673 loading class sun/nio/cs/StringUTF16
Event: 13.673 loading class sun/nio/cs/StringUTF16 done
Event: 13.675 loading class java/util/WeakHashMap$EntrySet
Event: 13.675 loading class java/util/WeakHashMap$EntrySet done
Event: 13.675 loading class java/util/WeakHashMap$EntryIterator
Event: 13.675 loading class java/util/WeakHashMap$HashIterator
Event: 13.676 loading class java/util/WeakHashMap$HashIterator done
Event: 13.676 loading class java/util/WeakHashMap$EntryIterator done


Dynamic libraries:
0x00007ff65efd0000 - 0x00007ff65efde000 	c:\Users\Dell Vostro 14 3000\.vscode\extensions\redhat.java-1.9.0-win32-x64\jre\17.0.3-win32-x86_64\bin\java.exe
0x00007ffb4dbd0000 - 0x00007ffb4ddc8000 	C:\Windows\SYSTEM32\ntdll.dll
0x00007ffb4d210000 - 0x00007ffb4d2cd000 	C:\Windows\System32\KERNEL32.DLL
0x00007ffb4b590000 - 0x00007ffb4b85e000 	C:\Windows\System32\KERNELBASE.dll
0x00007ffb4b360000 - 0x00007ffb4b460000 	C:\Windows\System32\ucrtbase.dll
0x00007ffb1aad0000 - 0x00007ffb1aae8000 	c:\Users\Dell Vostro 14 3000\.vscode\extensions\redhat.java-1.9.0-win32-x64\jre\17.0.3-win32-x86_64\bin\jli.dll
0x00007ffb03950000 - 0x00007ffb03969000 	c:\Users\Dell Vostro 14 3000\.vscode\extensions\redhat.java-1.9.0-win32-x64\jre\17.0.3-win32-x86_64\bin\VCRUNTIME140.dll
0x00007ffb4d8b0000 - 0x00007ffb4da50000 	C:\Windows\System32\USER32.dll
0x00007ffb4bbb0000 - 0x00007ffb4bbd2000 	C:\Windows\System32\win32u.dll
0x00007ffb21350000 - 0x00007ffb215ea000 	C:\Windows\WinSxS\amd64_microsoft.windows.common-controls_6595b64144ccf1df_6.0.19041.1110_none_60b5254171f9507e\COMCTL32.dll
0x00007ffb4c910000 - 0x00007ffb4c93a000 	C:\Windows\System32\GDI32.dll
0x00007ffb4bd50000 - 0x00007ffb4bdee000 	C:\Windows\System32\msvcrt.dll
0x00007ffb4b890000 - 0x00007ffb4b99b000 	C:\Windows\System32\gdi32full.dll
0x00007ffb4b460000 - 0x00007ffb4b4fd000 	C:\Windows\System32\msvcp_win.dll
0x00007ffb4c300000 - 0x00007ffb4c330000 	C:\Windows\System32\IMM32.DLL
0x00007ffb37f20000 - 0x00007ffb37f2c000 	c:\Users\Dell Vostro 14 3000\.vscode\extensions\redhat.java-1.9.0-win32-x64\jre\17.0.3-win32-x86_64\bin\vcruntime140_1.dll
0x00007ffacf6e0000 - 0x00007ffacf771000 	c:\Users\Dell Vostro 14 3000\.vscode\extensions\redhat.java-1.9.0-win32-x64\jre\17.0.3-win32-x86_64\bin\msvcp140.dll
0x00007ffac14f0000 - 0x00007ffac2138000 	c:\Users\Dell Vostro 14 3000\.vscode\extensions\redhat.java-1.9.0-win32-x64\jre\17.0.3-win32-x86_64\bin\server\jvm.dll
0x00007ffb4d770000 - 0x00007ffb4d81e000 	C:\Windows\System32\ADVAPI32.dll
0x00007ffb4d2d0000 - 0x00007ffb4d36c000 	C:\Windows\System32\sechost.dll
0x00007ffb4d5e0000 - 0x00007ffb4d705000 	C:\Windows\System32\RPCRT4.dll
0x00007ffb4d820000 - 0x00007ffb4d828000 	C:\Windows\System32\PSAPI.DLL
0x00007ffb337c0000 - 0x00007ffb337e7000 	C:\Windows\SYSTEM32\WINMM.dll
0x00007ffb466e0000 - 0x00007ffb466ea000 	C:\Windows\SYSTEM32\VERSION.dll
0x00007ffb2c970000 - 0x00007ffb2c979000 	C:\Windows\SYSTEM32\WSOCK32.dll
0x00007ffb4db20000 - 0x00007ffb4db8b000 	C:\Windows\System32\WS2_32.dll
0x00007ffb49b40000 - 0x00007ffb49b52000 	C:\Windows\SYSTEM32\kernel.appcore.dll
0x00007ffb36bb0000 - 0x00007ffb36bba000 	c:\Users\Dell Vostro 14 3000\.vscode\extensions\redhat.java-1.9.0-win32-x64\jre\17.0.3-win32-x86_64\bin\jimage.dll
0x00007ffb49090000 - 0x00007ffb49274000 	C:\Windows\SYSTEM32\DBGHELP.DLL
0x00007ffb426b0000 - 0x00007ffb426dc000 	C:\Windows\SYSTEM32\dbgcore.DLL
0x00007ffb4b500000 - 0x00007ffb4b582000 	C:\Windows\System32\bcryptPrimitives.dll
0x00007ffb00080000 - 0x00007ffb000a5000 	c:\Users\Dell Vostro 14 3000\.vscode\extensions\redhat.java-1.9.0-win32-x64\jre\17.0.3-win32-x86_64\bin\java.dll
0x00007ffaec730000 - 0x00007ffaec748000 	c:\Users\Dell Vostro 14 3000\.vscode\extensions\redhat.java-1.9.0-win32-x64\jre\17.0.3-win32-x86_64\bin\zip.dll
0x00007ffb4cac0000 - 0x00007ffb4d204000 	C:\Windows\System32\SHELL32.dll
0x00007ffb49280000 - 0x00007ffb49a14000 	C:\Windows\SYSTEM32\windows.storage.dll
0x00007ffb4bfa0000 - 0x00007ffb4c2f4000 	C:\Windows\System32\combase.dll
0x00007ffb4ac00000 - 0x00007ffb4ac30000 	C:\Windows\SYSTEM32\Wldp.dll
0x00007ffb4bca0000 - 0x00007ffb4bd4d000 	C:\Windows\System32\SHCORE.dll
0x00007ffb4ca60000 - 0x00007ffb4cab5000 	C:\Windows\System32\shlwapi.dll
0x00007ffb4b230000 - 0x00007ffb4b24f000 	C:\Windows\SYSTEM32\profapi.dll
0x00007ffaec570000 - 0x00007ffaec589000 	C:\Users\Dell Vostro 14 3000\.vscode\extensions\redhat.java-1.9.0-win32-x64\jre\17.0.3-win32-x86_64\bin\net.dll
0x00007ffb46b80000 - 0x00007ffb46c8a000 	C:\Windows\SYSTEM32\WINHTTP.dll
0x00007ffb4a9e0000 - 0x00007ffb4aa4a000 	C:\Windows\system32\mswsock.dll
0x00007ffaec550000 - 0x00007ffaec565000 	C:\Users\Dell Vostro 14 3000\.vscode\extensions\redhat.java-1.9.0-win32-x64\jre\17.0.3-win32-x86_64\bin\nio.dll
0x00007ffb35cf0000 - 0x00007ffb35d00000 	c:\Users\Dell Vostro 14 3000\.vscode\extensions\redhat.java-1.9.0-win32-x64\jre\17.0.3-win32-x86_64\bin\verify.dll
0x00007ffb37e00000 - 0x00007ffb37e09000 	C:\Users\Dell Vostro 14 3000\.vscode\extensions\redhat.java-1.9.0-win32-x64\jre\17.0.3-win32-x86_64\bin\management.dll
0x00007ffb37df0000 - 0x00007ffb37dfb000 	C:\Users\Dell Vostro 14 3000\.vscode\extensions\redhat.java-1.9.0-win32-x64\jre\17.0.3-win32-x86_64\bin\management_ext.dll
0x00007ffb28860000 - 0x00007ffb28877000 	C:\Windows\system32\napinsp.dll
0x00007ffb28840000 - 0x00007ffb2885b000 	C:\Windows\system32\pnrpnsp.dll
0x00007ffb28820000 - 0x00007ffb28835000 	C:\Windows\system32\wshbth.dll
0x00007ffb46c90000 - 0x00007ffb46cad000 	C:\Windows\system32\NLAapi.dll
0x00007ffb4a690000 - 0x00007ffb4a6cb000 	C:\Windows\SYSTEM32\IPHLPAPI.DLL
0x00007ffb4a6d0000 - 0x00007ffb4a79a000 	C:\Windows\SYSTEM32\DNSAPI.dll
0x00007ffb4d4a0000 - 0x00007ffb4d4a8000 	C:\Windows\System32\NSI.dll
0x00007ffb28800000 - 0x00007ffb28812000 	C:\Windows\System32\winrnr.dll
0x00007ffb45170000 - 0x00007ffb4517a000 	C:\Windows\System32\rasadhlp.dll
0x00007ffb44160000 - 0x00007ffb441e0000 	C:\Windows\System32\fwpuclnt.dll
0x00007ffb4b860000 - 0x00007ffb4b887000 	C:\Windows\System32\bcrypt.dll
0x00007ffb4acb0000 - 0x00007ffb4acc8000 	C:\Windows\SYSTEM32\CRYPTSP.dll
0x00007ffb4a320000 - 0x00007ffb4a354000 	C:\Windows\system32\rsaenh.dll
0x00007ffb4b1b0000 - 0x00007ffb4b1de000 	C:\Windows\SYSTEM32\USERENV.dll
0x00007ffb4ab70000 - 0x00007ffb4ab7c000 	C:\Windows\SYSTEM32\CRYPTBASE.dll
0x00007ffb45ae0000 - 0x00007ffb45af7000 	C:\Windows\SYSTEM32\dhcpcsvc6.DLL
0x00007ffb45ac0000 - 0x00007ffb45add000 	C:\Windows\SYSTEM32\dhcpcsvc.DLL

dbghelp: loaded successfully - version: 4.0.5 - missing functions: none
symbol engine: initialized successfully - sym options: 0x614 - pdb path: .;c:\Users\Dell Vostro 14 3000\.vscode\extensions\redhat.java-1.9.0-win32-x64\jre\17.0.3-win32-x86_64\bin;C:\Windows\SYSTEM32;C:\Windows\WinSxS\amd64_microsoft.windows.common-controls_6595b64144ccf1df_6.0.19041.1110_none_60b5254171f9507e;c:\Users\Dell Vostro 14 3000\.vscode\extensions\redhat.java-1.9.0-win32-x64\jre\17.0.3-win32-x86_64\bin\server

VM Arguments:
jvm_args: -Dsts.lsp.client=vscode -Dsts.log.file=/dev/null -XX:TieredStopAtLevel=1 -Dspring.config.location=file:c:\Users\Dell Vostro 14 3000\.vscode\extensions\pivotal.vscode-spring-boot-1.38.0\language-server\BOOT-INF\classes\application.properties 
java_command: org.springframework.ide.vscode.boot.app.BootLanguageServerBootApp
java_class_path (initial): c:\Users\Dell Vostro 14 3000\.vscode\extensions\pivotal.vscode-spring-boot-1.38.0\language-server\BOOT-INF\classes;c:\Users\Dell Vostro 14 3000\.vscode\extensions\pivotal.vscode-spring-boot-1.38.0\language-server\BOOT-INF\lib\annotations-23.0.0.jar;c:\Users\Dell Vostro 14 3000\.vscode\extensions\pivotal.vscode-spring-boot-1.38.0\language-server\BOOT-INF\lib\antlr-runtime-3.5.2.jar;c:\Users\Dell Vostro 14 3000\.vscode\extensions\pivotal.vscode-spring-boot-1.38.0\language-server\BOOT-INF\lib\antlr4-4.9.3.jar;c:\Users\Dell Vostro 14 3000\.vscode\extensions\pivotal.vscode-spring-boot-1.38.0\language-server\BOOT-INF\lib\antlr4-runtime-4.9.3.jar;c:\Users\Dell Vostro 14 3000\.vscode\extensions\pivotal.vscode-spring-boot-1.38.0\language-server\BOOT-INF\lib\asm-9.3.jar;c:\Users\Dell Vostro 14 3000\.vscode\extensions\pivotal.vscode-spring-boot-1.38.0\language-server\BOOT-INF\lib\asm-analysis-9.3.jar;c:\Users\Dell Vostro 14 3000\.vscode\extensions\pivotal.vscode-spring-boot-1.38.0\language-server\BOOT-INF\lib\asm-tree-9.3.jar;c:\Users\Dell Vostro 14 3000\.vscode\extensions\pivotal.vscode-spring-boot-1.38.0\language-server\BOOT-INF\lib\asm-util-9.3.jar;c:\Users\Dell Vostro 14 3000\.vscode\extensions\pivotal.vscode-spring-boot-1.38.0\language-server\BOOT-INF\lib\byte-buddy-1.10.18.jar;c:\Users\Dell Vostro 14 3000\.vscode\extensions\pivotal.vscode-spring-boot-1.38.0\language-server\BOOT-INF\lib\caffeine-2.8.6.jar;c:\Users\Dell Vostro 14 3000\.vscode\extensions\pivotal.vscode-spring-boot-1.38.0\language-server\BOOT-INF\lib\checker-qual-3.12.0.jar;c:\Users\Dell Vostro 14 3000\.vscode\extensions\pivotal.vscode-spring-boot-1.38.0\language-server\BOOT-INF\lib\classgraph-4.8.149.jar;c:\Users\Dell Vostro 14 3000\.vscode\extensions\pivotal.vscode-spring-boot-1.38.0\language-server\BOOT-INF\lib\commons-codec-1.14.jar;c:\Users\Dell Vostro 14 3000\.vscode\extensions\pivotal.vscode-spring-boot-1.38.0\language-server\BOOT-INF\lib\commons-compress-1.21.jar;c:\Users
Launcher Type: SUN_STANDARD

[Global flags]
     intx CICompilerCount                          = 4                                         {product} {ergonomic}
     uint ConcGCThreads                            = 2                                         {product} {ergonomic}
     uint G1ConcRefinementThreads                  = 8                                         {product} {ergonomic}
   size_t G1HeapRegionSize                         = 2097152                                   {product} {ergonomic}
    uintx GCDrainStackTargetSize                   = 64                                        {product} {ergonomic}
   size_t InitialHeapSize                          = 264241152                                 {product} {ergonomic}
   size_t MarkStackSize                            = 4194304                                   {product} {ergonomic}
   size_t MaxHeapSize                              = 4223664128                                {product} {ergonomic}
   size_t MaxNewSize                               = 2533359616                                {product} {ergonomic}
   size_t MinHeapDeltaBytes                        = 2097152                                   {product} {ergonomic}
   size_t MinHeapSize                              = 8388608                                   {product} {ergonomic}
    uintx NonProfiledCodeHeapSize                  = 0                                      {pd product} {ergonomic}
     bool ProfileInterpreter                       = false                                  {pd product} {command line}
    uintx ProfiledCodeHeapSize                     = 0                                      {pd product} {ergonomic}
   size_t SoftMaxHeapSize                          = 4223664128                             {manageable} {ergonomic}
     intx TieredStopAtLevel                        = 1                                         {product} {command line}
     bool UseCompressedClassPointers               = true                           {product lp64_product} {ergonomic}
     bool UseCompressedOops                        = true                           {product lp64_product} {ergonomic}
     bool UseG1GC                                  = true                                      {product} {ergonomic}
     bool UseLargePagesIndividualAllocation        = false                                  {pd product} {ergonomic}

Logging:
Log output configuration:
 #0: stdout all=warning uptime,level,tags
 #1: stderr all=off uptime,level,tags

Environment Variables:
JAVA_HOME=C:\Program Files (x86)\Java\jdk1.8.0_301
PATH=C:\Oracl19c\WINDOWS.X64_193000_db_home\bin;C:\oracle19c\WINDOWS.X64_193000_db_home\bin;C:\orrc\WINDOWS.X64_193000_db_home\bin;C:\OC\Oracle\bin;C:\Dell\Oracle\Oraclee\bin;C:\Program Files (x86)\Common Files\Oracle\Java\javapath;C:\Program Files\Microsoft MPI\Bin\;C:\Windows\system32;C:\Windows;C:\Windows\System32\Wbem;C:\Windows\System32\WindowsPowerShell\v1.0\;C:\Windows\System32\OpenSSH\;C:\Program Files (x86)\Microsoft SQL Server\150\Tools\Binn\;C:\Program Files\Microsoft SQL Server\150\Tools\Binn\;C:\Program Files (x86)\Microsoft SQL Server\150\DTS\Binn\;C:\Program Files\Microsoft SQL Server\150\DTS\Binn\;C:\Program Files\Microsoft SQL Server\Client SDK\ODBC\170\Tools\Binn\;C:\Program Files\Azure Data Studio\bin;C:\Program Files\Git\cmd;C:\Program Files (x86)\Java\jdk1.8.0_301\bin;C:\Program Files (x86)\apache-maven-3.8.4\bin;C:\Program Files\dotnet\;C:\Program Files\nodejs\;C:\xampp\xxamp\php;;C:\Program Files\Docker\Docker\resources\bin;C:\ProgramData\DockerDesktop\version-bin;C:\Program Files\MySQL\MySQL Shell 8.0\bin\;C:\Users\Dell Vostro 14 3000\AppData\Local\Microsoft\WindowsApps;C:\Program Files\Azure Data Studio\bin;C:\Users\Dell Vostro 14 3000\AppData\Local\Programs\Microsoft VS Code\bin;C:\src\flutter\flutter\bin;C:\Program Files\MongoDB\Server\5.0\bin;C:\Program Files\MongoDB\Server\5.0\bin;C:\win_flex_bison-latest;C:\Users\Dell Vostro 14 3000\anaconda3\condabin;C:\Users\Dell Vostro 14 3000\AppData\Roaming\npm;C:\Program Files\PostgreSQL\14\bin;C:\Program Files\PostgreSQL\11\lib;C:\Program Files\PostgreSQL\11\bin;C:\Program Files\MongoDB\Server\5.0\bin;
USERNAME=Dell Vostro 14 3000
OS=Windows_NT
PROCESSOR_IDENTIFIER=Intel64 Family 6 Model 140 Stepping 1, GenuineIntel



---------------  S Y S T E M  ---------------

OS:
 Windows 10 , 64 bit Build 19041 (10.0.19041.1889)
OS uptime: 8 days 2:42 hours
Hyper-V role detected

CPU: total 8 (initial active 8) (4 cores per cpu, 2 threads per core) family 6 model 140 stepping 1 microcode 0xa4, cx8, cmov, fxsr, ht, mmx, 3dnowpref, sse, sse2, sse3, ssse3, sse4.1, sse4.2, popcnt, lzcnt, tsc, tscinvbit, avx, avx2, aes, erms, clmul, bmi1, bmi2, adx, avx512f, avx512dq, avx512cd, avx512bw, avx512vl, sha, fma, vzeroupper, avx512_vpopcntdq, avx512_vpclmulqdq, avx512_vaes, avx512_vnni, clflush, clflushopt, clwb, avx512_vbmi2, avx512_vbmi, hv

Memory: 4k page, system-wide physical 16110M (133M free)
TotalPageFile size 41519M (AvailPageFile size 41M)
current process WorkingSet (physical memory assigned to process): 411M, peak: 411M
current process commit charge ("private bytes"): 445M, peak: 745M

vm_info: OpenJDK 64-Bit Server VM (17.0.3+7) for windows-amd64 JRE (17.0.3+7), built on Apr 19 2022 16:55:35 by "" with MS VC++ 16.7 (VS2019)

END.
